[1.417s] Invoking command in '/home/turtlebot4/training_code/src/qr_track_alvar': PYTHONPATH=/home/turtlebot4/training_code/build/qr_track_alvar/prefix_override:/usr/lib/python3/dist-packages/colcon_core/task/python/colcon_distutils_commands:/home/turtlebot4/training_code/install/qr_track_alvar/lib/python3.10/site-packages:${PYTHONPATH} /usr/bin/python3 -W ignore:setup.py install is deprecated -W ignore:easy_install command is deprecated setup.py egg_info --egg-base ../../build/qr_track_alvar build --build-base /home/turtlebot4/training_code/build/qr_track_alvar/build install --record /home/turtlebot4/training_code/build/qr_track_alvar/install.log --single-version-externally-managed install_data
[1.935s] running egg_info
[1.937s] writing ../../build/qr_track_alvar/qr_track_alvar.egg-info/PKG-INFO
[1.937s] writing dependency_links to ../../build/qr_track_alvar/qr_track_alvar.egg-info/dependency_links.txt
[1.938s] writing entry points to ../../build/qr_track_alvar/qr_track_alvar.egg-info/entry_points.txt
[1.938s] writing requirements to ../../build/qr_track_alvar/qr_track_alvar.egg-info/requires.txt
[1.938s] writing top-level names to ../../build/qr_track_alvar/qr_track_alvar.egg-info/top_level.txt
[1.943s] reading manifest file '../../build/qr_track_alvar/qr_track_alvar.egg-info/SOURCES.txt'
[1.944s] writing manifest file '../../build/qr_track_alvar/qr_track_alvar.egg-info/SOURCES.txt'
[1.944s] running build
[1.945s] running build_py
[1.945s] copying qr_track_alvar/__init__.py -> /home/turtlebot4/training_code/build/qr_track_alvar/build/lib/qr_track_alvar
[1.948s] running install
[1.949s] running install_lib
[1.950s] copying /home/turtlebot4/training_code/build/qr_track_alvar/build/lib/qr_track_alvar/__init__.py -> /home/turtlebot4/training_code/install/qr_track_alvar/lib/python3.10/site-packages/qr_track_alvar
[1.951s] byte-compiling /home/turtlebot4/training_code/install/qr_track_alvar/lib/python3.10/site-packages/qr_track_alvar/__init__.py to __init__.cpython-310.pyc
[1.952s] byte-compiling /home/turtlebot4/training_code/install/qr_track_alvar/lib/python3.10/site-packages/qr_track_alvar/decodeimg.py to decodeimg.cpython-310.pyc
[1.953s] byte-compiling /home/turtlebot4/training_code/install/qr_track_alvar/lib/python3.10/site-packages/qr_track_alvar/qr_track_alvar.py to qr_track_alvar.cpython-310.pyc
[1.954s] running install_data
[1.955s] copying resource/qr_track_alvar -> /home/turtlebot4/training_code/install/qr_track_alvar/share/ament_index/resource_index/packages
[1.955s] copying package.xml -> /home/turtlebot4/training_code/install/qr_track_alvar/share/qr_track_alvar
[1.955s] running install_egg_info
[1.959s] Copying ../../build/qr_track_alvar/qr_track_alvar.egg-info to /home/turtlebot4/training_code/install/qr_track_alvar/lib/python3.10/site-packages/qr_track_alvar-0.0.0-py3.10.egg-info
[1.961s] running install_scripts
[2.001s] Installing qr_track_alvar script to /home/turtlebot4/training_code/install/qr_track_alvar/lib/qr_track_alvar
[2.001s] writing list of installed files to '/home/turtlebot4/training_code/build/qr_track_alvar/install.log'
[2.065s] Invoked command in '/home/turtlebot4/training_code/src/qr_track_alvar' returned '0': PYTHONPATH=/home/turtlebot4/training_code/build/qr_track_alvar/prefix_override:/usr/lib/python3/dist-packages/colcon_core/task/python/colcon_distutils_commands:/home/turtlebot4/training_code/install/qr_track_alvar/lib/python3.10/site-packages:${PYTHONPATH} /usr/bin/python3 -W ignore:setup.py install is deprecated -W ignore:easy_install command is deprecated setup.py egg_info --egg-base ../../build/qr_track_alvar build --build-base /home/turtlebot4/training_code/build/qr_track_alvar/build install --record /home/turtlebot4/training_code/build/qr_track_alvar/install.log --single-version-externally-managed install_data
