[0.068s] Invoking command in '/home/turtlebot4/training_code/build/turtlebot4_msgs': CMAKE_PREFIX_PATH=/home/turtlebot4/ros3_ws/install/qr_track_alvar:/opt/ros/humble /usr/bin/cmake --build /home/turtlebot4/training_code/build/turtlebot4_msgs -- -j8 -l8
[1.228s] -- Found ament_cmake: 1.3.14 (/opt/ros/humble/share/ament_cmake/cmake)
[1.228s] -- Found ament_lint_auto: 0.12.15 (/opt/ros/humble/share/ament_lint_auto/cmake)
[1.228s] -- Found rosidl_default_generators: 1.2.1 (/opt/ros/humble/share/rosidl_default_generators/cmake)
[1.228s] -- Using all available rosidl_typesupport_c: rosidl_typesupport_fastrtps_c;rosidl_typesupport_introspection_c
[1.229s] -- Found rosidl_adapter: 3.1.8 (/opt/ros/humble/share/rosidl_adapter/cmake)
[1.229s] -- Using all available rosidl_typesupport_cpp: rosidl_typesupport_fastrtps_cpp;rosidl_typesupport_introspection_cpp
[1.229s] -- Found std_msgs: 4.9.1 (/opt/ros/humble/share/std_msgs/cmake)
[1.229s] -- Found ament_cmake_ros: 0.10.0 (/opt/ros/humble/share/ament_cmake_ros/cmake)
[1.492s] -- Using all available rosidl_typesupport_c: rosidl_typesupport_fastrtps_c;rosidl_typesupport_introspection_c
[1.960s] -- Using all available rosidl_typesupport_cpp: rosidl_typesupport_fastrtps_cpp;rosidl_typesupport_introspection_cpp
[2.008s] -- Found python_cmake_module: 0.10.0 (/opt/ros/humble/share/python_cmake_module/cmake)
[2.062s] -- Using PYTHON_EXECUTABLE: /usr/bin/python3
[2.062s] -- Using PYTHON_INCLUDE_DIRS: /usr/include/python3.10
[2.062s] -- Using PYTHON_LIBRARIES: /usr/lib/aarch64-linux-gnu/libpython3.10.so
[2.215s] -- Added test 'copyright' to check source files copyright and LICENSE
[2.219s] -- Added test 'lint_cmake' to check CMake code style
[2.222s] -- Added test 'xmllint' to check XML markup files
[2.235s] -- Configuring done
[2.317s] -- Generating done
[2.339s] -- Build files have been written to: /home/turtlebot4/training_code/build/turtlebot4_msgs
[2.388s] [35m[1mConsolidate compiler generated dependencies of target turtlebot4_msgs__rosidl_generator_c[0m
[2.407s] [  2%] Built target turtlebot4_msgs__cpp
[2.414s] [  4%] [34m[1mGenerating Rust code for ROS interfaces[0m
[2.420s] [  6%] [32m[1mLinking C shared library libturtlebot4_msgs__rosidl_generator_c.so[0m
[2.425s] [35m[1mConsolidate compiler generated dependencies of target turtlebot4_msgs__rosidl_typesupport_introspection_cpp[0m
[2.435s] [35m[1mConsolidate compiler generated dependencies of target turtlebot4_msgs__rosidl_typesupport_fastrtps_cpp[0m
[2.441s] [  6%] Built target ament_cmake_python_copy_turtlebot4_msgs
[2.441s] [35m[1mConsolidate compiler generated dependencies of target turtlebot4_msgs__rosidl_typesupport_cpp[0m
[2.467s] [ 10%] [32m[1mLinking CXX shared library libturtlebot4_msgs__rosidl_typesupport_cpp.so[0m
[2.468s] [ 10%] [32mBuilding CXX object CMakeFiles/turtlebot4_msgs__rosidl_typesupport_fastrtps_cpp.dir/rosidl_typesupport_fastrtps_cpp/turtlebot4_msgs/msg/detail/dds_fastrtps/user_button__type_support.cpp.o[0m
[2.471s] [ 12%] [32mBuilding CXX object CMakeFiles/turtlebot4_msgs__rosidl_typesupport_fastrtps_cpp.dir/rosidl_typesupport_fastrtps_cpp/turtlebot4_msgs/msg/detail/dds_fastrtps/user_led__type_support.cpp.o[0m
[2.483s] [ 14%] [32m[1mLinking CXX shared library libturtlebot4_msgs__rosidl_typesupport_introspection_cpp.so[0m
[2.486s] [ 16%] [32mBuilding CXX object CMakeFiles/turtlebot4_msgs__rosidl_typesupport_fastrtps_cpp.dir/rosidl_typesupport_fastrtps_cpp/turtlebot4_msgs/msg/detail/dds_fastrtps/user_display__type_support.cpp.o[0m
[2.508s] [ 25%] Built target turtlebot4_msgs__rosidl_generator_c
[2.541s] [35m[1mConsolidate compiler generated dependencies of target turtlebot4_msgs__rosidl_typesupport_c[0m
[2.571s] [ 33%] Built target turtlebot4_msgs__rosidl_typesupport_cpp
[2.588s] [ 35%] [32m[1mLinking CXX shared library libturtlebot4_msgs__rosidl_typesupport_c.so[0m
[2.621s] [35m[1mConsolidate compiler generated dependencies of target turtlebot4_msgs__rosidl_typesupport_fastrtps_c[0m
[2.651s] [ 37%] [32mBuilding CXX object CMakeFiles/turtlebot4_msgs__rosidl_typesupport_fastrtps_c.dir/rosidl_typesupport_fastrtps_c/turtlebot4_msgs/msg/detail/user_led__type_support_c.cpp.o[0m
[2.690s] [ 45%] Built target turtlebot4_msgs__rosidl_typesupport_introspection_cpp
[2.708s] [ 54%] Built target turtlebot4_msgs__rosidl_typesupport_c
[2.745s] [35m[1mConsolidate compiler generated dependencies of target turtlebot4_msgs__rosidl_typesupport_introspection_c[0m
[2.754s] [ 56%] [32mBuilding CXX object CMakeFiles/turtlebot4_msgs__rosidl_typesupport_fastrtps_c.dir/rosidl_typesupport_fastrtps_c/turtlebot4_msgs/msg/detail/user_button__type_support_c.cpp.o[0m
[2.781s] [ 58%] [32m[1mLinking C shared library libturtlebot4_msgs__rosidl_typesupport_introspection_c.so[0m
[2.913s] [ 66%] Built target turtlebot4_msgs__rosidl_typesupport_introspection_c
[2.931s] [ 68%] [32mBuilding CXX object CMakeFiles/turtlebot4_msgs__rosidl_typesupport_fastrtps_c.dir/rosidl_typesupport_fastrtps_c/turtlebot4_msgs/msg/detail/user_display__type_support_c.cpp.o[0m
[3.142s] running egg_info
[3.144s] writing turtlebot4_msgs.egg-info/PKG-INFO
[3.146s] writing dependency_links to turtlebot4_msgs.egg-info/dependency_links.txt
[3.147s] writing top-level names to turtlebot4_msgs.egg-info/top_level.txt
[3.155s] reading manifest file 'turtlebot4_msgs.egg-info/SOURCES.txt'
[3.157s] writing manifest file 'turtlebot4_msgs.egg-info/SOURCES.txt'
[3.259s] [ 68%] Built target ament_cmake_python_build_turtlebot4_msgs_egg
[3.330s] [ 68%] Built target turtlebot4_msgs__rs
[3.648s] [ 70%] [32m[1mLinking CXX shared library libturtlebot4_msgs__rosidl_typesupport_fastrtps_cpp.so[0m
[3.737s] [ 72%] [32m[1mLinking CXX shared library libturtlebot4_msgs__rosidl_typesupport_fastrtps_c.so[0m
[3.780s] [ 75%] Built target turtlebot4_msgs__rosidl_typesupport_fastrtps_cpp
[3.858s] [ 77%] Built target turtlebot4_msgs__rosidl_typesupport_fastrtps_c
[3.890s] [ 77%] Built target turtlebot4_msgs
[3.923s] [ 79%] Built target turtlebot4_msgs__py
[3.941s] [35m[1mConsolidate compiler generated dependencies of target turtlebot4_msgs__rosidl_generator_py[0m
[3.971s] [ 81%] [32m[1mLinking C shared library rosidl_generator_py/turtlebot4_msgs/libturtlebot4_msgs__rosidl_generator_py.so[0m
[4.036s] [ 87%] Built target turtlebot4_msgs__rosidl_generator_py
[4.054s] [35m[1mConsolidate compiler generated dependencies of target turtlebot4_msgs__rosidl_typesupport_introspection_c__pyext[0m
[4.054s] [35m[1mConsolidate compiler generated dependencies of target turtlebot4_msgs__rosidl_typesupport_c__pyext[0m
[4.054s] [35m[1mConsolidate compiler generated dependencies of target turtlebot4_msgs__rosidl_typesupport_fastrtps_c__pyext[0m
[4.077s] [ 93%] [32m[1mLinking C shared library rosidl_generator_py/turtlebot4_msgs/turtlebot4_msgs_s__rosidl_typesupport_introspection_c.cpython-310-aarch64-linux-gnu.so[0m
[4.078s] [ 93%] [32m[1mLinking C shared library rosidl_generator_py/turtlebot4_msgs/turtlebot4_msgs_s__rosidl_typesupport_c.cpython-310-aarch64-linux-gnu.so[0m
[4.078s] [ 93%] [32mBuilding C object CMakeFiles/turtlebot4_msgs__rosidl_typesupport_fastrtps_c__pyext.dir/rosidl_generator_py/turtlebot4_msgs/_turtlebot4_msgs_s.ep.rosidl_typesupport_fastrtps_c.c.o[0m
[4.134s] [ 97%] Built target turtlebot4_msgs__rosidl_typesupport_introspection_c__pyext
[4.134s] [ 97%] Built target turtlebot4_msgs__rosidl_typesupport_c__pyext
[4.319s] [100%] [32m[1mLinking C shared library rosidl_generator_py/turtlebot4_msgs/turtlebot4_msgs_s__rosidl_typesupport_fastrtps_c.cpython-310-aarch64-linux-gnu.so[0m
[4.374s] [100%] Built target turtlebot4_msgs__rosidl_typesupport_fastrtps_c__pyext
[4.393s] Invoked command in '/home/turtlebot4/training_code/build/turtlebot4_msgs' returned '0': CMAKE_PREFIX_PATH=/home/turtlebot4/ros3_ws/install/qr_track_alvar:/opt/ros/humble /usr/bin/cmake --build /home/turtlebot4/training_code/build/turtlebot4_msgs -- -j8 -l8
[4.396s] Invoking command in '/home/turtlebot4/training_code/build/turtlebot4_msgs': CMAKE_PREFIX_PATH=/home/turtlebot4/ros3_ws/install/qr_track_alvar:/opt/ros/humble /usr/bin/cmake --install /home/turtlebot4/training_code/build/turtlebot4_msgs
[4.409s] -- Install configuration: ""
[4.409s] -- Up-to-date: /home/turtlebot4/training_code/install/turtlebot4_msgs/share/ament_index/resource_index/rosidl_interfaces/turtlebot4_msgs
[4.410s] -- Up-to-date: /home/turtlebot4/training_code/install/turtlebot4_msgs/include/turtlebot4_msgs/turtlebot4_msgs
[4.410s] -- Up-to-date: /home/turtlebot4/training_code/install/turtlebot4_msgs/include/turtlebot4_msgs/turtlebot4_msgs/msg
[4.410s] -- Up-to-date: /home/turtlebot4/training_code/install/turtlebot4_msgs/include/turtlebot4_msgs/turtlebot4_msgs/msg/rosidl_generator_c__visibility_control.h
[4.411s] -- Up-to-date: /home/turtlebot4/training_code/install/turtlebot4_msgs/include/turtlebot4_msgs/turtlebot4_msgs/msg/user_button.h
[4.411s] -- Up-to-date: /home/turtlebot4/training_code/install/turtlebot4_msgs/include/turtlebot4_msgs/turtlebot4_msgs/msg/user_display.h
[4.411s] -- Up-to-date: /home/turtlebot4/training_code/install/turtlebot4_msgs/include/turtlebot4_msgs/turtlebot4_msgs/msg/detail
[4.411s] -- Up-to-date: /home/turtlebot4/training_code/install/turtlebot4_msgs/include/turtlebot4_msgs/turtlebot4_msgs/msg/detail/user_button__functions.c
[4.411s] -- Up-to-date: /home/turtlebot4/training_code/install/turtlebot4_msgs/include/turtlebot4_msgs/turtlebot4_msgs/msg/detail/user_display__functions.c
[4.411s] -- Up-to-date: /home/turtlebot4/training_code/install/turtlebot4_msgs/include/turtlebot4_msgs/turtlebot4_msgs/msg/detail/user_display__type_support.h
[4.412s] -- Up-to-date: /home/turtlebot4/training_code/install/turtlebot4_msgs/include/turtlebot4_msgs/turtlebot4_msgs/msg/detail/user_button__functions.h
[4.412s] -- Up-to-date: /home/turtlebot4/training_code/install/turtlebot4_msgs/include/turtlebot4_msgs/turtlebot4_msgs/msg/detail/user_display__functions.h
[4.412s] -- Up-to-date: /home/turtlebot4/training_code/install/turtlebot4_msgs/include/turtlebot4_msgs/turtlebot4_msgs/msg/detail/user_display__struct.h
[4.412s] -- Up-to-date: /home/turtlebot4/training_code/install/turtlebot4_msgs/include/turtlebot4_msgs/turtlebot4_msgs/msg/detail/user_button__type_support.h
[4.412s] -- Up-to-date: /home/turtlebot4/training_code/install/turtlebot4_msgs/include/turtlebot4_msgs/turtlebot4_msgs/msg/detail/user_led__functions.h
[4.412s] -- Up-to-date: /home/turtlebot4/training_code/install/turtlebot4_msgs/include/turtlebot4_msgs/turtlebot4_msgs/msg/detail/user_led__functions.c
[4.413s] -- Up-to-date: /home/turtlebot4/training_code/install/turtlebot4_msgs/include/turtlebot4_msgs/turtlebot4_msgs/msg/detail/user_button__struct.h
[4.413s] -- Up-to-date: /home/turtlebot4/training_code/install/turtlebot4_msgs/include/turtlebot4_msgs/turtlebot4_msgs/msg/detail/user_led__type_support.h
[4.413s] -- Up-to-date: /home/turtlebot4/training_code/install/turtlebot4_msgs/include/turtlebot4_msgs/turtlebot4_msgs/msg/detail/user_led__struct.h
[4.413s] -- Up-to-date: /home/turtlebot4/training_code/install/turtlebot4_msgs/include/turtlebot4_msgs/turtlebot4_msgs/msg/user_led.h
[4.413s] -- Installing: /home/turtlebot4/training_code/install/turtlebot4_msgs/share/turtlebot4_msgs/environment/library_path.sh
[4.413s] -- Installing: /home/turtlebot4/training_code/install/turtlebot4_msgs/share/turtlebot4_msgs/environment/library_path.dsv
[4.414s] -- Installing: /home/turtlebot4/training_code/install/turtlebot4_msgs/lib/libturtlebot4_msgs__rosidl_generator_c.so
[4.414s] -- Set runtime path of "/home/turtlebot4/training_code/install/turtlebot4_msgs/lib/libturtlebot4_msgs__rosidl_generator_c.so" to ""
[4.414s] -- Up-to-date: /home/turtlebot4/training_code/install/turtlebot4_msgs/include/turtlebot4_msgs/turtlebot4_msgs
[4.414s] -- Up-to-date: /home/turtlebot4/training_code/install/turtlebot4_msgs/include/turtlebot4_msgs/turtlebot4_msgs/msg
[4.414s] -- Up-to-date: /home/turtlebot4/training_code/install/turtlebot4_msgs/include/turtlebot4_msgs/turtlebot4_msgs/msg/rosidl_typesupport_fastrtps_c__visibility_control.h
[4.414s] -- Up-to-date: /home/turtlebot4/training_code/install/turtlebot4_msgs/include/turtlebot4_msgs/turtlebot4_msgs/msg/detail
[4.414s] -- Up-to-date: /home/turtlebot4/training_code/install/turtlebot4_msgs/include/turtlebot4_msgs/turtlebot4_msgs/msg/detail/user_button__rosidl_typesupport_fastrtps_c.h
[4.415s] -- Up-to-date: /home/turtlebot4/training_code/install/turtlebot4_msgs/include/turtlebot4_msgs/turtlebot4_msgs/msg/detail/user_led__rosidl_typesupport_fastrtps_c.h
[4.415s] -- Up-to-date: /home/turtlebot4/training_code/install/turtlebot4_msgs/include/turtlebot4_msgs/turtlebot4_msgs/msg/detail/user_display__rosidl_typesupport_fastrtps_c.h
[4.415s] -- Installing: /home/turtlebot4/training_code/install/turtlebot4_msgs/lib/libturtlebot4_msgs__rosidl_typesupport_fastrtps_c.so
[4.415s] -- Set runtime path of "/home/turtlebot4/training_code/install/turtlebot4_msgs/lib/libturtlebot4_msgs__rosidl_typesupport_fastrtps_c.so" to ""
[4.415s] -- Up-to-date: /home/turtlebot4/training_code/install/turtlebot4_msgs/include/turtlebot4_msgs/turtlebot4_msgs
[4.416s] -- Up-to-date: /home/turtlebot4/training_code/install/turtlebot4_msgs/include/turtlebot4_msgs/turtlebot4_msgs/msg
[4.416s] -- Up-to-date: /home/turtlebot4/training_code/install/turtlebot4_msgs/include/turtlebot4_msgs/turtlebot4_msgs/msg/rosidl_typesupport_introspection_c__visibility_control.h
[4.416s] -- Up-to-date: /home/turtlebot4/training_code/install/turtlebot4_msgs/include/turtlebot4_msgs/turtlebot4_msgs/msg/detail
[4.416s] -- Up-to-date: /home/turtlebot4/training_code/install/turtlebot4_msgs/include/turtlebot4_msgs/turtlebot4_msgs/msg/detail/user_led__rosidl_typesupport_introspection_c.h
[4.416s] -- Up-to-date: /home/turtlebot4/training_code/install/turtlebot4_msgs/include/turtlebot4_msgs/turtlebot4_msgs/msg/detail/user_display__rosidl_typesupport_introspection_c.h
[4.416s] -- Up-to-date: /home/turtlebot4/training_code/install/turtlebot4_msgs/include/turtlebot4_msgs/turtlebot4_msgs/msg/detail/user_button__type_support.c
[4.416s] -- Up-to-date: /home/turtlebot4/training_code/install/turtlebot4_msgs/include/turtlebot4_msgs/turtlebot4_msgs/msg/detail/user_button__rosidl_typesupport_introspection_c.h
[4.417s] -- Up-to-date: /home/turtlebot4/training_code/install/turtlebot4_msgs/include/turtlebot4_msgs/turtlebot4_msgs/msg/detail/user_display__type_support.c
[4.417s] -- Up-to-date: /home/turtlebot4/training_code/install/turtlebot4_msgs/include/turtlebot4_msgs/turtlebot4_msgs/msg/detail/user_led__type_support.c
[4.417s] -- Installing: /home/turtlebot4/training_code/install/turtlebot4_msgs/lib/libturtlebot4_msgs__rosidl_typesupport_introspection_c.so
[4.417s] -- Set runtime path of "/home/turtlebot4/training_code/install/turtlebot4_msgs/lib/libturtlebot4_msgs__rosidl_typesupport_introspection_c.so" to ""
[4.417s] -- Installing: /home/turtlebot4/training_code/install/turtlebot4_msgs/lib/libturtlebot4_msgs__rosidl_typesupport_c.so
[4.418s] -- Set runtime path of "/home/turtlebot4/training_code/install/turtlebot4_msgs/lib/libturtlebot4_msgs__rosidl_typesupport_c.so" to ""
[4.419s] -- Up-to-date: /home/turtlebot4/training_code/install/turtlebot4_msgs/include/turtlebot4_msgs/turtlebot4_msgs
[4.419s] -- Up-to-date: /home/turtlebot4/training_code/install/turtlebot4_msgs/include/turtlebot4_msgs/turtlebot4_msgs/msg
[4.419s] -- Up-to-date: /home/turtlebot4/training_code/install/turtlebot4_msgs/include/turtlebot4_msgs/turtlebot4_msgs/msg/user_led.hpp
[4.419s] -- Up-to-date: /home/turtlebot4/training_code/install/turtlebot4_msgs/include/turtlebot4_msgs/turtlebot4_msgs/msg/rosidl_generator_cpp__visibility_control.hpp
[4.420s] -- Up-to-date: /home/turtlebot4/training_code/install/turtlebot4_msgs/include/turtlebot4_msgs/turtlebot4_msgs/msg/user_button.hpp
[4.420s] -- Up-to-date: /home/turtlebot4/training_code/install/turtlebot4_msgs/include/turtlebot4_msgs/turtlebot4_msgs/msg/detail
[4.420s] -- Up-to-date: /home/turtlebot4/training_code/install/turtlebot4_msgs/include/turtlebot4_msgs/turtlebot4_msgs/msg/detail/user_button__struct.hpp
[4.420s] -- Up-to-date: /home/turtlebot4/training_code/install/turtlebot4_msgs/include/turtlebot4_msgs/turtlebot4_msgs/msg/detail/user_led__struct.hpp
[4.420s] -- Up-to-date: /home/turtlebot4/training_code/install/turtlebot4_msgs/include/turtlebot4_msgs/turtlebot4_msgs/msg/detail/user_led__type_support.hpp
[4.420s] -- Up-to-date: /home/turtlebot4/training_code/install/turtlebot4_msgs/include/turtlebot4_msgs/turtlebot4_msgs/msg/detail/user_button__type_support.hpp
[4.420s] -- Up-to-date: /home/turtlebot4/training_code/install/turtlebot4_msgs/include/turtlebot4_msgs/turtlebot4_msgs/msg/detail/user_led__traits.hpp
[4.421s] -- Up-to-date: /home/turtlebot4/training_code/install/turtlebot4_msgs/include/turtlebot4_msgs/turtlebot4_msgs/msg/detail/user_led__builder.hpp
[4.421s] -- Up-to-date: /home/turtlebot4/training_code/install/turtlebot4_msgs/include/turtlebot4_msgs/turtlebot4_msgs/msg/detail/user_button__builder.hpp
[4.421s] -- Up-to-date: /home/turtlebot4/training_code/install/turtlebot4_msgs/include/turtlebot4_msgs/turtlebot4_msgs/msg/detail/user_button__traits.hpp
[4.421s] -- Up-to-date: /home/turtlebot4/training_code/install/turtlebot4_msgs/include/turtlebot4_msgs/turtlebot4_msgs/msg/detail/user_display__traits.hpp
[4.421s] -- Up-to-date: /home/turtlebot4/training_code/install/turtlebot4_msgs/include/turtlebot4_msgs/turtlebot4_msgs/msg/detail/user_display__builder.hpp
[4.422s] -- Up-to-date: /home/turtlebot4/training_code/install/turtlebot4_msgs/include/turtlebot4_msgs/turtlebot4_msgs/msg/detail/user_display__type_support.hpp
[4.422s] -- Up-to-date: /home/turtlebot4/training_code/install/turtlebot4_msgs/include/turtlebot4_msgs/turtlebot4_msgs/msg/detail/user_display__struct.hpp
[4.422s] -- Up-to-date: /home/turtlebot4/training_code/install/turtlebot4_msgs/include/turtlebot4_msgs/turtlebot4_msgs/msg/user_display.hpp
[4.422s] -- Up-to-date: /home/turtlebot4/training_code/install/turtlebot4_msgs/include/turtlebot4_msgs/turtlebot4_msgs
[4.422s] -- Up-to-date: /home/turtlebot4/training_code/install/turtlebot4_msgs/include/turtlebot4_msgs/turtlebot4_msgs/msg
[4.422s] -- Up-to-date: /home/turtlebot4/training_code/install/turtlebot4_msgs/include/turtlebot4_msgs/turtlebot4_msgs/msg/rosidl_typesupport_fastrtps_cpp__visibility_control.h
[4.422s] -- Up-to-date: /home/turtlebot4/training_code/install/turtlebot4_msgs/include/turtlebot4_msgs/turtlebot4_msgs/msg/detail
[4.423s] -- Up-to-date: /home/turtlebot4/training_code/install/turtlebot4_msgs/include/turtlebot4_msgs/turtlebot4_msgs/msg/detail/user_led__rosidl_typesupport_fastrtps_cpp.hpp
[4.423s] -- Up-to-date: /home/turtlebot4/training_code/install/turtlebot4_msgs/include/turtlebot4_msgs/turtlebot4_msgs/msg/detail/dds_fastrtps
[4.423s] -- Up-to-date: /home/turtlebot4/training_code/install/turtlebot4_msgs/include/turtlebot4_msgs/turtlebot4_msgs/msg/detail/user_button__rosidl_typesupport_fastrtps_cpp.hpp
[4.423s] -- Up-to-date: /home/turtlebot4/training_code/install/turtlebot4_msgs/include/turtlebot4_msgs/turtlebot4_msgs/msg/detail/user_display__rosidl_typesupport_fastrtps_cpp.hpp
[4.423s] -- Installing: /home/turtlebot4/training_code/install/turtlebot4_msgs/lib/libturtlebot4_msgs__rosidl_typesupport_fastrtps_cpp.so
[4.423s] -- Set runtime path of "/home/turtlebot4/training_code/install/turtlebot4_msgs/lib/libturtlebot4_msgs__rosidl_typesupport_fastrtps_cpp.so" to ""
[4.424s] -- Up-to-date: /home/turtlebot4/training_code/install/turtlebot4_msgs/include/turtlebot4_msgs/turtlebot4_msgs
[4.424s] -- Up-to-date: /home/turtlebot4/training_code/install/turtlebot4_msgs/include/turtlebot4_msgs/turtlebot4_msgs/msg
[4.424s] -- Up-to-date: /home/turtlebot4/training_code/install/turtlebot4_msgs/include/turtlebot4_msgs/turtlebot4_msgs/msg/detail
[4.424s] -- Up-to-date: /home/turtlebot4/training_code/install/turtlebot4_msgs/include/turtlebot4_msgs/turtlebot4_msgs/msg/detail/user_led__type_support.cpp
[4.424s] -- Up-to-date: /home/turtlebot4/training_code/install/turtlebot4_msgs/include/turtlebot4_msgs/turtlebot4_msgs/msg/detail/user_button__rosidl_typesupport_introspection_cpp.hpp
[4.424s] -- Up-to-date: /home/turtlebot4/training_code/install/turtlebot4_msgs/include/turtlebot4_msgs/turtlebot4_msgs/msg/detail/user_button__type_support.cpp
[4.425s] -- Up-to-date: /home/turtlebot4/training_code/install/turtlebot4_msgs/include/turtlebot4_msgs/turtlebot4_msgs/msg/detail/user_display__type_support.cpp
[4.425s] -- Up-to-date: /home/turtlebot4/training_code/install/turtlebot4_msgs/include/turtlebot4_msgs/turtlebot4_msgs/msg/detail/user_display__rosidl_typesupport_introspection_cpp.hpp
[4.425s] -- Up-to-date: /home/turtlebot4/training_code/install/turtlebot4_msgs/include/turtlebot4_msgs/turtlebot4_msgs/msg/detail/user_led__rosidl_typesupport_introspection_cpp.hpp
[4.425s] -- Installing: /home/turtlebot4/training_code/install/turtlebot4_msgs/lib/libturtlebot4_msgs__rosidl_typesupport_introspection_cpp.so
[4.425s] -- Set runtime path of "/home/turtlebot4/training_code/install/turtlebot4_msgs/lib/libturtlebot4_msgs__rosidl_typesupport_introspection_cpp.so" to ""
[4.425s] -- Installing: /home/turtlebot4/training_code/install/turtlebot4_msgs/lib/libturtlebot4_msgs__rosidl_typesupport_cpp.so
[4.426s] -- Set runtime path of "/home/turtlebot4/training_code/install/turtlebot4_msgs/lib/libturtlebot4_msgs__rosidl_typesupport_cpp.so" to ""
[4.426s] -- Up-to-date: /home/turtlebot4/training_code/install/turtlebot4_msgs/share/turtlebot4_msgs/environment/pythonpath.sh
[4.426s] -- Installing: /home/turtlebot4/training_code/install/turtlebot4_msgs/share/turtlebot4_msgs/environment/pythonpath.dsv
[4.426s] -- Up-to-date: /home/turtlebot4/training_code/install/turtlebot4_msgs/local/lib/python3.10/dist-packages/turtlebot4_msgs-1.0.5-py3.10.egg-info
[4.427s] -- Installing: /home/turtlebot4/training_code/install/turtlebot4_msgs/local/lib/python3.10/dist-packages/turtlebot4_msgs-1.0.5-py3.10.egg-info/SOURCES.txt
[4.427s] -- Installing: /home/turtlebot4/training_code/install/turtlebot4_msgs/local/lib/python3.10/dist-packages/turtlebot4_msgs-1.0.5-py3.10.egg-info/PKG-INFO
[4.427s] -- Installing: /home/turtlebot4/training_code/install/turtlebot4_msgs/local/lib/python3.10/dist-packages/turtlebot4_msgs-1.0.5-py3.10.egg-info/dependency_links.txt
[4.427s] -- Installing: /home/turtlebot4/training_code/install/turtlebot4_msgs/local/lib/python3.10/dist-packages/turtlebot4_msgs-1.0.5-py3.10.egg-info/top_level.txt
[4.427s] -- Up-to-date: /home/turtlebot4/training_code/install/turtlebot4_msgs/local/lib/python3.10/dist-packages/turtlebot4_msgs
[4.427s] -- Up-to-date: /home/turtlebot4/training_code/install/turtlebot4_msgs/local/lib/python3.10/dist-packages/turtlebot4_msgs/_turtlebot4_msgs_s.ep.rosidl_typesupport_introspection_c.c
[4.428s] -- Installing: /home/turtlebot4/training_code/install/turtlebot4_msgs/local/lib/python3.10/dist-packages/turtlebot4_msgs/turtlebot4_msgs_s__rosidl_typesupport_c.cpython-310-aarch64-linux-gnu.so
[4.428s] -- Installing: /home/turtlebot4/training_code/install/turtlebot4_msgs/local/lib/python3.10/dist-packages/turtlebot4_msgs/libturtlebot4_msgs__rosidl_generator_py.so
[4.428s] -- Up-to-date: /home/turtlebot4/training_code/install/turtlebot4_msgs/local/lib/python3.10/dist-packages/turtlebot4_msgs/_turtlebot4_msgs_s.ep.rosidl_typesupport_c.c
[4.428s] -- Installing: /home/turtlebot4/training_code/install/turtlebot4_msgs/local/lib/python3.10/dist-packages/turtlebot4_msgs/turtlebot4_msgs_s__rosidl_typesupport_fastrtps_c.cpython-310-aarch64-linux-gnu.so
[4.428s] -- Installing: /home/turtlebot4/training_code/install/turtlebot4_msgs/local/lib/python3.10/dist-packages/turtlebot4_msgs/__init__.py
[4.428s] -- Installing: /home/turtlebot4/training_code/install/turtlebot4_msgs/local/lib/python3.10/dist-packages/turtlebot4_msgs/turtlebot4_msgs_s__rosidl_typesupport_introspection_c.cpython-310-aarch64-linux-gnu.so
[4.428s] -- Up-to-date: /home/turtlebot4/training_code/install/turtlebot4_msgs/local/lib/python3.10/dist-packages/turtlebot4_msgs/msg
[4.429s] -- Up-to-date: /home/turtlebot4/training_code/install/turtlebot4_msgs/local/lib/python3.10/dist-packages/turtlebot4_msgs/msg/_user_button.py
[4.429s] -- Up-to-date: /home/turtlebot4/training_code/install/turtlebot4_msgs/local/lib/python3.10/dist-packages/turtlebot4_msgs/msg/_user_led.py
[4.429s] -- Up-to-date: /home/turtlebot4/training_code/install/turtlebot4_msgs/local/lib/python3.10/dist-packages/turtlebot4_msgs/msg/_user_button_s.c
[4.429s] -- Up-to-date: /home/turtlebot4/training_code/install/turtlebot4_msgs/local/lib/python3.10/dist-packages/turtlebot4_msgs/msg/_user_display_s.c
[4.429s] -- Up-to-date: /home/turtlebot4/training_code/install/turtlebot4_msgs/local/lib/python3.10/dist-packages/turtlebot4_msgs/msg/__init__.py
[4.429s] -- Up-to-date: /home/turtlebot4/training_code/install/turtlebot4_msgs/local/lib/python3.10/dist-packages/turtlebot4_msgs/msg/_user_display.py
[4.429s] -- Up-to-date: /home/turtlebot4/training_code/install/turtlebot4_msgs/local/lib/python3.10/dist-packages/turtlebot4_msgs/msg/_user_led_s.c
[4.429s] -- Up-to-date: /home/turtlebot4/training_code/install/turtlebot4_msgs/local/lib/python3.10/dist-packages/turtlebot4_msgs/_turtlebot4_msgs_s.ep.rosidl_typesupport_fastrtps_c.c
[4.492s] Listing '/home/turtlebot4/training_code/install/turtlebot4_msgs/local/lib/python3.10/dist-packages/turtlebot4_msgs'...
[4.492s] Compiling '/home/turtlebot4/training_code/install/turtlebot4_msgs/local/lib/python3.10/dist-packages/turtlebot4_msgs/__init__.py'...
[4.492s] Listing '/home/turtlebot4/training_code/install/turtlebot4_msgs/local/lib/python3.10/dist-packages/turtlebot4_msgs/msg'...
[4.504s] -- Installing: /home/turtlebot4/training_code/install/turtlebot4_msgs/local/lib/python3.10/dist-packages/turtlebot4_msgs/turtlebot4_msgs_s__rosidl_typesupport_fastrtps_c.cpython-310-aarch64-linux-gnu.so
[4.504s] -- Set runtime path of "/home/turtlebot4/training_code/install/turtlebot4_msgs/local/lib/python3.10/dist-packages/turtlebot4_msgs/turtlebot4_msgs_s__rosidl_typesupport_fastrtps_c.cpython-310-aarch64-linux-gnu.so" to ""
[4.504s] -- Installing: /home/turtlebot4/training_code/install/turtlebot4_msgs/local/lib/python3.10/dist-packages/turtlebot4_msgs/turtlebot4_msgs_s__rosidl_typesupport_introspection_c.cpython-310-aarch64-linux-gnu.so
[4.505s] -- Set runtime path of "/home/turtlebot4/training_code/install/turtlebot4_msgs/local/lib/python3.10/dist-packages/turtlebot4_msgs/turtlebot4_msgs_s__rosidl_typesupport_introspection_c.cpython-310-aarch64-linux-gnu.so" to ""
[4.505s] -- Installing: /home/turtlebot4/training_code/install/turtlebot4_msgs/local/lib/python3.10/dist-packages/turtlebot4_msgs/turtlebot4_msgs_s__rosidl_typesupport_c.cpython-310-aarch64-linux-gnu.so
[4.506s] -- Set runtime path of "/home/turtlebot4/training_code/install/turtlebot4_msgs/local/lib/python3.10/dist-packages/turtlebot4_msgs/turtlebot4_msgs_s__rosidl_typesupport_c.cpython-310-aarch64-linux-gnu.so" to ""
[4.507s] -- Installing: /home/turtlebot4/training_code/install/turtlebot4_msgs/lib/libturtlebot4_msgs__rosidl_generator_py.so
[4.507s] -- Set runtime path of "/home/turtlebot4/training_code/install/turtlebot4_msgs/lib/libturtlebot4_msgs__rosidl_generator_py.so" to ""
[4.507s] -- Installing: /home/turtlebot4/training_code/install/turtlebot4_msgs/share/ament_index/resource_index/rust_packages/turtlebot4_msgs
[4.508s] -- Installing: /home/turtlebot4/training_code/install/turtlebot4_msgs/share/turtlebot4_msgs/rust
[4.508s] -- Installing: /home/turtlebot4/training_code/install/turtlebot4_msgs/share/turtlebot4_msgs/rust/Cargo.toml
[4.508s] -- Installing: /home/turtlebot4/training_code/install/turtlebot4_msgs/share/turtlebot4_msgs/rust/build.rs
[4.508s] -- Installing: /home/turtlebot4/training_code/install/turtlebot4_msgs/share/turtlebot4_msgs/rust/src
[4.508s] -- Installing: /home/turtlebot4/training_code/install/turtlebot4_msgs/share/turtlebot4_msgs/rust/src/lib.rs
[4.509s] -- Installing: /home/turtlebot4/training_code/install/turtlebot4_msgs/share/turtlebot4_msgs/rust/src/msg.rs
[4.509s] -- Installing: /home/turtlebot4/training_code/install/turtlebot4_msgs/share/turtlebot4_msgs/rust/src/msg
[4.509s] -- Installing: /home/turtlebot4/training_code/install/turtlebot4_msgs/share/turtlebot4_msgs/rust/src/msg/rmw.rs
[4.509s] -- Up-to-date: /home/turtlebot4/training_code/install/turtlebot4_msgs/share/turtlebot4_msgs/msg/UserLed.idl
[4.509s] -- Up-to-date: /home/turtlebot4/training_code/install/turtlebot4_msgs/share/turtlebot4_msgs/msg/UserButton.idl
[4.510s] -- Up-to-date: /home/turtlebot4/training_code/install/turtlebot4_msgs/share/turtlebot4_msgs/msg/UserDisplay.idl
[4.510s] -- Up-to-date: /home/turtlebot4/training_code/install/turtlebot4_msgs/share/turtlebot4_msgs/msg/UserLed.msg
[4.510s] -- Up-to-date: /home/turtlebot4/training_code/install/turtlebot4_msgs/share/turtlebot4_msgs/msg/UserButton.msg
[4.510s] -- Up-to-date: /home/turtlebot4/training_code/install/turtlebot4_msgs/share/turtlebot4_msgs/msg/UserDisplay.msg
[4.510s] -- Up-to-date: /home/turtlebot4/training_code/install/turtlebot4_msgs/share/ament_index/resource_index/package_run_dependencies/turtlebot4_msgs
[4.511s] -- Up-to-date: /home/turtlebot4/training_code/install/turtlebot4_msgs/share/ament_index/resource_index/parent_prefix_path/turtlebot4_msgs
[4.511s] -- Installing: /home/turtlebot4/training_code/install/turtlebot4_msgs/share/turtlebot4_msgs/environment/ament_prefix_path.sh
[4.511s] -- Installing: /home/turtlebot4/training_code/install/turtlebot4_msgs/share/turtlebot4_msgs/environment/ament_prefix_path.dsv
[4.511s] -- Installing: /home/turtlebot4/training_code/install/turtlebot4_msgs/share/turtlebot4_msgs/environment/path.sh
[4.511s] -- Installing: /home/turtlebot4/training_code/install/turtlebot4_msgs/share/turtlebot4_msgs/environment/path.dsv
[4.511s] -- Up-to-date: /home/turtlebot4/training_code/install/turtlebot4_msgs/share/turtlebot4_msgs/local_setup.bash
[4.511s] -- Up-to-date: /home/turtlebot4/training_code/install/turtlebot4_msgs/share/turtlebot4_msgs/local_setup.sh
[4.512s] -- Up-to-date: /home/turtlebot4/training_code/install/turtlebot4_msgs/share/turtlebot4_msgs/local_setup.zsh
[4.512s] -- Installing: /home/turtlebot4/training_code/install/turtlebot4_msgs/share/turtlebot4_msgs/local_setup.dsv
[4.512s] -- Installing: /home/turtlebot4/training_code/install/turtlebot4_msgs/share/turtlebot4_msgs/package.dsv
[4.512s] -- Up-to-date: /home/turtlebot4/training_code/install/turtlebot4_msgs/share/ament_index/resource_index/packages/turtlebot4_msgs
[4.512s] -- Up-to-date: /home/turtlebot4/training_code/install/turtlebot4_msgs/share/turtlebot4_msgs/cmake/export_turtlebot4_msgs__rosidl_generator_cExport.cmake
[4.513s] -- Up-to-date: /home/turtlebot4/training_code/install/turtlebot4_msgs/share/turtlebot4_msgs/cmake/export_turtlebot4_msgs__rosidl_generator_cExport-noconfig.cmake
[4.513s] -- Up-to-date: /home/turtlebot4/training_code/install/turtlebot4_msgs/share/turtlebot4_msgs/cmake/export_turtlebot4_msgs__rosidl_typesupport_fastrtps_cExport.cmake
[4.513s] -- Up-to-date: /home/turtlebot4/training_code/install/turtlebot4_msgs/share/turtlebot4_msgs/cmake/export_turtlebot4_msgs__rosidl_typesupport_fastrtps_cExport-noconfig.cmake
[4.513s] -- Up-to-date: /home/turtlebot4/training_code/install/turtlebot4_msgs/share/turtlebot4_msgs/cmake/turtlebot4_msgs__rosidl_typesupport_introspection_cExport.cmake
[4.513s] -- Up-to-date: /home/turtlebot4/training_code/install/turtlebot4_msgs/share/turtlebot4_msgs/cmake/turtlebot4_msgs__rosidl_typesupport_introspection_cExport-noconfig.cmake
[4.514s] -- Up-to-date: /home/turtlebot4/training_code/install/turtlebot4_msgs/share/turtlebot4_msgs/cmake/turtlebot4_msgs__rosidl_typesupport_cExport.cmake
[4.514s] -- Up-to-date: /home/turtlebot4/training_code/install/turtlebot4_msgs/share/turtlebot4_msgs/cmake/turtlebot4_msgs__rosidl_typesupport_cExport-noconfig.cmake
[4.514s] -- Up-to-date: /home/turtlebot4/training_code/install/turtlebot4_msgs/share/turtlebot4_msgs/cmake/export_turtlebot4_msgs__rosidl_generator_cppExport.cmake
[4.514s] -- Up-to-date: /home/turtlebot4/training_code/install/turtlebot4_msgs/share/turtlebot4_msgs/cmake/export_turtlebot4_msgs__rosidl_typesupport_fastrtps_cppExport.cmake
[4.514s] -- Up-to-date: /home/turtlebot4/training_code/install/turtlebot4_msgs/share/turtlebot4_msgs/cmake/export_turtlebot4_msgs__rosidl_typesupport_fastrtps_cppExport-noconfig.cmake
[4.515s] -- Up-to-date: /home/turtlebot4/training_code/install/turtlebot4_msgs/share/turtlebot4_msgs/cmake/turtlebot4_msgs__rosidl_typesupport_introspection_cppExport.cmake
[4.515s] -- Up-to-date: /home/turtlebot4/training_code/install/turtlebot4_msgs/share/turtlebot4_msgs/cmake/turtlebot4_msgs__rosidl_typesupport_introspection_cppExport-noconfig.cmake
[4.515s] -- Up-to-date: /home/turtlebot4/training_code/install/turtlebot4_msgs/share/turtlebot4_msgs/cmake/turtlebot4_msgs__rosidl_typesupport_cppExport.cmake
[4.515s] -- Up-to-date: /home/turtlebot4/training_code/install/turtlebot4_msgs/share/turtlebot4_msgs/cmake/turtlebot4_msgs__rosidl_typesupport_cppExport-noconfig.cmake
[4.515s] -- Up-to-date: /home/turtlebot4/training_code/install/turtlebot4_msgs/share/turtlebot4_msgs/cmake/export_turtlebot4_msgs__rosidl_generator_pyExport.cmake
[4.516s] -- Up-to-date: /home/turtlebot4/training_code/install/turtlebot4_msgs/share/turtlebot4_msgs/cmake/export_turtlebot4_msgs__rosidl_generator_pyExport-noconfig.cmake
[4.516s] -- Up-to-date: /home/turtlebot4/training_code/install/turtlebot4_msgs/share/turtlebot4_msgs/cmake/rosidl_cmake-extras.cmake
[4.516s] -- Up-to-date: /home/turtlebot4/training_code/install/turtlebot4_msgs/share/turtlebot4_msgs/cmake/ament_cmake_export_include_directories-extras.cmake
[4.516s] -- Up-to-date: /home/turtlebot4/training_code/install/turtlebot4_msgs/share/turtlebot4_msgs/cmake/ament_cmake_export_libraries-extras.cmake
[4.516s] -- Up-to-date: /home/turtlebot4/training_code/install/turtlebot4_msgs/share/turtlebot4_msgs/cmake/ament_cmake_export_targets-extras.cmake
[4.517s] -- Up-to-date: /home/turtlebot4/training_code/install/turtlebot4_msgs/share/turtlebot4_msgs/cmake/rosidl_cmake_export_typesupport_targets-extras.cmake
[4.517s] -- Up-to-date: /home/turtlebot4/training_code/install/turtlebot4_msgs/share/turtlebot4_msgs/cmake/ament_cmake_export_dependencies-extras.cmake
[4.517s] -- Up-to-date: /home/turtlebot4/training_code/install/turtlebot4_msgs/share/turtlebot4_msgs/cmake/rosidl_cmake_export_typesupport_libraries-extras.cmake
[4.517s] -- Up-to-date: /home/turtlebot4/training_code/install/turtlebot4_msgs/share/turtlebot4_msgs/cmake/turtlebot4_msgsConfig.cmake
[4.517s] -- Up-to-date: /home/turtlebot4/training_code/install/turtlebot4_msgs/share/turtlebot4_msgs/cmake/turtlebot4_msgsConfig-version.cmake
[4.517s] -- Up-to-date: /home/turtlebot4/training_code/install/turtlebot4_msgs/share/turtlebot4_msgs/package.xml
[4.522s] Invoked command in '/home/turtlebot4/training_code/build/turtlebot4_msgs' returned '0': CMAKE_PREFIX_PATH=/home/turtlebot4/ros3_ws/install/qr_track_alvar:/opt/ros/humble /usr/bin/cmake --install /home/turtlebot4/training_code/build/turtlebot4_msgs
