[0.019s] Invoking command in '/home/turtlebot4/training_code/build/turtlebot4_node': AMENT_PREFIX_PATH=/home/turtlebot4/training_code/install/turtlebot4_msgs:${AMENT_PREFIX_PATH} CMAKE_PREFIX_PATH=/home/turtlebot4/training_code/install/turtlebot4_msgs:/home/turtlebot4/ros3_ws/install/qr_track_alvar:/opt/ros/humble LD_LIBRARY_PATH=/home/turtlebot4/training_code/install/turtlebot4_msgs/lib:${LD_LIBRARY_PATH} PYTHONPATH=/home/turtlebot4/training_code/install/turtlebot4_msgs/local/lib/python3.10/dist-packages:${PYTHONPATH} /usr/bin/cmake --build /home/turtlebot4/training_code/build/turtlebot4_node -- -j8 -l8
[0.060s] -- Found ament_cmake: 1.3.14 (/opt/ros/humble/share/ament_cmake/cmake)
[0.313s] -- Found rclcpp: 16.0.19 (/opt/ros/humble/share/rclcpp/cmake)
[0.369s] -- Found rosidl_generator_c: 3.1.8 (/opt/ros/humble/share/rosidl_generator_c/cmake)
[0.374s] -- Found rosidl_adapter: 3.1.8 (/opt/ros/humble/share/rosidl_adapter/cmake)
[0.385s] -- Found rosidl_generator_cpp: 3.1.8 (/opt/ros/humble/share/rosidl_generator_cpp/cmake)
[0.403s] -- Using all available rosidl_typesupport_c: rosidl_typesupport_fastrtps_c;rosidl_typesupport_introspection_c
[0.426s] -- Using all available rosidl_typesupport_cpp: rosidl_typesupport_fastrtps_cpp;rosidl_typesupport_introspection_cpp
[0.495s] -- Found rmw_implementation_cmake: 6.1.2 (/opt/ros/humble/share/rmw_implementation_cmake/cmake)
[0.498s] -- Found rmw_fastrtps_cpp: 6.2.10 (/opt/ros/humble/share/rmw_fastrtps_cpp/cmake)
[0.700s] -- Using RMW implementation 'rmw_fastrtps_cpp' as default
[0.805s] -- Found rclcpp_action: 16.0.19 (/opt/ros/humble/share/rclcpp_action/cmake)
[0.870s] -- Found std_srvs: 4.9.1 (/opt/ros/humble/share/std_srvs/cmake)
[0.891s] -- Found sensor_msgs: 4.9.1 (/opt/ros/humble/share/sensor_msgs/cmake)
[0.951s] -- Found irobot_create_msgs: 2.1.0 (/opt/ros/humble/share/irobot_create_msgs/cmake)
[0.992s] -- Found turtlebot4_msgs: 1.0.5 (/home/turtlebot4/training_code/install/turtlebot4_msgs/share/turtlebot4_msgs/cmake)
[1.020s] -- Found ament_lint_auto: 0.12.15 (/opt/ros/humble/share/ament_lint_auto/cmake)
[1.174s] -- Added test 'cppcheck' to perform static code analysis on C / C++ code
[1.175s] -- Configured cppcheck include dirs: /home/turtlebot4/training_code/src/turtlebot4_node/include
[1.175s] -- Configured cppcheck exclude dirs and/or files: 
[1.177s] -- Added test 'cpplint' to check C / C++ code against the Google style
[1.177s] -- Configured cpplint exclude dirs and/or files: 
[1.178s] -- Added test 'lint_cmake' to check CMake code style
[1.180s] -- Added test 'uncrustify' to check C / C++ code style
[1.180s] -- Configured uncrustify additional arguments: 
[1.181s] -- Added test 'xmllint' to check XML markup files
[1.184s] -- Configuring done
[1.225s] -- Generating done
[1.237s] -- Build files have been written to: /home/turtlebot4/training_code/build/turtlebot4_node
[1.294s] [35m[1mConsolidate compiler generated dependencies of target turtlebot4_node_lib[0m
[1.366s] [ 12%] [32mBuilding CXX object CMakeFiles/turtlebot4_node_lib.dir/src/main.cpp.o[0m
[1.368s] [ 50%] [32mBuilding CXX object CMakeFiles/turtlebot4_node_lib.dir/src/display.cpp.o[0m
[1.369s] [ 50%] [32mBuilding CXX object CMakeFiles/turtlebot4_node_lib.dir/src/buttons.cpp.o[0m
[1.370s] [ 50%] [32mBuilding CXX object CMakeFiles/turtlebot4_node_lib.dir/src/turtlebot4.cpp.o[0m
[1.372s] [ 62%] [32mBuilding CXX object CMakeFiles/turtlebot4_node_lib.dir/src/leds.cpp.o[0m
[52.858s] [ 75%] [32m[1mLinking CXX static library libturtlebot4_node_lib.a[0m
[54.433s] [ 75%] Built target turtlebot4_node_lib
[54.499s] [35m[1mConsolidate compiler generated dependencies of target turtlebot4_node[0m
[54.536s] [ 87%] [32mBuilding CXX object CMakeFiles/turtlebot4_node.dir/src/main.cpp.o[0m
[65.641s] [100%] [32m[1mLinking CXX executable turtlebot4_node[0m
[70.767s] [100%] Built target turtlebot4_node
[70.786s] Invoked command in '/home/turtlebot4/training_code/build/turtlebot4_node' returned '0': AMENT_PREFIX_PATH=/home/turtlebot4/training_code/install/turtlebot4_msgs:${AMENT_PREFIX_PATH} CMAKE_PREFIX_PATH=/home/turtlebot4/training_code/install/turtlebot4_msgs:/home/turtlebot4/ros3_ws/install/qr_track_alvar:/opt/ros/humble LD_LIBRARY_PATH=/home/turtlebot4/training_code/install/turtlebot4_msgs/lib:${LD_LIBRARY_PATH} PYTHONPATH=/home/turtlebot4/training_code/install/turtlebot4_msgs/local/lib/python3.10/dist-packages:${PYTHONPATH} /usr/bin/cmake --build /home/turtlebot4/training_code/build/turtlebot4_node -- -j8 -l8
[70.789s] Invoking command in '/home/turtlebot4/training_code/build/turtlebot4_node': AMENT_PREFIX_PATH=/home/turtlebot4/training_code/install/turtlebot4_msgs:${AMENT_PREFIX_PATH} CMAKE_PREFIX_PATH=/home/turtlebot4/training_code/install/turtlebot4_msgs:/home/turtlebot4/ros3_ws/install/qr_track_alvar:/opt/ros/humble LD_LIBRARY_PATH=/home/turtlebot4/training_code/install/turtlebot4_msgs/lib:${LD_LIBRARY_PATH} PYTHONPATH=/home/turtlebot4/training_code/install/turtlebot4_msgs/local/lib/python3.10/dist-packages:${PYTHONPATH} /usr/bin/cmake --install /home/turtlebot4/training_code/build/turtlebot4_node
[70.801s] -- Install configuration: ""
[70.803s] -- Installing: /home/turtlebot4/training_code/install/turtlebot4_node/lib/turtlebot4_node/turtlebot4_node
[70.847s] -- Set runtime path of "/home/turtlebot4/training_code/install/turtlebot4_node/lib/turtlebot4_node/turtlebot4_node" to ""
[70.847s] -- Up-to-date: /home/turtlebot4/training_code/install/turtlebot4_node/include
[70.847s] -- Up-to-date: /home/turtlebot4/training_code/install/turtlebot4_node/include/turtlebot4_node
[70.847s] -- Up-to-date: /home/turtlebot4/training_code/install/turtlebot4_node/include/turtlebot4_node/utils.hpp
[70.848s] -- Up-to-date: /home/turtlebot4/training_code/install/turtlebot4_node/include/turtlebot4_node/action.hpp
[70.848s] -- Up-to-date: /home/turtlebot4/training_code/install/turtlebot4_node/include/turtlebot4_node/leds.hpp
[70.848s] -- Up-to-date: /home/turtlebot4/training_code/install/turtlebot4_node/include/turtlebot4_node/buttons.hpp
[70.848s] -- Up-to-date: /home/turtlebot4/training_code/install/turtlebot4_node/include/turtlebot4_node/turtlebot4.hpp
[70.848s] -- Up-to-date: /home/turtlebot4/training_code/install/turtlebot4_node/include/turtlebot4_node/display.hpp
[70.848s] -- Up-to-date: /home/turtlebot4/training_code/install/turtlebot4_node/include/turtlebot4_node/service.hpp
[70.849s] -- Up-to-date: /home/turtlebot4/training_code/install/turtlebot4_node/share/ament_index/resource_index/package_run_dependencies/turtlebot4_node
[70.849s] -- Up-to-date: /home/turtlebot4/training_code/install/turtlebot4_node/share/ament_index/resource_index/parent_prefix_path/turtlebot4_node
[70.849s] -- Installing: /home/turtlebot4/training_code/install/turtlebot4_node/share/turtlebot4_node/environment/ament_prefix_path.sh
[70.849s] -- Installing: /home/turtlebot4/training_code/install/turtlebot4_node/share/turtlebot4_node/environment/ament_prefix_path.dsv
[70.849s] -- Installing: /home/turtlebot4/training_code/install/turtlebot4_node/share/turtlebot4_node/environment/path.sh
[70.849s] -- Installing: /home/turtlebot4/training_code/install/turtlebot4_node/share/turtlebot4_node/environment/path.dsv
[70.850s] -- Up-to-date: /home/turtlebot4/training_code/install/turtlebot4_node/share/turtlebot4_node/local_setup.bash
[70.850s] -- Up-to-date: /home/turtlebot4/training_code/install/turtlebot4_node/share/turtlebot4_node/local_setup.sh
[70.850s] -- Up-to-date: /home/turtlebot4/training_code/install/turtlebot4_node/share/turtlebot4_node/local_setup.zsh
[70.850s] -- Installing: /home/turtlebot4/training_code/install/turtlebot4_node/share/turtlebot4_node/local_setup.dsv
[70.850s] -- Installing: /home/turtlebot4/training_code/install/turtlebot4_node/share/turtlebot4_node/package.dsv
[70.850s] -- Up-to-date: /home/turtlebot4/training_code/install/turtlebot4_node/share/ament_index/resource_index/packages/turtlebot4_node
[70.850s] -- Up-to-date: /home/turtlebot4/training_code/install/turtlebot4_node/share/turtlebot4_node/cmake/ament_cmake_export_include_directories-extras.cmake
[70.851s] -- Up-to-date: /home/turtlebot4/training_code/install/turtlebot4_node/share/turtlebot4_node/cmake/turtlebot4_nodeConfig.cmake
[70.851s] -- Up-to-date: /home/turtlebot4/training_code/install/turtlebot4_node/share/turtlebot4_node/cmake/turtlebot4_nodeConfig-version.cmake
[70.851s] -- Up-to-date: /home/turtlebot4/training_code/install/turtlebot4_node/share/turtlebot4_node/package.xml
[70.854s] Invoked command in '/home/turtlebot4/training_code/build/turtlebot4_node' returned '0': AMENT_PREFIX_PATH=/home/turtlebot4/training_code/install/turtlebot4_msgs:${AMENT_PREFIX_PATH} CMAKE_PREFIX_PATH=/home/turtlebot4/training_code/install/turtlebot4_msgs:/home/turtlebot4/ros3_ws/install/qr_track_alvar:/opt/ros/humble LD_LIBRARY_PATH=/home/turtlebot4/training_code/install/turtlebot4_msgs/lib:${LD_LIBRARY_PATH} PYTHONPATH=/home/turtlebot4/training_code/install/turtlebot4_msgs/local/lib/python3.10/dist-packages:${PYTHONPATH} /usr/bin/cmake --install /home/turtlebot4/training_code/build/turtlebot4_node
