[  4%] Built target turtlebot4_msgs__rs
[ 10%] Built target turtlebot4_msgs__cpp
[ 14%] Built target turtlebot4_msgs__rosidl_generator_c
[35m[1mConsolidate compiler generated dependencies of target turtlebot4_msgs__rosidl_typesupport_fastrtps_cpp[0m
[ 14%] Built target ament_cmake_python_copy_turtlebot4_msgs
[35m[1mConsolidate compiler generated dependencies of target turtlebot4_msgs__rosidl_typesupport_fastrtps_c[0m
[ 25%] Built target turtlebot4_msgs__rosidl_typesupport_c
[ 35%] Built target turtlebot4_msgs__rosidl_typesupport_cpp
[ 45%] Built target turtlebot4_msgs__rosidl_typesupport_fastrtps_cpp
[ 56%] Built target turtlebot4_msgs__rosidl_typesupport_introspection_cpp
[ 66%] Built target turtlebot4_msgs__rosidl_typesupport_fastrtps_c
[ 77%] Built target turtlebot4_msgs__rosidl_typesupport_introspection_c
[ 77%] Built target turtlebot4_msgs
[ 79%] Built target turtlebot4_msgs__py
[ 87%] Built target turtlebot4_msgs__rosidl_generator_py
[35m[1mConsolidate compiler generated dependencies of target turtlebot4_msgs__rosidl_typesupport_fastrtps_c__pyext[0m
[100%] Built target turtlebot4_msgs__rosidl_typesupport_introspection_c__pyext
[100%] Built target turtlebot4_msgs__rosidl_typesupport_c__pyext
[100%] Built target turtlebot4_msgs__rosidl_typesupport_fastrtps_c__pyext
running egg_info
writing turtlebot4_msgs.egg-info/PKG-INFO
writing dependency_links to turtlebot4_msgs.egg-info/dependency_links.txt
writing top-level names to turtlebot4_msgs.egg-info/top_level.txt
reading manifest file 'turtlebot4_msgs.egg-info/SOURCES.txt'
writing manifest file 'turtlebot4_msgs.egg-info/SOURCES.txt'
[100%] Built target ament_cmake_python_build_turtlebot4_msgs_egg
-- Install configuration: ""
-- Up-to-date: /home/turtlebot4/training_code/install/turtlebot4_msgs/share/ament_index/resource_index/rosidl_interfaces/turtlebot4_msgs
-- Up-to-date: /home/turtlebot4/training_code/install/turtlebot4_msgs/include/turtlebot4_msgs/turtlebot4_msgs
-- Up-to-date: /home/turtlebot4/training_code/install/turtlebot4_msgs/include/turtlebot4_msgs/turtlebot4_msgs/msg
-- Up-to-date: /home/turtlebot4/training_code/install/turtlebot4_msgs/include/turtlebot4_msgs/turtlebot4_msgs/msg/rosidl_generator_c__visibility_control.h
-- Up-to-date: /home/turtlebot4/training_code/install/turtlebot4_msgs/include/turtlebot4_msgs/turtlebot4_msgs/msg/user_button.h
-- Up-to-date: /home/turtlebot4/training_code/install/turtlebot4_msgs/include/turtlebot4_msgs/turtlebot4_msgs/msg/user_display.h
-- Up-to-date: /home/turtlebot4/training_code/install/turtlebot4_msgs/include/turtlebot4_msgs/turtlebot4_msgs/msg/detail
-- Up-to-date: /home/turtlebot4/training_code/install/turtlebot4_msgs/include/turtlebot4_msgs/turtlebot4_msgs/msg/detail/user_button__functions.c
-- Up-to-date: /home/turtlebot4/training_code/install/turtlebot4_msgs/include/turtlebot4_msgs/turtlebot4_msgs/msg/detail/user_display__functions.c
-- Up-to-date: /home/turtlebot4/training_code/install/turtlebot4_msgs/include/turtlebot4_msgs/turtlebot4_msgs/msg/detail/user_display__type_support.h
-- Up-to-date: /home/turtlebot4/training_code/install/turtlebot4_msgs/include/turtlebot4_msgs/turtlebot4_msgs/msg/detail/user_button__functions.h
-- Up-to-date: /home/turtlebot4/training_code/install/turtlebot4_msgs/include/turtlebot4_msgs/turtlebot4_msgs/msg/detail/user_display__functions.h
-- Up-to-date: /home/turtlebot4/training_code/install/turtlebot4_msgs/include/turtlebot4_msgs/turtlebot4_msgs/msg/detail/user_display__struct.h
-- Up-to-date: /home/turtlebot4/training_code/install/turtlebot4_msgs/include/turtlebot4_msgs/turtlebot4_msgs/msg/detail/user_button__type_support.h
-- Up-to-date: /home/turtlebot4/training_code/install/turtlebot4_msgs/include/turtlebot4_msgs/turtlebot4_msgs/msg/detail/user_led__functions.h
-- Up-to-date: /home/turtlebot4/training_code/install/turtlebot4_msgs/include/turtlebot4_msgs/turtlebot4_msgs/msg/detail/user_led__functions.c
-- Up-to-date: /home/turtlebot4/training_code/install/turtlebot4_msgs/include/turtlebot4_msgs/turtlebot4_msgs/msg/detail/user_button__struct.h
-- Up-to-date: /home/turtlebot4/training_code/install/turtlebot4_msgs/include/turtlebot4_msgs/turtlebot4_msgs/msg/detail/user_led__type_support.h
-- Up-to-date: /home/turtlebot4/training_code/install/turtlebot4_msgs/include/turtlebot4_msgs/turtlebot4_msgs/msg/detail/user_led__struct.h
-- Up-to-date: /home/turtlebot4/training_code/install/turtlebot4_msgs/include/turtlebot4_msgs/turtlebot4_msgs/msg/user_led.h
-- Up-to-date: /home/turtlebot4/training_code/install/turtlebot4_msgs/share/turtlebot4_msgs/environment/library_path.sh
-- Up-to-date: /home/turtlebot4/training_code/install/turtlebot4_msgs/share/turtlebot4_msgs/environment/library_path.dsv
-- Up-to-date: /home/turtlebot4/training_code/install/turtlebot4_msgs/lib/libturtlebot4_msgs__rosidl_generator_c.so
-- Up-to-date: /home/turtlebot4/training_code/install/turtlebot4_msgs/include/turtlebot4_msgs/turtlebot4_msgs
-- Up-to-date: /home/turtlebot4/training_code/install/turtlebot4_msgs/include/turtlebot4_msgs/turtlebot4_msgs/msg
-- Up-to-date: /home/turtlebot4/training_code/install/turtlebot4_msgs/include/turtlebot4_msgs/turtlebot4_msgs/msg/rosidl_typesupport_fastrtps_c__visibility_control.h
-- Up-to-date: /home/turtlebot4/training_code/install/turtlebot4_msgs/include/turtlebot4_msgs/turtlebot4_msgs/msg/detail
-- Up-to-date: /home/turtlebot4/training_code/install/turtlebot4_msgs/include/turtlebot4_msgs/turtlebot4_msgs/msg/detail/user_button__rosidl_typesupport_fastrtps_c.h
-- Up-to-date: /home/turtlebot4/training_code/install/turtlebot4_msgs/include/turtlebot4_msgs/turtlebot4_msgs/msg/detail/user_led__rosidl_typesupport_fastrtps_c.h
-- Up-to-date: /home/turtlebot4/training_code/install/turtlebot4_msgs/include/turtlebot4_msgs/turtlebot4_msgs/msg/detail/user_display__rosidl_typesupport_fastrtps_c.h
-- Up-to-date: /home/turtlebot4/training_code/install/turtlebot4_msgs/lib/libturtlebot4_msgs__rosidl_typesupport_fastrtps_c.so
-- Up-to-date: /home/turtlebot4/training_code/install/turtlebot4_msgs/include/turtlebot4_msgs/turtlebot4_msgs
-- Up-to-date: /home/turtlebot4/training_code/install/turtlebot4_msgs/include/turtlebot4_msgs/turtlebot4_msgs/msg
-- Up-to-date: /home/turtlebot4/training_code/install/turtlebot4_msgs/include/turtlebot4_msgs/turtlebot4_msgs/msg/rosidl_typesupport_introspection_c__visibility_control.h
-- Up-to-date: /home/turtlebot4/training_code/install/turtlebot4_msgs/include/turtlebot4_msgs/turtlebot4_msgs/msg/detail
-- Up-to-date: /home/turtlebot4/training_code/install/turtlebot4_msgs/include/turtlebot4_msgs/turtlebot4_msgs/msg/detail/user_led__rosidl_typesupport_introspection_c.h
-- Up-to-date: /home/turtlebot4/training_code/install/turtlebot4_msgs/include/turtlebot4_msgs/turtlebot4_msgs/msg/detail/user_display__rosidl_typesupport_introspection_c.h
-- Up-to-date: /home/turtlebot4/training_code/install/turtlebot4_msgs/include/turtlebot4_msgs/turtlebot4_msgs/msg/detail/user_button__type_support.c
-- Up-to-date: /home/turtlebot4/training_code/install/turtlebot4_msgs/include/turtlebot4_msgs/turtlebot4_msgs/msg/detail/user_button__rosidl_typesupport_introspection_c.h
-- Up-to-date: /home/turtlebot4/training_code/install/turtlebot4_msgs/include/turtlebot4_msgs/turtlebot4_msgs/msg/detail/user_display__type_support.c
-- Up-to-date: /home/turtlebot4/training_code/install/turtlebot4_msgs/include/turtlebot4_msgs/turtlebot4_msgs/msg/detail/user_led__type_support.c
-- Up-to-date: /home/turtlebot4/training_code/install/turtlebot4_msgs/lib/libturtlebot4_msgs__rosidl_typesupport_introspection_c.so
-- Up-to-date: /home/turtlebot4/training_code/install/turtlebot4_msgs/lib/libturtlebot4_msgs__rosidl_typesupport_c.so
-- Up-to-date: /home/turtlebot4/training_code/install/turtlebot4_msgs/include/turtlebot4_msgs/turtlebot4_msgs
-- Up-to-date: /home/turtlebot4/training_code/install/turtlebot4_msgs/include/turtlebot4_msgs/turtlebot4_msgs/msg
-- Up-to-date: /home/turtlebot4/training_code/install/turtlebot4_msgs/include/turtlebot4_msgs/turtlebot4_msgs/msg/user_led.hpp
-- Up-to-date: /home/turtlebot4/training_code/install/turtlebot4_msgs/include/turtlebot4_msgs/turtlebot4_msgs/msg/rosidl_generator_cpp__visibility_control.hpp
-- Up-to-date: /home/turtlebot4/training_code/install/turtlebot4_msgs/include/turtlebot4_msgs/turtlebot4_msgs/msg/user_button.hpp
-- Up-to-date: /home/turtlebot4/training_code/install/turtlebot4_msgs/include/turtlebot4_msgs/turtlebot4_msgs/msg/detail
-- Up-to-date: /home/turtlebot4/training_code/install/turtlebot4_msgs/include/turtlebot4_msgs/turtlebot4_msgs/msg/detail/user_button__struct.hpp
-- Up-to-date: /home/turtlebot4/training_code/install/turtlebot4_msgs/include/turtlebot4_msgs/turtlebot4_msgs/msg/detail/user_led__struct.hpp
-- Up-to-date: /home/turtlebot4/training_code/install/turtlebot4_msgs/include/turtlebot4_msgs/turtlebot4_msgs/msg/detail/user_led__type_support.hpp
-- Up-to-date: /home/turtlebot4/training_code/install/turtlebot4_msgs/include/turtlebot4_msgs/turtlebot4_msgs/msg/detail/user_button__type_support.hpp
-- Up-to-date: /home/turtlebot4/training_code/install/turtlebot4_msgs/include/turtlebot4_msgs/turtlebot4_msgs/msg/detail/user_led__traits.hpp
-- Up-to-date: /home/turtlebot4/training_code/install/turtlebot4_msgs/include/turtlebot4_msgs/turtlebot4_msgs/msg/detail/user_led__builder.hpp
-- Up-to-date: /home/turtlebot4/training_code/install/turtlebot4_msgs/include/turtlebot4_msgs/turtlebot4_msgs/msg/detail/user_button__builder.hpp
-- Up-to-date: /home/turtlebot4/training_code/install/turtlebot4_msgs/include/turtlebot4_msgs/turtlebot4_msgs/msg/detail/user_button__traits.hpp
-- Up-to-date: /home/turtlebot4/training_code/install/turtlebot4_msgs/include/turtlebot4_msgs/turtlebot4_msgs/msg/detail/user_display__traits.hpp
-- Up-to-date: /home/turtlebot4/training_code/install/turtlebot4_msgs/include/turtlebot4_msgs/turtlebot4_msgs/msg/detail/user_display__builder.hpp
-- Up-to-date: /home/turtlebot4/training_code/install/turtlebot4_msgs/include/turtlebot4_msgs/turtlebot4_msgs/msg/detail/user_display__type_support.hpp
-- Up-to-date: /home/turtlebot4/training_code/install/turtlebot4_msgs/include/turtlebot4_msgs/turtlebot4_msgs/msg/detail/user_display__struct.hpp
-- Up-to-date: /home/turtlebot4/training_code/install/turtlebot4_msgs/include/turtlebot4_msgs/turtlebot4_msgs/msg/user_display.hpp
-- Up-to-date: /home/turtlebot4/training_code/install/turtlebot4_msgs/include/turtlebot4_msgs/turtlebot4_msgs
-- Up-to-date: /home/turtlebot4/training_code/install/turtlebot4_msgs/include/turtlebot4_msgs/turtlebot4_msgs/msg
-- Up-to-date: /home/turtlebot4/training_code/install/turtlebot4_msgs/include/turtlebot4_msgs/turtlebot4_msgs/msg/rosidl_typesupport_fastrtps_cpp__visibility_control.h
-- Up-to-date: /home/turtlebot4/training_code/install/turtlebot4_msgs/include/turtlebot4_msgs/turtlebot4_msgs/msg/detail
-- Up-to-date: /home/turtlebot4/training_code/install/turtlebot4_msgs/include/turtlebot4_msgs/turtlebot4_msgs/msg/detail/user_led__rosidl_typesupport_fastrtps_cpp.hpp
-- Up-to-date: /home/turtlebot4/training_code/install/turtlebot4_msgs/include/turtlebot4_msgs/turtlebot4_msgs/msg/detail/dds_fastrtps
-- Up-to-date: /home/turtlebot4/training_code/install/turtlebot4_msgs/include/turtlebot4_msgs/turtlebot4_msgs/msg/detail/user_button__rosidl_typesupport_fastrtps_cpp.hpp
-- Up-to-date: /home/turtlebot4/training_code/install/turtlebot4_msgs/include/turtlebot4_msgs/turtlebot4_msgs/msg/detail/user_display__rosidl_typesupport_fastrtps_cpp.hpp
-- Up-to-date: /home/turtlebot4/training_code/install/turtlebot4_msgs/lib/libturtlebot4_msgs__rosidl_typesupport_fastrtps_cpp.so
-- Up-to-date: /home/turtlebot4/training_code/install/turtlebot4_msgs/include/turtlebot4_msgs/turtlebot4_msgs
-- Up-to-date: /home/turtlebot4/training_code/install/turtlebot4_msgs/include/turtlebot4_msgs/turtlebot4_msgs/msg
-- Up-to-date: /home/turtlebot4/training_code/install/turtlebot4_msgs/include/turtlebot4_msgs/turtlebot4_msgs/msg/detail
-- Up-to-date: /home/turtlebot4/training_code/install/turtlebot4_msgs/include/turtlebot4_msgs/turtlebot4_msgs/msg/detail/user_led__type_support.cpp
-- Up-to-date: /home/turtlebot4/training_code/install/turtlebot4_msgs/include/turtlebot4_msgs/turtlebot4_msgs/msg/detail/user_button__rosidl_typesupport_introspection_cpp.hpp
-- Up-to-date: /home/turtlebot4/training_code/install/turtlebot4_msgs/include/turtlebot4_msgs/turtlebot4_msgs/msg/detail/user_button__type_support.cpp
-- Up-to-date: /home/turtlebot4/training_code/install/turtlebot4_msgs/include/turtlebot4_msgs/turtlebot4_msgs/msg/detail/user_display__type_support.cpp
-- Up-to-date: /home/turtlebot4/training_code/install/turtlebot4_msgs/include/turtlebot4_msgs/turtlebot4_msgs/msg/detail/user_display__rosidl_typesupport_introspection_cpp.hpp
-- Up-to-date: /home/turtlebot4/training_code/install/turtlebot4_msgs/include/turtlebot4_msgs/turtlebot4_msgs/msg/detail/user_led__rosidl_typesupport_introspection_cpp.hpp
-- Up-to-date: /home/turtlebot4/training_code/install/turtlebot4_msgs/lib/libturtlebot4_msgs__rosidl_typesupport_introspection_cpp.so
-- Up-to-date: /home/turtlebot4/training_code/install/turtlebot4_msgs/lib/libturtlebot4_msgs__rosidl_typesupport_cpp.so
-- Up-to-date: /home/turtlebot4/training_code/install/turtlebot4_msgs/share/turtlebot4_msgs/environment/pythonpath.sh
-- Up-to-date: /home/turtlebot4/training_code/install/turtlebot4_msgs/share/turtlebot4_msgs/environment/pythonpath.dsv
-- Up-to-date: /home/turtlebot4/training_code/install/turtlebot4_msgs/local/lib/python3.10/dist-packages/turtlebot4_msgs-1.0.5-py3.10.egg-info
-- Installing: /home/turtlebot4/training_code/install/turtlebot4_msgs/local/lib/python3.10/dist-packages/turtlebot4_msgs-1.0.5-py3.10.egg-info/SOURCES.txt
-- Installing: /home/turtlebot4/training_code/install/turtlebot4_msgs/local/lib/python3.10/dist-packages/turtlebot4_msgs-1.0.5-py3.10.egg-info/PKG-INFO
-- Installing: /home/turtlebot4/training_code/install/turtlebot4_msgs/local/lib/python3.10/dist-packages/turtlebot4_msgs-1.0.5-py3.10.egg-info/dependency_links.txt
-- Installing: /home/turtlebot4/training_code/install/turtlebot4_msgs/local/lib/python3.10/dist-packages/turtlebot4_msgs-1.0.5-py3.10.egg-info/top_level.txt
-- Up-to-date: /home/turtlebot4/training_code/install/turtlebot4_msgs/local/lib/python3.10/dist-packages/turtlebot4_msgs
-- Up-to-date: /home/turtlebot4/training_code/install/turtlebot4_msgs/local/lib/python3.10/dist-packages/turtlebot4_msgs/_turtlebot4_msgs_s.ep.rosidl_typesupport_introspection_c.c
-- Up-to-date: /home/turtlebot4/training_code/install/turtlebot4_msgs/local/lib/python3.10/dist-packages/turtlebot4_msgs/turtlebot4_msgs_s__rosidl_typesupport_c.cpython-310-aarch64-linux-gnu.so
-- Up-to-date: /home/turtlebot4/training_code/install/turtlebot4_msgs/local/lib/python3.10/dist-packages/turtlebot4_msgs/libturtlebot4_msgs__rosidl_generator_py.so
-- Up-to-date: /home/turtlebot4/training_code/install/turtlebot4_msgs/local/lib/python3.10/dist-packages/turtlebot4_msgs/_turtlebot4_msgs_s.ep.rosidl_typesupport_c.c
-- Up-to-date: /home/turtlebot4/training_code/install/turtlebot4_msgs/local/lib/python3.10/dist-packages/turtlebot4_msgs/turtlebot4_msgs_s__rosidl_typesupport_fastrtps_c.cpython-310-aarch64-linux-gnu.so
-- Up-to-date: /home/turtlebot4/training_code/install/turtlebot4_msgs/local/lib/python3.10/dist-packages/turtlebot4_msgs/__init__.py
-- Up-to-date: /home/turtlebot4/training_code/install/turtlebot4_msgs/local/lib/python3.10/dist-packages/turtlebot4_msgs/turtlebot4_msgs_s__rosidl_typesupport_introspection_c.cpython-310-aarch64-linux-gnu.so
-- Up-to-date: /home/turtlebot4/training_code/install/turtlebot4_msgs/local/lib/python3.10/dist-packages/turtlebot4_msgs/msg
-- Up-to-date: /home/turtlebot4/training_code/install/turtlebot4_msgs/local/lib/python3.10/dist-packages/turtlebot4_msgs/msg/_user_button.py
-- Up-to-date: /home/turtlebot4/training_code/install/turtlebot4_msgs/local/lib/python3.10/dist-packages/turtlebot4_msgs/msg/_user_led.py
-- Up-to-date: /home/turtlebot4/training_code/install/turtlebot4_msgs/local/lib/python3.10/dist-packages/turtlebot4_msgs/msg/_user_button_s.c
-- Up-to-date: /home/turtlebot4/training_code/install/turtlebot4_msgs/local/lib/python3.10/dist-packages/turtlebot4_msgs/msg/_user_display_s.c
-- Up-to-date: /home/turtlebot4/training_code/install/turtlebot4_msgs/local/lib/python3.10/dist-packages/turtlebot4_msgs/msg/__init__.py
-- Up-to-date: /home/turtlebot4/training_code/install/turtlebot4_msgs/local/lib/python3.10/dist-packages/turtlebot4_msgs/msg/_user_display.py
-- Up-to-date: /home/turtlebot4/training_code/install/turtlebot4_msgs/local/lib/python3.10/dist-packages/turtlebot4_msgs/msg/_user_led_s.c
-- Up-to-date: /home/turtlebot4/training_code/install/turtlebot4_msgs/local/lib/python3.10/dist-packages/turtlebot4_msgs/_turtlebot4_msgs_s.ep.rosidl_typesupport_fastrtps_c.c
Listing '/home/turtlebot4/training_code/install/turtlebot4_msgs/local/lib/python3.10/dist-packages/turtlebot4_msgs'...
Listing '/home/turtlebot4/training_code/install/turtlebot4_msgs/local/lib/python3.10/dist-packages/turtlebot4_msgs/msg'...
-- Up-to-date: /home/turtlebot4/training_code/install/turtlebot4_msgs/local/lib/python3.10/dist-packages/turtlebot4_msgs/turtlebot4_msgs_s__rosidl_typesupport_fastrtps_c.cpython-310-aarch64-linux-gnu.so
-- Up-to-date: /home/turtlebot4/training_code/install/turtlebot4_msgs/local/lib/python3.10/dist-packages/turtlebot4_msgs/turtlebot4_msgs_s__rosidl_typesupport_introspection_c.cpython-310-aarch64-linux-gnu.so
-- Up-to-date: /home/turtlebot4/training_code/install/turtlebot4_msgs/local/lib/python3.10/dist-packages/turtlebot4_msgs/turtlebot4_msgs_s__rosidl_typesupport_c.cpython-310-aarch64-linux-gnu.so
-- Up-to-date: /home/turtlebot4/training_code/install/turtlebot4_msgs/lib/libturtlebot4_msgs__rosidl_generator_py.so
-- Up-to-date: /home/turtlebot4/training_code/install/turtlebot4_msgs/share/ament_index/resource_index/rust_packages/turtlebot4_msgs
-- Up-to-date: /home/turtlebot4/training_code/install/turtlebot4_msgs/share/turtlebot4_msgs/rust
-- Up-to-date: /home/turtlebot4/training_code/install/turtlebot4_msgs/share/turtlebot4_msgs/rust/Cargo.toml
-- Up-to-date: /home/turtlebot4/training_code/install/turtlebot4_msgs/share/turtlebot4_msgs/rust/build.rs
-- Up-to-date: /home/turtlebot4/training_code/install/turtlebot4_msgs/share/turtlebot4_msgs/rust/src
-- Up-to-date: /home/turtlebot4/training_code/install/turtlebot4_msgs/share/turtlebot4_msgs/rust/src/lib.rs
-- Up-to-date: /home/turtlebot4/training_code/install/turtlebot4_msgs/share/turtlebot4_msgs/rust/src/msg.rs
-- Up-to-date: /home/turtlebot4/training_code/install/turtlebot4_msgs/share/turtlebot4_msgs/rust/src/msg
-- Up-to-date: /home/turtlebot4/training_code/install/turtlebot4_msgs/share/turtlebot4_msgs/rust/src/msg/rmw.rs
-- Up-to-date: /home/turtlebot4/training_code/install/turtlebot4_msgs/share/turtlebot4_msgs/msg/UserLed.idl
-- Up-to-date: /home/turtlebot4/training_code/install/turtlebot4_msgs/share/turtlebot4_msgs/msg/UserButton.idl
-- Up-to-date: /home/turtlebot4/training_code/install/turtlebot4_msgs/share/turtlebot4_msgs/msg/UserDisplay.idl
-- Up-to-date: /home/turtlebot4/training_code/install/turtlebot4_msgs/share/turtlebot4_msgs/msg/UserLed.msg
-- Up-to-date: /home/turtlebot4/training_code/install/turtlebot4_msgs/share/turtlebot4_msgs/msg/UserButton.msg
-- Up-to-date: /home/turtlebot4/training_code/install/turtlebot4_msgs/share/turtlebot4_msgs/msg/UserDisplay.msg
-- Up-to-date: /home/turtlebot4/training_code/install/turtlebot4_msgs/share/ament_index/resource_index/package_run_dependencies/turtlebot4_msgs
-- Up-to-date: /home/turtlebot4/training_code/install/turtlebot4_msgs/share/ament_index/resource_index/parent_prefix_path/turtlebot4_msgs
-- Up-to-date: /home/turtlebot4/training_code/install/turtlebot4_msgs/share/turtlebot4_msgs/environment/ament_prefix_path.sh
-- Up-to-date: /home/turtlebot4/training_code/install/turtlebot4_msgs/share/turtlebot4_msgs/environment/ament_prefix_path.dsv
-- Up-to-date: /home/turtlebot4/training_code/install/turtlebot4_msgs/share/turtlebot4_msgs/environment/path.sh
-- Up-to-date: /home/turtlebot4/training_code/install/turtlebot4_msgs/share/turtlebot4_msgs/environment/path.dsv
-- Up-to-date: /home/turtlebot4/training_code/install/turtlebot4_msgs/share/turtlebot4_msgs/local_setup.bash
-- Up-to-date: /home/turtlebot4/training_code/install/turtlebot4_msgs/share/turtlebot4_msgs/local_setup.sh
-- Up-to-date: /home/turtlebot4/training_code/install/turtlebot4_msgs/share/turtlebot4_msgs/local_setup.zsh
-- Up-to-date: /home/turtlebot4/training_code/install/turtlebot4_msgs/share/turtlebot4_msgs/local_setup.dsv
-- Installing: /home/turtlebot4/training_code/install/turtlebot4_msgs/share/turtlebot4_msgs/package.dsv
-- Up-to-date: /home/turtlebot4/training_code/install/turtlebot4_msgs/share/ament_index/resource_index/packages/turtlebot4_msgs
-- Up-to-date: /home/turtlebot4/training_code/install/turtlebot4_msgs/share/turtlebot4_msgs/cmake/export_turtlebot4_msgs__rosidl_generator_cExport.cmake
-- Up-to-date: /home/turtlebot4/training_code/install/turtlebot4_msgs/share/turtlebot4_msgs/cmake/export_turtlebot4_msgs__rosidl_generator_cExport-noconfig.cmake
-- Up-to-date: /home/turtlebot4/training_code/install/turtlebot4_msgs/share/turtlebot4_msgs/cmake/export_turtlebot4_msgs__rosidl_typesupport_fastrtps_cExport.cmake
-- Up-to-date: /home/turtlebot4/training_code/install/turtlebot4_msgs/share/turtlebot4_msgs/cmake/export_turtlebot4_msgs__rosidl_typesupport_fastrtps_cExport-noconfig.cmake
-- Up-to-date: /home/turtlebot4/training_code/install/turtlebot4_msgs/share/turtlebot4_msgs/cmake/turtlebot4_msgs__rosidl_typesupport_introspection_cExport.cmake
-- Up-to-date: /home/turtlebot4/training_code/install/turtlebot4_msgs/share/turtlebot4_msgs/cmake/turtlebot4_msgs__rosidl_typesupport_introspection_cExport-noconfig.cmake
-- Up-to-date: /home/turtlebot4/training_code/install/turtlebot4_msgs/share/turtlebot4_msgs/cmake/turtlebot4_msgs__rosidl_typesupport_cExport.cmake
-- Up-to-date: /home/turtlebot4/training_code/install/turtlebot4_msgs/share/turtlebot4_msgs/cmake/turtlebot4_msgs__rosidl_typesupport_cExport-noconfig.cmake
-- Up-to-date: /home/turtlebot4/training_code/install/turtlebot4_msgs/share/turtlebot4_msgs/cmake/export_turtlebot4_msgs__rosidl_generator_cppExport.cmake
-- Up-to-date: /home/turtlebot4/training_code/install/turtlebot4_msgs/share/turtlebot4_msgs/cmake/export_turtlebot4_msgs__rosidl_typesupport_fastrtps_cppExport.cmake
-- Up-to-date: /home/turtlebot4/training_code/install/turtlebot4_msgs/share/turtlebot4_msgs/cmake/export_turtlebot4_msgs__rosidl_typesupport_fastrtps_cppExport-noconfig.cmake
-- Up-to-date: /home/turtlebot4/training_code/install/turtlebot4_msgs/share/turtlebot4_msgs/cmake/turtlebot4_msgs__rosidl_typesupport_introspection_cppExport.cmake
-- Up-to-date: /home/turtlebot4/training_code/install/turtlebot4_msgs/share/turtlebot4_msgs/cmake/turtlebot4_msgs__rosidl_typesupport_introspection_cppExport-noconfig.cmake
-- Up-to-date: /home/turtlebot4/training_code/install/turtlebot4_msgs/share/turtlebot4_msgs/cmake/turtlebot4_msgs__rosidl_typesupport_cppExport.cmake
-- Up-to-date: /home/turtlebot4/training_code/install/turtlebot4_msgs/share/turtlebot4_msgs/cmake/turtlebot4_msgs__rosidl_typesupport_cppExport-noconfig.cmake
-- Up-to-date: /home/turtlebot4/training_code/install/turtlebot4_msgs/share/turtlebot4_msgs/cmake/export_turtlebot4_msgs__rosidl_generator_pyExport.cmake
-- Up-to-date: /home/turtlebot4/training_code/install/turtlebot4_msgs/share/turtlebot4_msgs/cmake/export_turtlebot4_msgs__rosidl_generator_pyExport-noconfig.cmake
-- Up-to-date: /home/turtlebot4/training_code/install/turtlebot4_msgs/share/turtlebot4_msgs/cmake/rosidl_cmake-extras.cmake
-- Up-to-date: /home/turtlebot4/training_code/install/turtlebot4_msgs/share/turtlebot4_msgs/cmake/ament_cmake_export_include_directories-extras.cmake
-- Up-to-date: /home/turtlebot4/training_code/install/turtlebot4_msgs/share/turtlebot4_msgs/cmake/ament_cmake_export_libraries-extras.cmake
-- Up-to-date: /home/turtlebot4/training_code/install/turtlebot4_msgs/share/turtlebot4_msgs/cmake/ament_cmake_export_targets-extras.cmake
-- Up-to-date: /home/turtlebot4/training_code/install/turtlebot4_msgs/share/turtlebot4_msgs/cmake/rosidl_cmake_export_typesupport_targets-extras.cmake
-- Up-to-date: /home/turtlebot4/training_code/install/turtlebot4_msgs/share/turtlebot4_msgs/cmake/ament_cmake_export_dependencies-extras.cmake
-- Up-to-date: /home/turtlebot4/training_code/install/turtlebot4_msgs/share/turtlebot4_msgs/cmake/rosidl_cmake_export_typesupport_libraries-extras.cmake
-- Up-to-date: /home/turtlebot4/training_code/install/turtlebot4_msgs/share/turtlebot4_msgs/cmake/turtlebot4_msgsConfig.cmake
-- Up-to-date: /home/turtlebot4/training_code/install/turtlebot4_msgs/share/turtlebot4_msgs/cmake/turtlebot4_msgsConfig-version.cmake
-- Up-to-date: /home/turtlebot4/training_code/install/turtlebot4_msgs/share/turtlebot4_msgs/package.xml
