-- Found ament_cmake: 1.3.11 (/opt/ros/humble/share/ament_cmake/cmake)
-- Found ament_lint_auto: 0.12.11 (/opt/ros/humble/share/ament_lint_auto/cmake)
-- Found rosidl_default_generators: 1.2.0 (/opt/ros/humble/share/rosidl_default_generators/cmake)
-- Using all available rosidl_typesupport_c: rosidl_typesupport_fastrtps_c;rosidl_typesupport_introspection_c
-- Found rosidl_adapter: 3.1.6 (/opt/ros/humble/share/rosidl_adapter/cmake)
-- Using all available rosidl_typesupport_cpp: rosidl_typesupport_fastrtps_cpp;rosidl_typesupport_introspection_cpp
-- Found std_msgs: 4.2.4 (/opt/ros/humble/share/std_msgs/cmake)
-- Found ament_cmake_ros: 0.10.0 (/opt/ros/humble/share/ament_cmake_ros/cmake)
-- Using all available rosidl_typesupport_c: rosidl_typesupport_fastrtps_c;rosidl_typesupport_introspection_c
-- Using all available rosidl_typesupport_cpp: rosidl_typesupport_fastrtps_cpp;rosidl_typesupport_introspection_cpp
-- Found python_cmake_module: 0.10.0 (/opt/ros/humble/share/python_cmake_module/cmake)
-- Using PYTHON_EXECUTABLE: /usr/bin/python3
-- Using PYTHON_INCLUDE_DIRS: /usr/include/python3.10
-- Using PYTHON_LIBRARIES: /usr/lib/aarch64-linux-gnu/libpython3.10.so
-- Added test 'copyright' to check source files copyright and LICENSE
-- Added test 'lint_cmake' to check CMake code style
-- Added test 'xmllint' to check XML markup files
-- Configuring done
-- Generating done
-- Build files have been written to: /home/turtlebot4/training_code/build/turtlebot4_msgs
[35m[1mConsolidate compiler generated dependencies of target turtlebot4_msgs__rosidl_generator_c[0m
[  2%] Built target turtlebot4_msgs__cpp
[ 12%] Built target turtlebot4_msgs__rosidl_generator_c
[ 12%] Built target ament_cmake_python_copy_turtlebot4_msgs
[35m[1mConsolidate compiler generated dependencies of target turtlebot4_msgs__rosidl_typesupport_cpp[0m
[35m[1mConsolidate compiler generated dependencies of target turtlebot4_msgs__rosidl_typesupport_fastrtps_cpp[0m
[35m[1mConsolidate compiler generated dependencies of target turtlebot4_msgs__rosidl_typesupport_introspection_c[0m
[35m[1mConsolidate compiler generated dependencies of target turtlebot4_msgs__rosidl_typesupport_introspection_cpp[0m
[35m[1mConsolidate compiler generated dependencies of target turtlebot4_msgs__rosidl_typesupport_fastrtps_c[0m
[35m[1mConsolidate compiler generated dependencies of target turtlebot4_msgs__rosidl_typesupport_c[0m
[ 23%] Built target turtlebot4_msgs__rosidl_typesupport_cpp
[ 36%] Built target turtlebot4_msgs__rosidl_typesupport_fastrtps_cpp
[ 44%] Built target turtlebot4_msgs__rosidl_typesupport_introspection_cpp
[ 55%] Built target turtlebot4_msgs__rosidl_typesupport_fastrtps_c
[ 65%] Built target turtlebot4_msgs__rosidl_typesupport_c
[ 76%] Built target turtlebot4_msgs__rosidl_typesupport_introspection_c
[ 76%] Built target turtlebot4_msgs
[ 78%] Built target turtlebot4_msgs__py
[35m[1mConsolidate compiler generated dependencies of target turtlebot4_msgs__rosidl_generator_py[0m
[ 87%] Built target turtlebot4_msgs__rosidl_generator_py
[35m[1mConsolidate compiler generated dependencies of target turtlebot4_msgs__rosidl_typesupport_introspection_c__pyext[0m
[35m[1mConsolidate compiler generated dependencies of target turtlebot4_msgs__rosidl_typesupport_fastrtps_c__pyext[0m
[35m[1mConsolidate compiler generated dependencies of target turtlebot4_msgs__rosidl_typesupport_c__pyext[0m
[ 91%] Built target turtlebot4_msgs__rosidl_typesupport_introspection_c__pyext
[ 95%] Built target turtlebot4_msgs__rosidl_typesupport_fastrtps_c__pyext
[100%] Built target turtlebot4_msgs__rosidl_typesupport_c__pyext
running egg_info
writing turtlebot4_msgs.egg-info/PKG-INFO
writing dependency_links to turtlebot4_msgs.egg-info/dependency_links.txt
writing top-level names to turtlebot4_msgs.egg-info/top_level.txt
reading manifest file 'turtlebot4_msgs.egg-info/SOURCES.txt'
writing manifest file 'turtlebot4_msgs.egg-info/SOURCES.txt'
[100%] Built target ament_cmake_python_build_turtlebot4_msgs_egg
-- Install configuration: ""
-- Installing: /home/turtlebot4/training_code/install/turtlebot4_msgs/share/ament_index/resource_index/rosidl_interfaces/turtlebot4_msgs
-- Installing: /home/turtlebot4/training_code/install/turtlebot4_msgs/include/turtlebot4_msgs/turtlebot4_msgs
-- Installing: /home/turtlebot4/training_code/install/turtlebot4_msgs/include/turtlebot4_msgs/turtlebot4_msgs/msg
-- Installing: /home/turtlebot4/training_code/install/turtlebot4_msgs/include/turtlebot4_msgs/turtlebot4_msgs/msg/rosidl_generator_c__visibility_control.h
-- Installing: /home/turtlebot4/training_code/install/turtlebot4_msgs/include/turtlebot4_msgs/turtlebot4_msgs/msg/user_button.h
-- Installing: /home/turtlebot4/training_code/install/turtlebot4_msgs/include/turtlebot4_msgs/turtlebot4_msgs/msg/user_display.h
-- Installing: /home/turtlebot4/training_code/install/turtlebot4_msgs/include/turtlebot4_msgs/turtlebot4_msgs/msg/detail
-- Installing: /home/turtlebot4/training_code/install/turtlebot4_msgs/include/turtlebot4_msgs/turtlebot4_msgs/msg/detail/user_button__functions.c
-- Installing: /home/turtlebot4/training_code/install/turtlebot4_msgs/include/turtlebot4_msgs/turtlebot4_msgs/msg/detail/user_display__functions.c
-- Installing: /home/turtlebot4/training_code/install/turtlebot4_msgs/include/turtlebot4_msgs/turtlebot4_msgs/msg/detail/user_display__type_support.h
-- Installing: /home/turtlebot4/training_code/install/turtlebot4_msgs/include/turtlebot4_msgs/turtlebot4_msgs/msg/detail/user_button__functions.h
-- Installing: /home/turtlebot4/training_code/install/turtlebot4_msgs/include/turtlebot4_msgs/turtlebot4_msgs/msg/detail/user_display__functions.h
-- Installing: /home/turtlebot4/training_code/install/turtlebot4_msgs/include/turtlebot4_msgs/turtlebot4_msgs/msg/detail/user_display__struct.h
-- Installing: /home/turtlebot4/training_code/install/turtlebot4_msgs/include/turtlebot4_msgs/turtlebot4_msgs/msg/detail/user_button__type_support.h
-- Installing: /home/turtlebot4/training_code/install/turtlebot4_msgs/include/turtlebot4_msgs/turtlebot4_msgs/msg/detail/user_led__functions.h
-- Installing: /home/turtlebot4/training_code/install/turtlebot4_msgs/include/turtlebot4_msgs/turtlebot4_msgs/msg/detail/user_led__functions.c
-- Installing: /home/turtlebot4/training_code/install/turtlebot4_msgs/include/turtlebot4_msgs/turtlebot4_msgs/msg/detail/user_button__struct.h
-- Installing: /home/turtlebot4/training_code/install/turtlebot4_msgs/include/turtlebot4_msgs/turtlebot4_msgs/msg/detail/user_led__type_support.h
-- Installing: /home/turtlebot4/training_code/install/turtlebot4_msgs/include/turtlebot4_msgs/turtlebot4_msgs/msg/detail/user_led__struct.h
-- Installing: /home/turtlebot4/training_code/install/turtlebot4_msgs/include/turtlebot4_msgs/turtlebot4_msgs/msg/user_led.h
-- Installing: /home/turtlebot4/training_code/install/turtlebot4_msgs/share/turtlebot4_msgs/environment/library_path.sh
-- Installing: /home/turtlebot4/training_code/install/turtlebot4_msgs/share/turtlebot4_msgs/environment/library_path.dsv
-- Installing: /home/turtlebot4/training_code/install/turtlebot4_msgs/lib/libturtlebot4_msgs__rosidl_generator_c.so
-- Set runtime path of "/home/turtlebot4/training_code/install/turtlebot4_msgs/lib/libturtlebot4_msgs__rosidl_generator_c.so" to ""
-- Up-to-date: /home/turtlebot4/training_code/install/turtlebot4_msgs/include/turtlebot4_msgs/turtlebot4_msgs
-- Up-to-date: /home/turtlebot4/training_code/install/turtlebot4_msgs/include/turtlebot4_msgs/turtlebot4_msgs/msg
-- Installing: /home/turtlebot4/training_code/install/turtlebot4_msgs/include/turtlebot4_msgs/turtlebot4_msgs/msg/rosidl_typesupport_fastrtps_c__visibility_control.h
-- Up-to-date: /home/turtlebot4/training_code/install/turtlebot4_msgs/include/turtlebot4_msgs/turtlebot4_msgs/msg/detail
-- Installing: /home/turtlebot4/training_code/install/turtlebot4_msgs/include/turtlebot4_msgs/turtlebot4_msgs/msg/detail/user_button__rosidl_typesupport_fastrtps_c.h
-- Installing: /home/turtlebot4/training_code/install/turtlebot4_msgs/include/turtlebot4_msgs/turtlebot4_msgs/msg/detail/user_led__rosidl_typesupport_fastrtps_c.h
-- Installing: /home/turtlebot4/training_code/install/turtlebot4_msgs/include/turtlebot4_msgs/turtlebot4_msgs/msg/detail/user_display__rosidl_typesupport_fastrtps_c.h
-- Installing: /home/turtlebot4/training_code/install/turtlebot4_msgs/lib/libturtlebot4_msgs__rosidl_typesupport_fastrtps_c.so
-- Set runtime path of "/home/turtlebot4/training_code/install/turtlebot4_msgs/lib/libturtlebot4_msgs__rosidl_typesupport_fastrtps_c.so" to ""
-- Up-to-date: /home/turtlebot4/training_code/install/turtlebot4_msgs/include/turtlebot4_msgs/turtlebot4_msgs
-- Up-to-date: /home/turtlebot4/training_code/install/turtlebot4_msgs/include/turtlebot4_msgs/turtlebot4_msgs/msg
-- Installing: /home/turtlebot4/training_code/install/turtlebot4_msgs/include/turtlebot4_msgs/turtlebot4_msgs/msg/rosidl_typesupport_introspection_c__visibility_control.h
-- Up-to-date: /home/turtlebot4/training_code/install/turtlebot4_msgs/include/turtlebot4_msgs/turtlebot4_msgs/msg/detail
-- Installing: /home/turtlebot4/training_code/install/turtlebot4_msgs/include/turtlebot4_msgs/turtlebot4_msgs/msg/detail/user_led__rosidl_typesupport_introspection_c.h
-- Installing: /home/turtlebot4/training_code/install/turtlebot4_msgs/include/turtlebot4_msgs/turtlebot4_msgs/msg/detail/user_display__rosidl_typesupport_introspection_c.h
-- Installing: /home/turtlebot4/training_code/install/turtlebot4_msgs/include/turtlebot4_msgs/turtlebot4_msgs/msg/detail/user_button__type_support.c
-- Installing: /home/turtlebot4/training_code/install/turtlebot4_msgs/include/turtlebot4_msgs/turtlebot4_msgs/msg/detail/user_button__rosidl_typesupport_introspection_c.h
-- Installing: /home/turtlebot4/training_code/install/turtlebot4_msgs/include/turtlebot4_msgs/turtlebot4_msgs/msg/detail/user_display__type_support.c
-- Installing: /home/turtlebot4/training_code/install/turtlebot4_msgs/include/turtlebot4_msgs/turtlebot4_msgs/msg/detail/user_led__type_support.c
-- Installing: /home/turtlebot4/training_code/install/turtlebot4_msgs/lib/libturtlebot4_msgs__rosidl_typesupport_introspection_c.so
-- Set runtime path of "/home/turtlebot4/training_code/install/turtlebot4_msgs/lib/libturtlebot4_msgs__rosidl_typesupport_introspection_c.so" to ""
-- Installing: /home/turtlebot4/training_code/install/turtlebot4_msgs/lib/libturtlebot4_msgs__rosidl_typesupport_c.so
-- Set runtime path of "/home/turtlebot4/training_code/install/turtlebot4_msgs/lib/libturtlebot4_msgs__rosidl_typesupport_c.so" to ""
-- Up-to-date: /home/turtlebot4/training_code/install/turtlebot4_msgs/include/turtlebot4_msgs/turtlebot4_msgs
-- Up-to-date: /home/turtlebot4/training_code/install/turtlebot4_msgs/include/turtlebot4_msgs/turtlebot4_msgs/msg
-- Installing: /home/turtlebot4/training_code/install/turtlebot4_msgs/include/turtlebot4_msgs/turtlebot4_msgs/msg/user_led.hpp
-- Installing: /home/turtlebot4/training_code/install/turtlebot4_msgs/include/turtlebot4_msgs/turtlebot4_msgs/msg/rosidl_generator_cpp__visibility_control.hpp
-- Installing: /home/turtlebot4/training_code/install/turtlebot4_msgs/include/turtlebot4_msgs/turtlebot4_msgs/msg/user_button.hpp
-- Up-to-date: /home/turtlebot4/training_code/install/turtlebot4_msgs/include/turtlebot4_msgs/turtlebot4_msgs/msg/detail
-- Installing: /home/turtlebot4/training_code/install/turtlebot4_msgs/include/turtlebot4_msgs/turtlebot4_msgs/msg/detail/user_button__struct.hpp
-- Installing: /home/turtlebot4/training_code/install/turtlebot4_msgs/include/turtlebot4_msgs/turtlebot4_msgs/msg/detail/user_led__struct.hpp
-- Installing: /home/turtlebot4/training_code/install/turtlebot4_msgs/include/turtlebot4_msgs/turtlebot4_msgs/msg/detail/user_led__type_support.hpp
-- Installing: /home/turtlebot4/training_code/install/turtlebot4_msgs/include/turtlebot4_msgs/turtlebot4_msgs/msg/detail/user_button__type_support.hpp
-- Installing: /home/turtlebot4/training_code/install/turtlebot4_msgs/include/turtlebot4_msgs/turtlebot4_msgs/msg/detail/user_led__traits.hpp
-- Installing: /home/turtlebot4/training_code/install/turtlebot4_msgs/include/turtlebot4_msgs/turtlebot4_msgs/msg/detail/user_led__builder.hpp
-- Installing: /home/turtlebot4/training_code/install/turtlebot4_msgs/include/turtlebot4_msgs/turtlebot4_msgs/msg/detail/user_button__builder.hpp
-- Installing: /home/turtlebot4/training_code/install/turtlebot4_msgs/include/turtlebot4_msgs/turtlebot4_msgs/msg/detail/user_button__traits.hpp
-- Installing: /home/turtlebot4/training_code/install/turtlebot4_msgs/include/turtlebot4_msgs/turtlebot4_msgs/msg/detail/user_display__traits.hpp
-- Installing: /home/turtlebot4/training_code/install/turtlebot4_msgs/include/turtlebot4_msgs/turtlebot4_msgs/msg/detail/user_display__builder.hpp
-- Installing: /home/turtlebot4/training_code/install/turtlebot4_msgs/include/turtlebot4_msgs/turtlebot4_msgs/msg/detail/user_display__type_support.hpp
-- Installing: /home/turtlebot4/training_code/install/turtlebot4_msgs/include/turtlebot4_msgs/turtlebot4_msgs/msg/detail/user_display__struct.hpp
-- Installing: /home/turtlebot4/training_code/install/turtlebot4_msgs/include/turtlebot4_msgs/turtlebot4_msgs/msg/user_display.hpp
-- Up-to-date: /home/turtlebot4/training_code/install/turtlebot4_msgs/include/turtlebot4_msgs/turtlebot4_msgs
-- Up-to-date: /home/turtlebot4/training_code/install/turtlebot4_msgs/include/turtlebot4_msgs/turtlebot4_msgs/msg
-- Installing: /home/turtlebot4/training_code/install/turtlebot4_msgs/include/turtlebot4_msgs/turtlebot4_msgs/msg/rosidl_typesupport_fastrtps_cpp__visibility_control.h
-- Up-to-date: /home/turtlebot4/training_code/install/turtlebot4_msgs/include/turtlebot4_msgs/turtlebot4_msgs/msg/detail
-- Installing: /home/turtlebot4/training_code/install/turtlebot4_msgs/include/turtlebot4_msgs/turtlebot4_msgs/msg/detail/user_led__rosidl_typesupport_fastrtps_cpp.hpp
-- Installing: /home/turtlebot4/training_code/install/turtlebot4_msgs/include/turtlebot4_msgs/turtlebot4_msgs/msg/detail/dds_fastrtps
-- Installing: /home/turtlebot4/training_code/install/turtlebot4_msgs/include/turtlebot4_msgs/turtlebot4_msgs/msg/detail/user_button__rosidl_typesupport_fastrtps_cpp.hpp
-- Installing: /home/turtlebot4/training_code/install/turtlebot4_msgs/include/turtlebot4_msgs/turtlebot4_msgs/msg/detail/user_display__rosidl_typesupport_fastrtps_cpp.hpp
-- Installing: /home/turtlebot4/training_code/install/turtlebot4_msgs/lib/libturtlebot4_msgs__rosidl_typesupport_fastrtps_cpp.so
-- Set runtime path of "/home/turtlebot4/training_code/install/turtlebot4_msgs/lib/libturtlebot4_msgs__rosidl_typesupport_fastrtps_cpp.so" to ""
-- Up-to-date: /home/turtlebot4/training_code/install/turtlebot4_msgs/include/turtlebot4_msgs/turtlebot4_msgs
-- Up-to-date: /home/turtlebot4/training_code/install/turtlebot4_msgs/include/turtlebot4_msgs/turtlebot4_msgs/msg
-- Up-to-date: /home/turtlebot4/training_code/install/turtlebot4_msgs/include/turtlebot4_msgs/turtlebot4_msgs/msg/detail
-- Installing: /home/turtlebot4/training_code/install/turtlebot4_msgs/include/turtlebot4_msgs/turtlebot4_msgs/msg/detail/user_led__type_support.cpp
-- Installing: /home/turtlebot4/training_code/install/turtlebot4_msgs/include/turtlebot4_msgs/turtlebot4_msgs/msg/detail/user_button__rosidl_typesupport_introspection_cpp.hpp
-- Installing: /home/turtlebot4/training_code/install/turtlebot4_msgs/include/turtlebot4_msgs/turtlebot4_msgs/msg/detail/user_button__type_support.cpp
-- Installing: /home/turtlebot4/training_code/install/turtlebot4_msgs/include/turtlebot4_msgs/turtlebot4_msgs/msg/detail/user_display__type_support.cpp
-- Installing: /home/turtlebot4/training_code/install/turtlebot4_msgs/include/turtlebot4_msgs/turtlebot4_msgs/msg/detail/user_display__rosidl_typesupport_introspection_cpp.hpp
-- Installing: /home/turtlebot4/training_code/install/turtlebot4_msgs/include/turtlebot4_msgs/turtlebot4_msgs/msg/detail/user_led__rosidl_typesupport_introspection_cpp.hpp
-- Installing: /home/turtlebot4/training_code/install/turtlebot4_msgs/lib/libturtlebot4_msgs__rosidl_typesupport_introspection_cpp.so
-- Set runtime path of "/home/turtlebot4/training_code/install/turtlebot4_msgs/lib/libturtlebot4_msgs__rosidl_typesupport_introspection_cpp.so" to ""
-- Installing: /home/turtlebot4/training_code/install/turtlebot4_msgs/lib/libturtlebot4_msgs__rosidl_typesupport_cpp.so
-- Set runtime path of "/home/turtlebot4/training_code/install/turtlebot4_msgs/lib/libturtlebot4_msgs__rosidl_typesupport_cpp.so" to ""
-- Installing: /home/turtlebot4/training_code/install/turtlebot4_msgs/share/turtlebot4_msgs/environment/pythonpath.sh
-- Installing: /home/turtlebot4/training_code/install/turtlebot4_msgs/share/turtlebot4_msgs/environment/pythonpath.dsv
-- Installing: /home/turtlebot4/training_code/install/turtlebot4_msgs/local/lib/python3.10/dist-packages/turtlebot4_msgs-1.0.5-py3.10.egg-info
-- Installing: /home/turtlebot4/training_code/install/turtlebot4_msgs/local/lib/python3.10/dist-packages/turtlebot4_msgs-1.0.5-py3.10.egg-info/SOURCES.txt
-- Installing: /home/turtlebot4/training_code/install/turtlebot4_msgs/local/lib/python3.10/dist-packages/turtlebot4_msgs-1.0.5-py3.10.egg-info/PKG-INFO
-- Installing: /home/turtlebot4/training_code/install/turtlebot4_msgs/local/lib/python3.10/dist-packages/turtlebot4_msgs-1.0.5-py3.10.egg-info/dependency_links.txt
-- Installing: /home/turtlebot4/training_code/install/turtlebot4_msgs/local/lib/python3.10/dist-packages/turtlebot4_msgs-1.0.5-py3.10.egg-info/top_level.txt
-- Installing: /home/turtlebot4/training_code/install/turtlebot4_msgs/local/lib/python3.10/dist-packages/turtlebot4_msgs
-- Installing: /home/turtlebot4/training_code/install/turtlebot4_msgs/local/lib/python3.10/dist-packages/turtlebot4_msgs/_turtlebot4_msgs_s.ep.rosidl_typesupport_introspection_c.c
-- Installing: /home/turtlebot4/training_code/install/turtlebot4_msgs/local/lib/python3.10/dist-packages/turtlebot4_msgs/turtlebot4_msgs_s__rosidl_typesupport_c.cpython-310-aarch64-linux-gnu.so
-- Installing: /home/turtlebot4/training_code/install/turtlebot4_msgs/local/lib/python3.10/dist-packages/turtlebot4_msgs/libturtlebot4_msgs__rosidl_generator_py.so
-- Installing: /home/turtlebot4/training_code/install/turtlebot4_msgs/local/lib/python3.10/dist-packages/turtlebot4_msgs/_turtlebot4_msgs_s.ep.rosidl_typesupport_c.c
-- Installing: /home/turtlebot4/training_code/install/turtlebot4_msgs/local/lib/python3.10/dist-packages/turtlebot4_msgs/turtlebot4_msgs_s__rosidl_typesupport_fastrtps_c.cpython-310-aarch64-linux-gnu.so
-- Installing: /home/turtlebot4/training_code/install/turtlebot4_msgs/local/lib/python3.10/dist-packages/turtlebot4_msgs/__init__.py
-- Installing: /home/turtlebot4/training_code/install/turtlebot4_msgs/local/lib/python3.10/dist-packages/turtlebot4_msgs/turtlebot4_msgs_s__rosidl_typesupport_introspection_c.cpython-310-aarch64-linux-gnu.so
-- Installing: /home/turtlebot4/training_code/install/turtlebot4_msgs/local/lib/python3.10/dist-packages/turtlebot4_msgs/msg
-- Installing: /home/turtlebot4/training_code/install/turtlebot4_msgs/local/lib/python3.10/dist-packages/turtlebot4_msgs/msg/_user_button.py
-- Installing: /home/turtlebot4/training_code/install/turtlebot4_msgs/local/lib/python3.10/dist-packages/turtlebot4_msgs/msg/_user_led.py
-- Installing: /home/turtlebot4/training_code/install/turtlebot4_msgs/local/lib/python3.10/dist-packages/turtlebot4_msgs/msg/_user_button_s.c
-- Installing: /home/turtlebot4/training_code/install/turtlebot4_msgs/local/lib/python3.10/dist-packages/turtlebot4_msgs/msg/_user_display_s.c
-- Installing: /home/turtlebot4/training_code/install/turtlebot4_msgs/local/lib/python3.10/dist-packages/turtlebot4_msgs/msg/__init__.py
-- Installing: /home/turtlebot4/training_code/install/turtlebot4_msgs/local/lib/python3.10/dist-packages/turtlebot4_msgs/msg/_user_display.py
-- Installing: /home/turtlebot4/training_code/install/turtlebot4_msgs/local/lib/python3.10/dist-packages/turtlebot4_msgs/msg/_user_led_s.c
-- Installing: /home/turtlebot4/training_code/install/turtlebot4_msgs/local/lib/python3.10/dist-packages/turtlebot4_msgs/_turtlebot4_msgs_s.ep.rosidl_typesupport_fastrtps_c.c
Listing '/home/turtlebot4/training_code/install/turtlebot4_msgs/local/lib/python3.10/dist-packages/turtlebot4_msgs'...
Compiling '/home/turtlebot4/training_code/install/turtlebot4_msgs/local/lib/python3.10/dist-packages/turtlebot4_msgs/__init__.py'...
Listing '/home/turtlebot4/training_code/install/turtlebot4_msgs/local/lib/python3.10/dist-packages/turtlebot4_msgs/msg'...
Compiling '/home/turtlebot4/training_code/install/turtlebot4_msgs/local/lib/python3.10/dist-packages/turtlebot4_msgs/msg/__init__.py'...
Compiling '/home/turtlebot4/training_code/install/turtlebot4_msgs/local/lib/python3.10/dist-packages/turtlebot4_msgs/msg/_user_button.py'...
Compiling '/home/turtlebot4/training_code/install/turtlebot4_msgs/local/lib/python3.10/dist-packages/turtlebot4_msgs/msg/_user_display.py'...
Compiling '/home/turtlebot4/training_code/install/turtlebot4_msgs/local/lib/python3.10/dist-packages/turtlebot4_msgs/msg/_user_led.py'...
-- Installing: /home/turtlebot4/training_code/install/turtlebot4_msgs/local/lib/python3.10/dist-packages/turtlebot4_msgs/turtlebot4_msgs_s__rosidl_typesupport_fastrtps_c.cpython-310-aarch64-linux-gnu.so
-- Set runtime path of "/home/turtlebot4/training_code/install/turtlebot4_msgs/local/lib/python3.10/dist-packages/turtlebot4_msgs/turtlebot4_msgs_s__rosidl_typesupport_fastrtps_c.cpython-310-aarch64-linux-gnu.so" to ""
-- Installing: /home/turtlebot4/training_code/install/turtlebot4_msgs/local/lib/python3.10/dist-packages/turtlebot4_msgs/turtlebot4_msgs_s__rosidl_typesupport_introspection_c.cpython-310-aarch64-linux-gnu.so
-- Set runtime path of "/home/turtlebot4/training_code/install/turtlebot4_msgs/local/lib/python3.10/dist-packages/turtlebot4_msgs/turtlebot4_msgs_s__rosidl_typesupport_introspection_c.cpython-310-aarch64-linux-gnu.so" to ""
-- Installing: /home/turtlebot4/training_code/install/turtlebot4_msgs/local/lib/python3.10/dist-packages/turtlebot4_msgs/turtlebot4_msgs_s__rosidl_typesupport_c.cpython-310-aarch64-linux-gnu.so
-- Set runtime path of "/home/turtlebot4/training_code/install/turtlebot4_msgs/local/lib/python3.10/dist-packages/turtlebot4_msgs/turtlebot4_msgs_s__rosidl_typesupport_c.cpython-310-aarch64-linux-gnu.so" to ""
-- Installing: /home/turtlebot4/training_code/install/turtlebot4_msgs/lib/libturtlebot4_msgs__rosidl_generator_py.so
-- Set runtime path of "/home/turtlebot4/training_code/install/turtlebot4_msgs/lib/libturtlebot4_msgs__rosidl_generator_py.so" to ""
-- Installing: /home/turtlebot4/training_code/install/turtlebot4_msgs/share/turtlebot4_msgs/msg/UserLed.idl
-- Installing: /home/turtlebot4/training_code/install/turtlebot4_msgs/share/turtlebot4_msgs/msg/UserButton.idl
-- Installing: /home/turtlebot4/training_code/install/turtlebot4_msgs/share/turtlebot4_msgs/msg/UserDisplay.idl
-- Installing: /home/turtlebot4/training_code/install/turtlebot4_msgs/share/turtlebot4_msgs/msg/UserLed.msg
-- Installing: /home/turtlebot4/training_code/install/turtlebot4_msgs/share/turtlebot4_msgs/msg/UserButton.msg
-- Installing: /home/turtlebot4/training_code/install/turtlebot4_msgs/share/turtlebot4_msgs/msg/UserDisplay.msg
-- Installing: /home/turtlebot4/training_code/install/turtlebot4_msgs/share/ament_index/resource_index/package_run_dependencies/turtlebot4_msgs
-- Installing: /home/turtlebot4/training_code/install/turtlebot4_msgs/share/ament_index/resource_index/parent_prefix_path/turtlebot4_msgs
-- Installing: /home/turtlebot4/training_code/install/turtlebot4_msgs/share/turtlebot4_msgs/environment/ament_prefix_path.sh
-- Installing: /home/turtlebot4/training_code/install/turtlebot4_msgs/share/turtlebot4_msgs/environment/ament_prefix_path.dsv
-- Installing: /home/turtlebot4/training_code/install/turtlebot4_msgs/share/turtlebot4_msgs/environment/path.sh
-- Installing: /home/turtlebot4/training_code/install/turtlebot4_msgs/share/turtlebot4_msgs/environment/path.dsv
-- Installing: /home/turtlebot4/training_code/install/turtlebot4_msgs/share/turtlebot4_msgs/local_setup.bash
-- Installing: /home/turtlebot4/training_code/install/turtlebot4_msgs/share/turtlebot4_msgs/local_setup.sh
-- Installing: /home/turtlebot4/training_code/install/turtlebot4_msgs/share/turtlebot4_msgs/local_setup.zsh
-- Installing: /home/turtlebot4/training_code/install/turtlebot4_msgs/share/turtlebot4_msgs/local_setup.dsv
-- Installing: /home/turtlebot4/training_code/install/turtlebot4_msgs/share/turtlebot4_msgs/package.dsv
-- Installing: /home/turtlebot4/training_code/install/turtlebot4_msgs/share/ament_index/resource_index/packages/turtlebot4_msgs
-- Installing: /home/turtlebot4/training_code/install/turtlebot4_msgs/share/turtlebot4_msgs/cmake/export_turtlebot4_msgs__rosidl_generator_cExport.cmake
-- Installing: /home/turtlebot4/training_code/install/turtlebot4_msgs/share/turtlebot4_msgs/cmake/export_turtlebot4_msgs__rosidl_generator_cExport-noconfig.cmake
-- Installing: /home/turtlebot4/training_code/install/turtlebot4_msgs/share/turtlebot4_msgs/cmake/export_turtlebot4_msgs__rosidl_typesupport_fastrtps_cExport.cmake
-- Installing: /home/turtlebot4/training_code/install/turtlebot4_msgs/share/turtlebot4_msgs/cmake/export_turtlebot4_msgs__rosidl_typesupport_fastrtps_cExport-noconfig.cmake
-- Installing: /home/turtlebot4/training_code/install/turtlebot4_msgs/share/turtlebot4_msgs/cmake/turtlebot4_msgs__rosidl_typesupport_introspection_cExport.cmake
-- Installing: /home/turtlebot4/training_code/install/turtlebot4_msgs/share/turtlebot4_msgs/cmake/turtlebot4_msgs__rosidl_typesupport_introspection_cExport-noconfig.cmake
-- Installing: /home/turtlebot4/training_code/install/turtlebot4_msgs/share/turtlebot4_msgs/cmake/turtlebot4_msgs__rosidl_typesupport_cExport.cmake
-- Installing: /home/turtlebot4/training_code/install/turtlebot4_msgs/share/turtlebot4_msgs/cmake/turtlebot4_msgs__rosidl_typesupport_cExport-noconfig.cmake
-- Installing: /home/turtlebot4/training_code/install/turtlebot4_msgs/share/turtlebot4_msgs/cmake/export_turtlebot4_msgs__rosidl_generator_cppExport.cmake
-- Installing: /home/turtlebot4/training_code/install/turtlebot4_msgs/share/turtlebot4_msgs/cmake/export_turtlebot4_msgs__rosidl_typesupport_fastrtps_cppExport.cmake
-- Installing: /home/turtlebot4/training_code/install/turtlebot4_msgs/share/turtlebot4_msgs/cmake/export_turtlebot4_msgs__rosidl_typesupport_fastrtps_cppExport-noconfig.cmake
-- Installing: /home/turtlebot4/training_code/install/turtlebot4_msgs/share/turtlebot4_msgs/cmake/turtlebot4_msgs__rosidl_typesupport_introspection_cppExport.cmake
-- Installing: /home/turtlebot4/training_code/install/turtlebot4_msgs/share/turtlebot4_msgs/cmake/turtlebot4_msgs__rosidl_typesupport_introspection_cppExport-noconfig.cmake
-- Installing: /home/turtlebot4/training_code/install/turtlebot4_msgs/share/turtlebot4_msgs/cmake/turtlebot4_msgs__rosidl_typesupport_cppExport.cmake
-- Installing: /home/turtlebot4/training_code/install/turtlebot4_msgs/share/turtlebot4_msgs/cmake/turtlebot4_msgs__rosidl_typesupport_cppExport-noconfig.cmake
-- Installing: /home/turtlebot4/training_code/install/turtlebot4_msgs/share/turtlebot4_msgs/cmake/export_turtlebot4_msgs__rosidl_generator_pyExport.cmake
-- Installing: /home/turtlebot4/training_code/install/turtlebot4_msgs/share/turtlebot4_msgs/cmake/export_turtlebot4_msgs__rosidl_generator_pyExport-noconfig.cmake
-- Installing: /home/turtlebot4/training_code/install/turtlebot4_msgs/share/turtlebot4_msgs/cmake/rosidl_cmake-extras.cmake
-- Installing: /home/turtlebot4/training_code/install/turtlebot4_msgs/share/turtlebot4_msgs/cmake/ament_cmake_export_include_directories-extras.cmake
-- Installing: /home/turtlebot4/training_code/install/turtlebot4_msgs/share/turtlebot4_msgs/cmake/ament_cmake_export_libraries-extras.cmake
-- Installing: /home/turtlebot4/training_code/install/turtlebot4_msgs/share/turtlebot4_msgs/cmake/ament_cmake_export_targets-extras.cmake
-- Installing: /home/turtlebot4/training_code/install/turtlebot4_msgs/share/turtlebot4_msgs/cmake/rosidl_cmake_export_typesupport_targets-extras.cmake
-- Installing: /home/turtlebot4/training_code/install/turtlebot4_msgs/share/turtlebot4_msgs/cmake/ament_cmake_export_dependencies-extras.cmake
-- Installing: /home/turtlebot4/training_code/install/turtlebot4_msgs/share/turtlebot4_msgs/cmake/rosidl_cmake_export_typesupport_libraries-extras.cmake
-- Installing: /home/turtlebot4/training_code/install/turtlebot4_msgs/share/turtlebot4_msgs/cmake/turtlebot4_msgsConfig.cmake
-- Installing: /home/turtlebot4/training_code/install/turtlebot4_msgs/share/turtlebot4_msgs/cmake/turtlebot4_msgsConfig-version.cmake
-- Installing: /home/turtlebot4/training_code/install/turtlebot4_msgs/share/turtlebot4_msgs/package.xml
