[2.337s] Invoking command in '/home/turtlebot4/training_code/src/path_node': PYTHONPATH=/home/turtlebot4/training_code/build/path_node/prefix_override:/usr/lib/python3/dist-packages/colcon_core/task/python/colcon_distutils_commands:/home/turtlebot4/training_code/install/path_node/lib/python3.10/site-packages:${PYTHONPATH} /usr/bin/python3 -W ignore:setup.py install is deprecated -W ignore:easy_install command is deprecated setup.py egg_info --egg-base ../../build/path_node build --build-base /home/turtlebot4/training_code/build/path_node/build install --record /home/turtlebot4/training_code/build/path_node/install.log --install-scripts $base/lib/path_node --single-version-externally-managed install_data
[2.875s] running egg_info
[2.877s] writing ../../build/path_node/path_node.egg-info/PKG-INFO
[2.877s] writing dependency_links to ../../build/path_node/path_node.egg-info/dependency_links.txt
[2.878s] writing entry points to ../../build/path_node/path_node.egg-info/entry_points.txt
[2.878s] writing requirements to ../../build/path_node/path_node.egg-info/requires.txt
[2.878s] writing top-level names to ../../build/path_node/path_node.egg-info/top_level.txt
[2.883s] reading manifest file '../../build/path_node/path_node.egg-info/SOURCES.txt'
[2.885s] writing manifest file '../../build/path_node/path_node.egg-info/SOURCES.txt'
[2.885s] running build
[2.885s] running build_py
[2.886s] copying path_node/__init__.py -> /home/turtlebot4/training_code/build/path_node/build/lib/path_node
[2.886s] copying path_node/path_node.py -> /home/turtlebot4/training_code/build/path_node/build/lib/path_node
[2.886s] running install
[2.887s] running install_lib
[2.888s] copying /home/turtlebot4/training_code/build/path_node/build/lib/path_node/__init__.py -> /home/turtlebot4/training_code/install/path_node/lib/python3.10/site-packages/path_node
[2.889s] copying /home/turtlebot4/training_code/build/path_node/build/lib/path_node/path_node.py -> /home/turtlebot4/training_code/install/path_node/lib/python3.10/site-packages/path_node
[2.890s] byte-compiling /home/turtlebot4/training_code/install/path_node/lib/python3.10/site-packages/path_node/__init__.py to __init__.cpython-310.pyc
[2.890s] byte-compiling /home/turtlebot4/training_code/install/path_node/lib/python3.10/site-packages/path_node/path_node.py to path_node.cpython-310.pyc
[2.892s] running install_data
[2.892s] copying resource/path_node -> /home/turtlebot4/training_code/install/path_node/share/ament_index/resource_index/packages
[2.892s] copying package.xml -> /home/turtlebot4/training_code/install/path_node/share/path_node
[2.892s] running install_egg_info
[2.896s] removing '/home/turtlebot4/training_code/install/path_node/lib/python3.10/site-packages/path_node-0.0.0-py3.10.egg-info' (and everything under it)
[2.897s] Copying ../../build/path_node/path_node.egg-info to /home/turtlebot4/training_code/install/path_node/lib/python3.10/site-packages/path_node-0.0.0-py3.10.egg-info
[2.899s] running install_scripts
[2.941s] Installing path_node script to /home/turtlebot4/training_code/install/path_node/lib/path_node
[2.942s] writing list of installed files to '/home/turtlebot4/training_code/build/path_node/install.log'
[3.014s] Invoked command in '/home/turtlebot4/training_code/src/path_node' returned '0': PYTHONPATH=/home/turtlebot4/training_code/build/path_node/prefix_override:/usr/lib/python3/dist-packages/colcon_core/task/python/colcon_distutils_commands:/home/turtlebot4/training_code/install/path_node/lib/python3.10/site-packages:${PYTHONPATH} /usr/bin/python3 -W ignore:setup.py install is deprecated -W ignore:easy_install command is deprecated setup.py egg_info --egg-base ../../build/path_node build --build-base /home/turtlebot4/training_code/build/path_node/build install --record /home/turtlebot4/training_code/build/path_node/install.log --install-scripts $base/lib/path_node --single-version-externally-managed install_data
