[0.235s] DEBUG:colcon:Command line arguments: ['/usr/bin/colcon', 'build', '--packages-select', 'path_node']
[0.235s] DEBUG:colcon:Parsed command line arguments: Namespace(log_base=None, log_level=None, verb_name='build', build_base='build', install_base='install', merge_install=False, symlink_install=False, test_result_base=None, continue_on_error=False, executor='parallel', parallel_workers=8, event_handlers=None, ignore_user_meta=False, metas=['./colcon.meta'], base_paths=['.'], packages_ignore=None, packages_ignore_regex=None, paths=None, packages_up_to=None, packages_up_to_regex=None, packages_above=None, packages_above_and_dependencies=None, packages_above_depth=None, packages_select_by_dep=None, packages_skip_by_dep=None, packages_skip_up_to=None, packages_select_build_failed=False, packages_skip_build_finished=False, packages_select_test_failures=False, packages_skip_test_passed=False, packages_select=['path_node'], packages_skip=None, packages_select_regex=None, packages_skip_regex=None, packages_start=None, packages_end=None, allow_overriding=[], cmake_args=None, cmake_target=None, cmake_target_skip_unavailable=False, cmake_clean_cache=False, cmake_clean_first=False, cmake_force_configure=False, ament_cmake_args=None, catkin_cmake_args=None, catkin_skip_building_tests=False, mixin_files=None, mixin=None, verb_parser=<colcon_mixin.mixin.mixin_argument.MixinArgumentDecorator object at 0xffff9a151ab0>, verb_extension=<colcon_core.verb.build.BuildVerb object at 0xffff9a151570>, main=<bound method BuildVerb.main of <colcon_core.verb.build.BuildVerb object at 0xffff9a151570>>, mixin_verb=('build',))
[0.618s] Level 1:colcon.colcon_core.package_discovery:discover_packages(colcon_meta) check parameters
[0.618s] Level 1:colcon.colcon_core.package_discovery:discover_packages(recursive) check parameters
[0.618s] Level 1:colcon.colcon_core.package_discovery:discover_packages(ignore) check parameters
[0.619s] Level 1:colcon.colcon_core.package_discovery:discover_packages(path) check parameters
[0.619s] Level 1:colcon.colcon_core.package_discovery:discover_packages(colcon_meta) discover
[0.619s] Level 1:colcon.colcon_core.package_discovery:discover_packages(recursive) discover
[0.619s] INFO:colcon.colcon_core.package_discovery:Crawling recursively for packages in '/home/turtlebot4/training_code'
[0.619s] Level 1:colcon.colcon_core.package_identification:_identify(.) by extensions ['ignore', 'ignore_ament_install']
[0.619s] Level 1:colcon.colcon_core.package_identification:_identify(.) by extension 'ignore'
[0.620s] Level 1:colcon.colcon_core.package_identification:_identify(.) by extension 'ignore_ament_install'
[0.620s] Level 1:colcon.colcon_core.package_identification:_identify(.) by extensions ['colcon_pkg']
[0.620s] Level 1:colcon.colcon_core.package_identification:_identify(.) by extension 'colcon_pkg'
[0.620s] Level 1:colcon.colcon_core.package_identification:_identify(.) by extensions ['colcon_meta']
[0.620s] Level 1:colcon.colcon_core.package_identification:_identify(.) by extension 'colcon_meta'
[0.620s] Level 1:colcon.colcon_core.package_identification:_identify(.) by extensions ['ros']
[0.620s] Level 1:colcon.colcon_core.package_identification:_identify(.) by extension 'ros'
[0.644s] Level 1:colcon.colcon_core.package_identification:_identify(.) by extensions ['cmake', 'python']
[0.645s] Level 1:colcon.colcon_core.package_identification:_identify(.) by extension 'cmake'
[0.645s] Level 1:colcon.colcon_core.package_identification:_identify(.) by extension 'python'
[0.645s] Level 1:colcon.colcon_core.package_identification:_identify(.) by extensions ['python_setup_py']
[0.645s] Level 1:colcon.colcon_core.package_identification:_identify(.) by extension 'python_setup_py'
[0.645s] Level 1:colcon.colcon_core.package_identification:_identify(__pycache__) by extensions ['ignore', 'ignore_ament_install']
[0.646s] Level 1:colcon.colcon_core.package_identification:_identify(__pycache__) by extension 'ignore'
[0.646s] Level 1:colcon.colcon_core.package_identification:_identify(__pycache__) by extension 'ignore_ament_install'
[0.646s] Level 1:colcon.colcon_core.package_identification:_identify(__pycache__) by extensions ['colcon_pkg']
[0.646s] Level 1:colcon.colcon_core.package_identification:_identify(__pycache__) by extension 'colcon_pkg'
[0.646s] Level 1:colcon.colcon_core.package_identification:_identify(__pycache__) by extensions ['colcon_meta']
[0.646s] Level 1:colcon.colcon_core.package_identification:_identify(__pycache__) by extension 'colcon_meta'
[0.646s] Level 1:colcon.colcon_core.package_identification:_identify(__pycache__) by extensions ['ros']
[0.646s] Level 1:colcon.colcon_core.package_identification:_identify(__pycache__) by extension 'ros'
[0.647s] Level 1:colcon.colcon_core.package_identification:_identify(__pycache__) by extensions ['cmake', 'python']
[0.647s] Level 1:colcon.colcon_core.package_identification:_identify(__pycache__) by extension 'cmake'
[0.647s] Level 1:colcon.colcon_core.package_identification:_identify(__pycache__) by extension 'python'
[0.647s] Level 1:colcon.colcon_core.package_identification:_identify(__pycache__) by extensions ['python_setup_py']
[0.647s] Level 1:colcon.colcon_core.package_identification:_identify(__pycache__) by extension 'python_setup_py'
[0.647s] Level 1:colcon.colcon_core.package_identification:_identify(build) by extensions ['ignore', 'ignore_ament_install']
[0.647s] Level 1:colcon.colcon_core.package_identification:_identify(build) by extension 'ignore'
[0.647s] Level 1:colcon.colcon_core.package_identification:_identify(build) ignored
[0.648s] Level 1:colcon.colcon_core.package_identification:_identify(install) by extensions ['ignore', 'ignore_ament_install']
[0.648s] Level 1:colcon.colcon_core.package_identification:_identify(install) by extension 'ignore'
[0.648s] Level 1:colcon.colcon_core.package_identification:_identify(install) ignored
[0.648s] Level 1:colcon.colcon_core.package_identification:_identify(log) by extensions ['ignore', 'ignore_ament_install']
[0.649s] Level 1:colcon.colcon_core.package_identification:_identify(log) by extension 'ignore'
[0.649s] Level 1:colcon.colcon_core.package_identification:_identify(log) ignored
[0.649s] Level 1:colcon.colcon_core.package_identification:_identify(src) by extensions ['ignore', 'ignore_ament_install']
[0.649s] Level 1:colcon.colcon_core.package_identification:_identify(src) by extension 'ignore'
[0.649s] Level 1:colcon.colcon_core.package_identification:_identify(src) by extension 'ignore_ament_install'
[0.649s] Level 1:colcon.colcon_core.package_identification:_identify(src) by extensions ['colcon_pkg']
[0.649s] Level 1:colcon.colcon_core.package_identification:_identify(src) by extension 'colcon_pkg'
[0.649s] Level 1:colcon.colcon_core.package_identification:_identify(src) by extensions ['colcon_meta']
[0.650s] Level 1:colcon.colcon_core.package_identification:_identify(src) by extension 'colcon_meta'
[0.650s] Level 1:colcon.colcon_core.package_identification:_identify(src) by extensions ['ros']
[0.650s] Level 1:colcon.colcon_core.package_identification:_identify(src) by extension 'ros'
[0.650s] Level 1:colcon.colcon_core.package_identification:_identify(src) by extensions ['cmake', 'python']
[0.650s] Level 1:colcon.colcon_core.package_identification:_identify(src) by extension 'cmake'
[0.650s] Level 1:colcon.colcon_core.package_identification:_identify(src) by extension 'python'
[0.650s] Level 1:colcon.colcon_core.package_identification:_identify(src) by extensions ['python_setup_py']
[0.650s] Level 1:colcon.colcon_core.package_identification:_identify(src) by extension 'python_setup_py'
[0.651s] Level 1:colcon.colcon_core.package_identification:_identify(src/path_node) by extensions ['ignore', 'ignore_ament_install']
[0.651s] Level 1:colcon.colcon_core.package_identification:_identify(src/path_node) by extension 'ignore'
[0.651s] Level 1:colcon.colcon_core.package_identification:_identify(src/path_node) by extension 'ignore_ament_install'
[0.651s] Level 1:colcon.colcon_core.package_identification:_identify(src/path_node) by extensions ['colcon_pkg']
[0.651s] Level 1:colcon.colcon_core.package_identification:_identify(src/path_node) by extension 'colcon_pkg'
[0.651s] Level 1:colcon.colcon_core.package_identification:_identify(src/path_node) by extensions ['colcon_meta']
[0.651s] Level 1:colcon.colcon_core.package_identification:_identify(src/path_node) by extension 'colcon_meta'
[0.651s] Level 1:colcon.colcon_core.package_identification:_identify(src/path_node) by extensions ['ros']
[0.651s] Level 1:colcon.colcon_core.package_identification:_identify(src/path_node) by extension 'ros'
[0.657s] DEBUG:colcon.colcon_core.package_identification:Package 'src/path_node' with type 'ros.ament_python' and name 'path_node'
[0.658s] Level 1:colcon.colcon_core.package_identification:_identify(src/qr_track_alvar) by extensions ['ignore', 'ignore_ament_install']
[0.658s] Level 1:colcon.colcon_core.package_identification:_identify(src/qr_track_alvar) by extension 'ignore'
[0.658s] Level 1:colcon.colcon_core.package_identification:_identify(src/qr_track_alvar) by extension 'ignore_ament_install'
[0.658s] Level 1:colcon.colcon_core.package_identification:_identify(src/qr_track_alvar) by extensions ['colcon_pkg']
[0.658s] Level 1:colcon.colcon_core.package_identification:_identify(src/qr_track_alvar) by extension 'colcon_pkg'
[0.659s] Level 1:colcon.colcon_core.package_identification:_identify(src/qr_track_alvar) by extensions ['colcon_meta']
[0.659s] Level 1:colcon.colcon_core.package_identification:_identify(src/qr_track_alvar) by extension 'colcon_meta'
[0.659s] Level 1:colcon.colcon_core.package_identification:_identify(src/qr_track_alvar) by extensions ['ros']
[0.659s] Level 1:colcon.colcon_core.package_identification:_identify(src/qr_track_alvar) by extension 'ros'
[0.660s] DEBUG:colcon.colcon_core.package_identification:Package 'src/qr_track_alvar' with type 'ros.ament_python' and name 'qr_track_alvar'
[0.661s] Level 1:colcon.colcon_core.package_identification:_identify(src/turtlebot4_description) by extensions ['ignore', 'ignore_ament_install']
[0.661s] Level 1:colcon.colcon_core.package_identification:_identify(src/turtlebot4_description) by extension 'ignore'
[0.661s] Level 1:colcon.colcon_core.package_identification:_identify(src/turtlebot4_description) by extension 'ignore_ament_install'
[0.661s] Level 1:colcon.colcon_core.package_identification:_identify(src/turtlebot4_description) by extensions ['colcon_pkg']
[0.661s] Level 1:colcon.colcon_core.package_identification:_identify(src/turtlebot4_description) by extension 'colcon_pkg'
[0.661s] Level 1:colcon.colcon_core.package_identification:_identify(src/turtlebot4_description) by extensions ['colcon_meta']
[0.661s] Level 1:colcon.colcon_core.package_identification:_identify(src/turtlebot4_description) by extension 'colcon_meta'
[0.662s] Level 1:colcon.colcon_core.package_identification:_identify(src/turtlebot4_description) by extensions ['ros']
[0.662s] Level 1:colcon.colcon_core.package_identification:_identify(src/turtlebot4_description) by extension 'ros'
[0.663s] DEBUG:colcon.colcon_core.package_identification:Package 'src/turtlebot4_description' with type 'ros.ament_cmake' and name 'turtlebot4_description'
[0.664s] Level 1:colcon.colcon_core.package_identification:_identify(src/turtlebot4_msgs) by extensions ['ignore', 'ignore_ament_install']
[0.664s] Level 1:colcon.colcon_core.package_identification:_identify(src/turtlebot4_msgs) by extension 'ignore'
[0.664s] Level 1:colcon.colcon_core.package_identification:_identify(src/turtlebot4_msgs) by extension 'ignore_ament_install'
[0.664s] Level 1:colcon.colcon_core.package_identification:_identify(src/turtlebot4_msgs) by extensions ['colcon_pkg']
[0.664s] Level 1:colcon.colcon_core.package_identification:_identify(src/turtlebot4_msgs) by extension 'colcon_pkg'
[0.664s] Level 1:colcon.colcon_core.package_identification:_identify(src/turtlebot4_msgs) by extensions ['colcon_meta']
[0.664s] Level 1:colcon.colcon_core.package_identification:_identify(src/turtlebot4_msgs) by extension 'colcon_meta'
[0.665s] Level 1:colcon.colcon_core.package_identification:_identify(src/turtlebot4_msgs) by extensions ['ros']
[0.665s] Level 1:colcon.colcon_core.package_identification:_identify(src/turtlebot4_msgs) by extension 'ros'
[0.666s] DEBUG:colcon.colcon_core.package_identification:Package 'src/turtlebot4_msgs' with type 'ros.ament_cmake' and name 'turtlebot4_msgs'
[0.667s] Level 1:colcon.colcon_core.package_identification:_identify(src/turtlebot4_navigation) by extensions ['ignore', 'ignore_ament_install']
[0.667s] Level 1:colcon.colcon_core.package_identification:_identify(src/turtlebot4_navigation) by extension 'ignore'
[0.667s] Level 1:colcon.colcon_core.package_identification:_identify(src/turtlebot4_navigation) by extension 'ignore_ament_install'
[0.667s] Level 1:colcon.colcon_core.package_identification:_identify(src/turtlebot4_navigation) by extensions ['colcon_pkg']
[0.667s] Level 1:colcon.colcon_core.package_identification:_identify(src/turtlebot4_navigation) by extension 'colcon_pkg'
[0.667s] Level 1:colcon.colcon_core.package_identification:_identify(src/turtlebot4_navigation) by extensions ['colcon_meta']
[0.667s] Level 1:colcon.colcon_core.package_identification:_identify(src/turtlebot4_navigation) by extension 'colcon_meta'
[0.667s] Level 1:colcon.colcon_core.package_identification:_identify(src/turtlebot4_navigation) by extensions ['ros']
[0.668s] Level 1:colcon.colcon_core.package_identification:_identify(src/turtlebot4_navigation) by extension 'ros'
[0.669s] DEBUG:colcon.colcon_core.package_identification:Package 'src/turtlebot4_navigation' with type 'ros.ament_cmake' and name 'turtlebot4_navigation'
[0.669s] Level 1:colcon.colcon_core.package_identification:_identify(src/turtlebot4_node) by extensions ['ignore', 'ignore_ament_install']
[0.670s] Level 1:colcon.colcon_core.package_identification:_identify(src/turtlebot4_node) by extension 'ignore'
[0.670s] Level 1:colcon.colcon_core.package_identification:_identify(src/turtlebot4_node) by extension 'ignore_ament_install'
[0.670s] Level 1:colcon.colcon_core.package_identification:_identify(src/turtlebot4_node) by extensions ['colcon_pkg']
[0.670s] Level 1:colcon.colcon_core.package_identification:_identify(src/turtlebot4_node) by extension 'colcon_pkg'
[0.670s] Level 1:colcon.colcon_core.package_identification:_identify(src/turtlebot4_node) by extensions ['colcon_meta']
[0.670s] Level 1:colcon.colcon_core.package_identification:_identify(src/turtlebot4_node) by extension 'colcon_meta'
[0.670s] Level 1:colcon.colcon_core.package_identification:_identify(src/turtlebot4_node) by extensions ['ros']
[0.670s] Level 1:colcon.colcon_core.package_identification:_identify(src/turtlebot4_node) by extension 'ros'
[0.673s] DEBUG:colcon.colcon_core.package_identification:Package 'src/turtlebot4_node' with type 'ros.ament_cmake' and name 'turtlebot4_node'
[0.673s] Level 1:colcon.colcon_core.package_identification:_identify(voice) by extensions ['ignore', 'ignore_ament_install']
[0.673s] Level 1:colcon.colcon_core.package_identification:_identify(voice) by extension 'ignore'
[0.673s] Level 1:colcon.colcon_core.package_identification:_identify(voice) by extension 'ignore_ament_install'
[0.674s] Level 1:colcon.colcon_core.package_identification:_identify(voice) by extensions ['colcon_pkg']
[0.674s] Level 1:colcon.colcon_core.package_identification:_identify(voice) by extension 'colcon_pkg'
[0.674s] Level 1:colcon.colcon_core.package_identification:_identify(voice) by extensions ['colcon_meta']
[0.674s] Level 1:colcon.colcon_core.package_identification:_identify(voice) by extension 'colcon_meta'
[0.674s] Level 1:colcon.colcon_core.package_identification:_identify(voice) by extensions ['ros']
[0.674s] Level 1:colcon.colcon_core.package_identification:_identify(voice) by extension 'ros'
[0.674s] Level 1:colcon.colcon_core.package_identification:_identify(voice) by extensions ['cmake', 'python']
[0.674s] Level 1:colcon.colcon_core.package_identification:_identify(voice) by extension 'cmake'
[0.674s] Level 1:colcon.colcon_core.package_identification:_identify(voice) by extension 'python'
[0.674s] Level 1:colcon.colcon_core.package_identification:_identify(voice) by extensions ['python_setup_py']
[0.675s] Level 1:colcon.colcon_core.package_identification:_identify(voice) by extension 'python_setup_py'
[0.675s] Level 1:colcon.colcon_core.package_discovery:discover_packages(recursive) using defaults
[0.675s] Level 1:colcon.colcon_core.package_discovery:discover_packages(ignore) discover
[0.675s] Level 1:colcon.colcon_core.package_discovery:discover_packages(ignore) using defaults
[0.675s] Level 1:colcon.colcon_core.package_discovery:discover_packages(path) discover
[0.675s] Level 1:colcon.colcon_core.package_discovery:discover_packages(path) using defaults
[0.748s] INFO:colcon.colcon_core.package_selection:Skipping not selected package 'qr_track_alvar' in 'src/qr_track_alvar'
[0.748s] INFO:colcon.colcon_core.package_selection:Skipping not selected package 'turtlebot4_description' in 'src/turtlebot4_description'
[0.749s] INFO:colcon.colcon_core.package_selection:Skipping not selected package 'turtlebot4_msgs' in 'src/turtlebot4_msgs'
[0.749s] INFO:colcon.colcon_core.package_selection:Skipping not selected package 'turtlebot4_navigation' in 'src/turtlebot4_navigation'
[0.749s] INFO:colcon.colcon_core.package_selection:Skipping not selected package 'turtlebot4_node' in 'src/turtlebot4_node'
[0.750s] Level 1:colcon.colcon_core.package_discovery:discover_packages(prefix_path) check parameters
[0.750s] Level 1:colcon.colcon_core.package_discovery:discover_packages(prefix_path) discover
[0.753s] DEBUG:colcon.colcon_installed_package_information.package_discovery:Found 1 installed packages in /home/turtlebot4/ros3_ws/install
[0.756s] DEBUG:colcon.colcon_installed_package_information.package_discovery:Found 380 installed packages in /opt/ros/humble
[0.760s] Level 1:colcon.colcon_core.package_discovery:discover_packages(prefix_path) using defaults
[0.855s] Level 5:colcon.colcon_core.verb:set package 'path_node' build argument 'cmake_args' from command line to 'None'
[0.856s] Level 5:colcon.colcon_core.verb:set package 'path_node' build argument 'cmake_target' from command line to 'None'
[0.856s] Level 5:colcon.colcon_core.verb:set package 'path_node' build argument 'cmake_target_skip_unavailable' from command line to 'False'
[0.856s] Level 5:colcon.colcon_core.verb:set package 'path_node' build argument 'cmake_clean_cache' from command line to 'False'
[0.856s] Level 5:colcon.colcon_core.verb:set package 'path_node' build argument 'cmake_clean_first' from command line to 'False'
[0.856s] Level 5:colcon.colcon_core.verb:set package 'path_node' build argument 'cmake_force_configure' from command line to 'False'
[0.856s] Level 5:colcon.colcon_core.verb:set package 'path_node' build argument 'ament_cmake_args' from command line to 'None'
[0.856s] Level 5:colcon.colcon_core.verb:set package 'path_node' build argument 'catkin_cmake_args' from command line to 'None'
[0.856s] Level 5:colcon.colcon_core.verb:set package 'path_node' build argument 'catkin_skip_building_tests' from command line to 'False'
[0.856s] DEBUG:colcon.colcon_core.verb:Building package 'path_node' with the following arguments: {'ament_cmake_args': None, 'build_base': '/home/turtlebot4/training_code/build/path_node', 'catkin_cmake_args': None, 'catkin_skip_building_tests': False, 'cmake_args': None, 'cmake_clean_cache': False, 'cmake_clean_first': False, 'cmake_force_configure': False, 'cmake_target': None, 'cmake_target_skip_unavailable': False, 'install_base': '/home/turtlebot4/training_code/install/path_node', 'merge_install': False, 'path': '/home/turtlebot4/training_code/src/path_node', 'symlink_install': False, 'test_result_base': None}
[0.857s] INFO:colcon.colcon_core.executor:Executing jobs using 'parallel' executor
[0.859s] DEBUG:colcon.colcon_parallel_executor.executor.parallel:run_until_complete
[0.859s] INFO:colcon.colcon_ros.task.ament_python.build:Building ROS package in '/home/turtlebot4/training_code/src/path_node' with build type 'ament_python'
[0.859s] Level 1:colcon.colcon_core.shell:create_environment_hook('path_node', 'ament_prefix_path')
[0.864s] INFO:colcon.colcon_core.plugin_system:Skipping extension 'colcon_core.shell.bat': Not used on non-Windows systems
[0.864s] INFO:colcon.colcon_core.shell:Creating environment hook '/home/turtlebot4/training_code/install/path_node/share/path_node/hook/ament_prefix_path.ps1'
[0.866s] INFO:colcon.colcon_core.shell:Creating environment descriptor '/home/turtlebot4/training_code/install/path_node/share/path_node/hook/ament_prefix_path.dsv'
[0.867s] INFO:colcon.colcon_core.shell:Creating environment hook '/home/turtlebot4/training_code/install/path_node/share/path_node/hook/ament_prefix_path.sh'
[0.868s] INFO:colcon.colcon_core.shell:Skip shell extension 'powershell' for command environment: Not usable outside of PowerShell
[0.869s] DEBUG:colcon.colcon_core.shell:Skip shell extension 'dsv' for command environment
[1.445s] INFO:colcon.colcon_core.task.python.build:Building Python package in '/home/turtlebot4/training_code/src/path_node'
[1.446s] INFO:colcon.colcon_core.shell:Skip shell extension 'powershell' for command environment: Not usable outside of PowerShell
[1.446s] DEBUG:colcon.colcon_core.shell:Skip shell extension 'dsv' for command environment
[2.241s] DEBUG:colcon.colcon_core.event_handler.log_command:Invoking command in '/home/turtlebot4/training_code/src/path_node': PYTHONPATH=/home/turtlebot4/training_code/build/path_node/prefix_override:/usr/lib/python3/dist-packages/colcon_core/task/python/colcon_distutils_commands:/home/turtlebot4/training_code/install/path_node/lib/python3.10/site-packages:${PYTHONPATH} /usr/bin/python3 -W ignore:setup.py install is deprecated -W ignore:easy_install command is deprecated setup.py egg_info --egg-base ../../build/path_node build --build-base /home/turtlebot4/training_code/build/path_node/build install --record /home/turtlebot4/training_code/build/path_node/install.log --single-version-externally-managed install_data
[2.924s] DEBUG:colcon.colcon_core.event_handler.log_command:Invoked command in '/home/turtlebot4/training_code/src/path_node' returned '0': PYTHONPATH=/home/turtlebot4/training_code/build/path_node/prefix_override:/usr/lib/python3/dist-packages/colcon_core/task/python/colcon_distutils_commands:/home/turtlebot4/training_code/install/path_node/lib/python3.10/site-packages:${PYTHONPATH} /usr/bin/python3 -W ignore:setup.py install is deprecated -W ignore:easy_install command is deprecated setup.py egg_info --egg-base ../../build/path_node build --build-base /home/turtlebot4/training_code/build/path_node/build install --record /home/turtlebot4/training_code/build/path_node/install.log --single-version-externally-managed install_data
[2.929s] Level 1:colcon.colcon_core.environment:checking '/home/turtlebot4/training_code/install/path_node' for CMake module files
[2.930s] Level 1:colcon.colcon_core.environment:checking '/home/turtlebot4/training_code/install/path_node' for CMake config files
[2.932s] Level 1:colcon.colcon_core.environment:checking '/home/turtlebot4/training_code/install/path_node/lib'
[2.932s] Level 1:colcon.colcon_core.environment:checking '/home/turtlebot4/training_code/install/path_node/bin'
[2.932s] Level 1:colcon.colcon_core.environment:checking '/home/turtlebot4/training_code/install/path_node/lib/pkgconfig/path_node.pc'
[2.933s] Level 1:colcon.colcon_core.environment:checking '/home/turtlebot4/training_code/install/path_node/lib/python3.10/site-packages'
[2.933s] Level 1:colcon.colcon_core.shell:create_environment_hook('path_node', 'pythonpath')
[2.933s] INFO:colcon.colcon_core.shell:Creating environment hook '/home/turtlebot4/training_code/install/path_node/share/path_node/hook/pythonpath.ps1'
[2.934s] INFO:colcon.colcon_core.shell:Creating environment descriptor '/home/turtlebot4/training_code/install/path_node/share/path_node/hook/pythonpath.dsv'
[2.935s] INFO:colcon.colcon_core.shell:Creating environment hook '/home/turtlebot4/training_code/install/path_node/share/path_node/hook/pythonpath.sh'
[2.936s] Level 1:colcon.colcon_core.environment:checking '/home/turtlebot4/training_code/install/path_node/bin'
[2.936s] Level 1:colcon.colcon_core.environment:create_environment_scripts_only(path_node)
[2.937s] INFO:colcon.colcon_core.shell:Creating package script '/home/turtlebot4/training_code/install/path_node/share/path_node/package.ps1'
[2.938s] INFO:colcon.colcon_core.shell:Creating package descriptor '/home/turtlebot4/training_code/install/path_node/share/path_node/package.dsv'
[2.939s] INFO:colcon.colcon_core.shell:Creating package script '/home/turtlebot4/training_code/install/path_node/share/path_node/package.sh'
[2.941s] INFO:colcon.colcon_core.shell:Creating package script '/home/turtlebot4/training_code/install/path_node/share/path_node/package.bash'
[2.942s] INFO:colcon.colcon_core.shell:Creating package script '/home/turtlebot4/training_code/install/path_node/share/path_node/package.zsh'
[2.944s] Level 1:colcon.colcon_core.environment:create_file_with_runtime_dependencies(/home/turtlebot4/training_code/install/path_node/share/colcon-core/packages/path_node)
[2.944s] DEBUG:colcon.colcon_parallel_executor.executor.parallel:closing loop
[2.945s] DEBUG:colcon.colcon_parallel_executor.executor.parallel:loop closed
[2.945s] DEBUG:colcon.colcon_parallel_executor.executor.parallel:run_until_complete finished with '0'
[2.946s] DEBUG:colcon.colcon_core.event_reactor:joining thread
[2.957s] INFO:colcon.colcon_core.plugin_system:Skipping extension 'colcon_notification.desktop_notification.terminal_notifier': Not used on non-Darwin systems
[2.957s] INFO:colcon.colcon_core.plugin_system:Skipping extension 'colcon_notification.desktop_notification.win32': Not used on non-Windows systems
[2.957s] INFO:colcon.colcon_notification.desktop_notification:Sending desktop notification using 'notify2'
[2.983s] DEBUG:colcon.colcon_core.event_reactor:joined thread
[2.984s] INFO:colcon.colcon_core.shell:Creating prefix script '/home/turtlebot4/training_code/install/local_setup.ps1'
[2.987s] INFO:colcon.colcon_core.shell:Creating prefix util module '/home/turtlebot4/training_code/install/_local_setup_util_ps1.py'
[2.990s] INFO:colcon.colcon_core.shell:Creating prefix chain script '/home/turtlebot4/training_code/install/setup.ps1'
[2.993s] INFO:colcon.colcon_core.shell:Creating prefix script '/home/turtlebot4/training_code/install/local_setup.sh'
[2.994s] INFO:colcon.colcon_core.shell:Creating prefix util module '/home/turtlebot4/training_code/install/_local_setup_util_sh.py'
[2.996s] INFO:colcon.colcon_core.shell:Creating prefix chain script '/home/turtlebot4/training_code/install/setup.sh'
[2.998s] INFO:colcon.colcon_core.shell:Creating prefix script '/home/turtlebot4/training_code/install/local_setup.bash'
[2.999s] INFO:colcon.colcon_core.shell:Creating prefix chain script '/home/turtlebot4/training_code/install/setup.bash'
[3.001s] INFO:colcon.colcon_core.shell:Creating prefix script '/home/turtlebot4/training_code/install/local_setup.zsh'
[3.003s] INFO:colcon.colcon_core.shell:Creating prefix chain script '/home/turtlebot4/training_code/install/setup.zsh'
