[0.073s] Invoking command in '/home/turtlebot4/training_code/build/turtlebot4_msgs': CMAKE_PREFIX_PATH=/home/turtlebot4/ros3_ws/install/qr_track_alvar:/opt/ros/humble /usr/bin/cmake --build /home/turtlebot4/training_code/build/turtlebot4_msgs -- -j8 -l8
[1.327s] [  2%] Built target turtlebot4_msgs__cpp
[1.328s] [  4%] Built target turtlebot4_msgs__rs
[1.328s] [ 14%] Built target turtlebot4_msgs__rosidl_generator_c
[1.328s] [ 14%] Built target ament_cmake_python_copy_turtlebot4_msgs
[1.328s] [ 35%] Built target turtlebot4_msgs__rosidl_typesupport_cpp
[1.329s] [ 35%] Built target turtlebot4_msgs__rosidl_typesupport_fastrtps_cpp
[1.329s] [ 45%] Built target turtlebot4_msgs__rosidl_typesupport_introspection_cpp
[1.329s] [ 56%] Built target turtlebot4_msgs__rosidl_typesupport_c
[1.329s] [ 77%] Built target turtlebot4_msgs__rosidl_typesupport_fastrtps_c
[1.330s] [ 77%] Built target turtlebot4_msgs__rosidl_typesupport_introspection_c
[1.330s] [ 77%] Built target turtlebot4_msgs
[1.330s] [ 79%] Built target turtlebot4_msgs__py
[1.330s] [ 87%] Built target turtlebot4_msgs__rosidl_generator_py
[1.330s] [ 95%] Built target turtlebot4_msgs__rosidl_typesupport_c__pyext
[1.330s] [ 95%] Built target turtlebot4_msgs__rosidl_typesupport_introspection_c__pyext
[1.331s] [100%] Built target turtlebot4_msgs__rosidl_typesupport_fastrtps_c__pyext
[1.331s] running egg_info
[1.331s] writing turtlebot4_msgs.egg-info/PKG-INFO
[1.331s] writing dependency_links to turtlebot4_msgs.egg-info/dependency_links.txt
[1.332s] writing top-level names to turtlebot4_msgs.egg-info/top_level.txt
[1.333s] reading manifest file 'turtlebot4_msgs.egg-info/SOURCES.txt'
[1.333s] writing manifest file 'turtlebot4_msgs.egg-info/SOURCES.txt'
[1.333s] [100%] Built target ament_cmake_python_build_turtlebot4_msgs_egg
[1.339s] Invoked command in '/home/turtlebot4/training_code/build/turtlebot4_msgs' returned '0': CMAKE_PREFIX_PATH=/home/turtlebot4/ros3_ws/install/qr_track_alvar:/opt/ros/humble /usr/bin/cmake --build /home/turtlebot4/training_code/build/turtlebot4_msgs -- -j8 -l8
[1.358s] Invoking command in '/home/turtlebot4/training_code/build/turtlebot4_msgs': CMAKE_PREFIX_PATH=/home/turtlebot4/ros3_ws/install/qr_track_alvar:/opt/ros/humble /usr/bin/cmake --install /home/turtlebot4/training_code/build/turtlebot4_msgs
[1.373s] -- Install configuration: ""
[1.376s] -- Up-to-date: /home/turtlebot4/training_code/install/turtlebot4_msgs/share/ament_index/resource_index/rosidl_interfaces/turtlebot4_msgs
[1.376s] -- Up-to-date: /home/turtlebot4/training_code/install/turtlebot4_msgs/include/turtlebot4_msgs/turtlebot4_msgs
[1.376s] -- Up-to-date: /home/turtlebot4/training_code/install/turtlebot4_msgs/include/turtlebot4_msgs/turtlebot4_msgs/msg
[1.377s] -- Up-to-date: /home/turtlebot4/training_code/install/turtlebot4_msgs/include/turtlebot4_msgs/turtlebot4_msgs/msg/rosidl_generator_c__visibility_control.h
[1.377s] -- Up-to-date: /home/turtlebot4/training_code/install/turtlebot4_msgs/include/turtlebot4_msgs/turtlebot4_msgs/msg/user_button.h
[1.377s] -- Up-to-date: /home/turtlebot4/training_code/install/turtlebot4_msgs/include/turtlebot4_msgs/turtlebot4_msgs/msg/user_display.h
[1.377s] -- Up-to-date: /home/turtlebot4/training_code/install/turtlebot4_msgs/include/turtlebot4_msgs/turtlebot4_msgs/msg/detail
[1.377s] -- Up-to-date: /home/turtlebot4/training_code/install/turtlebot4_msgs/include/turtlebot4_msgs/turtlebot4_msgs/msg/detail/user_button__functions.c
[1.378s] -- Up-to-date: /home/turtlebot4/training_code/install/turtlebot4_msgs/include/turtlebot4_msgs/turtlebot4_msgs/msg/detail/user_display__functions.c
[1.378s] -- Up-to-date: /home/turtlebot4/training_code/install/turtlebot4_msgs/include/turtlebot4_msgs/turtlebot4_msgs/msg/detail/user_display__type_support.h
[1.378s] -- Up-to-date: /home/turtlebot4/training_code/install/turtlebot4_msgs/include/turtlebot4_msgs/turtlebot4_msgs/msg/detail/user_button__functions.h
[1.378s] -- Up-to-date: /home/turtlebot4/training_code/install/turtlebot4_msgs/include/turtlebot4_msgs/turtlebot4_msgs/msg/detail/user_display__functions.h
[1.378s] -- Up-to-date: /home/turtlebot4/training_code/install/turtlebot4_msgs/include/turtlebot4_msgs/turtlebot4_msgs/msg/detail/user_display__struct.h
[1.378s] -- Up-to-date: /home/turtlebot4/training_code/install/turtlebot4_msgs/include/turtlebot4_msgs/turtlebot4_msgs/msg/detail/user_button__type_support.h
[1.378s] -- Up-to-date: /home/turtlebot4/training_code/install/turtlebot4_msgs/include/turtlebot4_msgs/turtlebot4_msgs/msg/detail/user_led__functions.h
[1.378s] -- Up-to-date: /home/turtlebot4/training_code/install/turtlebot4_msgs/include/turtlebot4_msgs/turtlebot4_msgs/msg/detail/user_led__functions.c
[1.379s] -- Up-to-date: /home/turtlebot4/training_code/install/turtlebot4_msgs/include/turtlebot4_msgs/turtlebot4_msgs/msg/detail/user_button__struct.h
[1.379s] -- Up-to-date: /home/turtlebot4/training_code/install/turtlebot4_msgs/include/turtlebot4_msgs/turtlebot4_msgs/msg/detail/user_led__type_support.h
[1.381s] -- Up-to-date: /home/turtlebot4/training_code/install/turtlebot4_msgs/include/turtlebot4_msgs/turtlebot4_msgs/msg/detail/user_led__struct.h
[1.381s] -- Up-to-date: /home/turtlebot4/training_code/install/turtlebot4_msgs/include/turtlebot4_msgs/turtlebot4_msgs/msg/user_led.h
[1.381s] -- Up-to-date: /home/turtlebot4/training_code/install/turtlebot4_msgs/share/turtlebot4_msgs/environment/library_path.sh
[1.381s] -- Up-to-date: /home/turtlebot4/training_code/install/turtlebot4_msgs/share/turtlebot4_msgs/environment/library_path.dsv
[1.381s] -- Up-to-date: /home/turtlebot4/training_code/install/turtlebot4_msgs/lib/libturtlebot4_msgs__rosidl_generator_c.so
[1.382s] -- Up-to-date: /home/turtlebot4/training_code/install/turtlebot4_msgs/include/turtlebot4_msgs/turtlebot4_msgs
[1.382s] -- Up-to-date: /home/turtlebot4/training_code/install/turtlebot4_msgs/include/turtlebot4_msgs/turtlebot4_msgs/msg
[1.382s] -- Up-to-date: /home/turtlebot4/training_code/install/turtlebot4_msgs/include/turtlebot4_msgs/turtlebot4_msgs/msg/rosidl_typesupport_fastrtps_c__visibility_control.h
[1.382s] -- Up-to-date: /home/turtlebot4/training_code/install/turtlebot4_msgs/include/turtlebot4_msgs/turtlebot4_msgs/msg/detail
[1.382s] -- Up-to-date: /home/turtlebot4/training_code/install/turtlebot4_msgs/include/turtlebot4_msgs/turtlebot4_msgs/msg/detail/user_button__rosidl_typesupport_fastrtps_c.h
[1.382s] -- Up-to-date: /home/turtlebot4/training_code/install/turtlebot4_msgs/include/turtlebot4_msgs/turtlebot4_msgs/msg/detail/user_led__rosidl_typesupport_fastrtps_c.h
[1.383s] -- Up-to-date: /home/turtlebot4/training_code/install/turtlebot4_msgs/include/turtlebot4_msgs/turtlebot4_msgs/msg/detail/user_display__rosidl_typesupport_fastrtps_c.h
[1.383s] -- Up-to-date: /home/turtlebot4/training_code/install/turtlebot4_msgs/lib/libturtlebot4_msgs__rosidl_typesupport_fastrtps_c.so
[1.383s] -- Up-to-date: /home/turtlebot4/training_code/install/turtlebot4_msgs/include/turtlebot4_msgs/turtlebot4_msgs
[1.383s] -- Up-to-date: /home/turtlebot4/training_code/install/turtlebot4_msgs/include/turtlebot4_msgs/turtlebot4_msgs/msg
[1.383s] -- Up-to-date: /home/turtlebot4/training_code/install/turtlebot4_msgs/include/turtlebot4_msgs/turtlebot4_msgs/msg/rosidl_typesupport_introspection_c__visibility_control.h
[1.383s] -- Up-to-date: /home/turtlebot4/training_code/install/turtlebot4_msgs/include/turtlebot4_msgs/turtlebot4_msgs/msg/detail
[1.384s] -- Up-to-date: /home/turtlebot4/training_code/install/turtlebot4_msgs/include/turtlebot4_msgs/turtlebot4_msgs/msg/detail/user_led__rosidl_typesupport_introspection_c.h
[1.384s] -- Up-to-date: /home/turtlebot4/training_code/install/turtlebot4_msgs/include/turtlebot4_msgs/turtlebot4_msgs/msg/detail/user_display__rosidl_typesupport_introspection_c.h
[1.384s] -- Up-to-date: /home/turtlebot4/training_code/install/turtlebot4_msgs/include/turtlebot4_msgs/turtlebot4_msgs/msg/detail/user_button__type_support.c
[1.384s] -- Up-to-date: /home/turtlebot4/training_code/install/turtlebot4_msgs/include/turtlebot4_msgs/turtlebot4_msgs/msg/detail/user_button__rosidl_typesupport_introspection_c.h
[1.384s] -- Up-to-date: /home/turtlebot4/training_code/install/turtlebot4_msgs/include/turtlebot4_msgs/turtlebot4_msgs/msg/detail/user_display__type_support.c
[1.384s] -- Up-to-date: /home/turtlebot4/training_code/install/turtlebot4_msgs/include/turtlebot4_msgs/turtlebot4_msgs/msg/detail/user_led__type_support.c
[1.384s] -- Up-to-date: /home/turtlebot4/training_code/install/turtlebot4_msgs/lib/libturtlebot4_msgs__rosidl_typesupport_introspection_c.so
[1.385s] -- Up-to-date: /home/turtlebot4/training_code/install/turtlebot4_msgs/lib/libturtlebot4_msgs__rosidl_typesupport_c.so
[1.385s] -- Up-to-date: /home/turtlebot4/training_code/install/turtlebot4_msgs/include/turtlebot4_msgs/turtlebot4_msgs
[1.386s] -- Up-to-date: /home/turtlebot4/training_code/install/turtlebot4_msgs/include/turtlebot4_msgs/turtlebot4_msgs/msg
[1.387s] -- Up-to-date: /home/turtlebot4/training_code/install/turtlebot4_msgs/include/turtlebot4_msgs/turtlebot4_msgs/msg/user_led.hpp
[1.387s] -- Up-to-date: /home/turtlebot4/training_code/install/turtlebot4_msgs/include/turtlebot4_msgs/turtlebot4_msgs/msg/rosidl_generator_cpp__visibility_control.hpp
[1.387s] -- Up-to-date: /home/turtlebot4/training_code/install/turtlebot4_msgs/include/turtlebot4_msgs/turtlebot4_msgs/msg/user_button.hpp
[1.387s] -- Up-to-date: /home/turtlebot4/training_code/install/turtlebot4_msgs/include/turtlebot4_msgs/turtlebot4_msgs/msg/detail
[1.388s] -- Up-to-date: /home/turtlebot4/training_code/install/turtlebot4_msgs/include/turtlebot4_msgs/turtlebot4_msgs/msg/detail/user_button__struct.hpp
[1.388s] -- Up-to-date: /home/turtlebot4/training_code/install/turtlebot4_msgs/include/turtlebot4_msgs/turtlebot4_msgs/msg/detail/user_led__struct.hpp
[1.388s] -- Up-to-date: /home/turtlebot4/training_code/install/turtlebot4_msgs/include/turtlebot4_msgs/turtlebot4_msgs/msg/detail/user_led__type_support.hpp
[1.388s] -- Up-to-date: /home/turtlebot4/training_code/install/turtlebot4_msgs/include/turtlebot4_msgs/turtlebot4_msgs/msg/detail/user_button__type_support.hpp
[1.388s] -- Up-to-date: /home/turtlebot4/training_code/install/turtlebot4_msgs/include/turtlebot4_msgs/turtlebot4_msgs/msg/detail/user_led__traits.hpp
[1.388s] -- Up-to-date: /home/turtlebot4/training_code/install/turtlebot4_msgs/include/turtlebot4_msgs/turtlebot4_msgs/msg/detail/user_led__builder.hpp
[1.389s] -- Up-to-date: /home/turtlebot4/training_code/install/turtlebot4_msgs/include/turtlebot4_msgs/turtlebot4_msgs/msg/detail/user_button__builder.hpp
[1.389s] -- Up-to-date: /home/turtlebot4/training_code/install/turtlebot4_msgs/include/turtlebot4_msgs/turtlebot4_msgs/msg/detail/user_button__traits.hpp
[1.389s] -- Up-to-date: /home/turtlebot4/training_code/install/turtlebot4_msgs/include/turtlebot4_msgs/turtlebot4_msgs/msg/detail/user_display__traits.hpp
[1.389s] -- Up-to-date: /home/turtlebot4/training_code/install/turtlebot4_msgs/include/turtlebot4_msgs/turtlebot4_msgs/msg/detail/user_display__builder.hpp
[1.389s] -- Up-to-date: /home/turtlebot4/training_code/install/turtlebot4_msgs/include/turtlebot4_msgs/turtlebot4_msgs/msg/detail/user_display__type_support.hpp
[1.389s] -- Up-to-date: /home/turtlebot4/training_code/install/turtlebot4_msgs/include/turtlebot4_msgs/turtlebot4_msgs/msg/detail/user_display__struct.hpp
[1.390s] -- Up-to-date: /home/turtlebot4/training_code/install/turtlebot4_msgs/include/turtlebot4_msgs/turtlebot4_msgs/msg/user_display.hpp
[1.390s] -- Up-to-date: /home/turtlebot4/training_code/install/turtlebot4_msgs/include/turtlebot4_msgs/turtlebot4_msgs
[1.390s] -- Up-to-date: /home/turtlebot4/training_code/install/turtlebot4_msgs/include/turtlebot4_msgs/turtlebot4_msgs/msg
[1.390s] -- Up-to-date: /home/turtlebot4/training_code/install/turtlebot4_msgs/include/turtlebot4_msgs/turtlebot4_msgs/msg/rosidl_typesupport_fastrtps_cpp__visibility_control.h
[1.390s] -- Up-to-date: /home/turtlebot4/training_code/install/turtlebot4_msgs/include/turtlebot4_msgs/turtlebot4_msgs/msg/detail
[1.391s] -- Up-to-date: /home/turtlebot4/training_code/install/turtlebot4_msgs/include/turtlebot4_msgs/turtlebot4_msgs/msg/detail/user_led__rosidl_typesupport_fastrtps_cpp.hpp
[1.391s] -- Up-to-date: /home/turtlebot4/training_code/install/turtlebot4_msgs/include/turtlebot4_msgs/turtlebot4_msgs/msg/detail/dds_fastrtps
[1.391s] -- Up-to-date: /home/turtlebot4/training_code/install/turtlebot4_msgs/include/turtlebot4_msgs/turtlebot4_msgs/msg/detail/user_button__rosidl_typesupport_fastrtps_cpp.hpp
[1.391s] -- Up-to-date: /home/turtlebot4/training_code/install/turtlebot4_msgs/include/turtlebot4_msgs/turtlebot4_msgs/msg/detail/user_display__rosidl_typesupport_fastrtps_cpp.hpp
[1.391s] -- Up-to-date: /home/turtlebot4/training_code/install/turtlebot4_msgs/lib/libturtlebot4_msgs__rosidl_typesupport_fastrtps_cpp.so
[1.392s] -- Up-to-date: /home/turtlebot4/training_code/install/turtlebot4_msgs/include/turtlebot4_msgs/turtlebot4_msgs
[1.392s] -- Up-to-date: /home/turtlebot4/training_code/install/turtlebot4_msgs/include/turtlebot4_msgs/turtlebot4_msgs/msg
[1.392s] -- Up-to-date: /home/turtlebot4/training_code/install/turtlebot4_msgs/include/turtlebot4_msgs/turtlebot4_msgs/msg/detail
[1.392s] -- Up-to-date: /home/turtlebot4/training_code/install/turtlebot4_msgs/include/turtlebot4_msgs/turtlebot4_msgs/msg/detail/user_led__type_support.cpp
[1.392s] -- Up-to-date: /home/turtlebot4/training_code/install/turtlebot4_msgs/include/turtlebot4_msgs/turtlebot4_msgs/msg/detail/user_button__rosidl_typesupport_introspection_cpp.hpp
[1.393s] -- Up-to-date: /home/turtlebot4/training_code/install/turtlebot4_msgs/include/turtlebot4_msgs/turtlebot4_msgs/msg/detail/user_button__type_support.cpp
[1.393s] -- Up-to-date: /home/turtlebot4/training_code/install/turtlebot4_msgs/include/turtlebot4_msgs/turtlebot4_msgs/msg/detail/user_display__type_support.cpp
[1.393s] -- Up-to-date: /home/turtlebot4/training_code/install/turtlebot4_msgs/include/turtlebot4_msgs/turtlebot4_msgs/msg/detail/user_display__rosidl_typesupport_introspection_cpp.hpp
[1.393s] -- Up-to-date: /home/turtlebot4/training_code/install/turtlebot4_msgs/include/turtlebot4_msgs/turtlebot4_msgs/msg/detail/user_led__rosidl_typesupport_introspection_cpp.hpp
[1.393s] -- Up-to-date: /home/turtlebot4/training_code/install/turtlebot4_msgs/lib/libturtlebot4_msgs__rosidl_typesupport_introspection_cpp.so
[1.393s] -- Up-to-date: /home/turtlebot4/training_code/install/turtlebot4_msgs/lib/libturtlebot4_msgs__rosidl_typesupport_cpp.so
[1.393s] -- Up-to-date: /home/turtlebot4/training_code/install/turtlebot4_msgs/share/turtlebot4_msgs/environment/pythonpath.sh
[1.394s] -- Up-to-date: /home/turtlebot4/training_code/install/turtlebot4_msgs/share/turtlebot4_msgs/environment/pythonpath.dsv
[1.394s] -- Up-to-date: /home/turtlebot4/training_code/install/turtlebot4_msgs/local/lib/python3.10/dist-packages/turtlebot4_msgs-1.0.5-py3.10.egg-info
[1.394s] -- Installing: /home/turtlebot4/training_code/install/turtlebot4_msgs/local/lib/python3.10/dist-packages/turtlebot4_msgs-1.0.5-py3.10.egg-info/SOURCES.txt
[1.394s] -- Installing: /home/turtlebot4/training_code/install/turtlebot4_msgs/local/lib/python3.10/dist-packages/turtlebot4_msgs-1.0.5-py3.10.egg-info/PKG-INFO
[1.394s] -- Installing: /home/turtlebot4/training_code/install/turtlebot4_msgs/local/lib/python3.10/dist-packages/turtlebot4_msgs-1.0.5-py3.10.egg-info/dependency_links.txt
[1.394s] -- Installing: /home/turtlebot4/training_code/install/turtlebot4_msgs/local/lib/python3.10/dist-packages/turtlebot4_msgs-1.0.5-py3.10.egg-info/top_level.txt
[1.395s] -- Up-to-date: /home/turtlebot4/training_code/install/turtlebot4_msgs/local/lib/python3.10/dist-packages/turtlebot4_msgs
[1.396s] -- Up-to-date: /home/turtlebot4/training_code/install/turtlebot4_msgs/local/lib/python3.10/dist-packages/turtlebot4_msgs/_turtlebot4_msgs_s.ep.rosidl_typesupport_introspection_c.c
[1.396s] -- Up-to-date: /home/turtlebot4/training_code/install/turtlebot4_msgs/local/lib/python3.10/dist-packages/turtlebot4_msgs/turtlebot4_msgs_s__rosidl_typesupport_c.cpython-310-aarch64-linux-gnu.so
[1.397s] -- Up-to-date: /home/turtlebot4/training_code/install/turtlebot4_msgs/local/lib/python3.10/dist-packages/turtlebot4_msgs/libturtlebot4_msgs__rosidl_generator_py.so
[1.397s] -- Up-to-date: /home/turtlebot4/training_code/install/turtlebot4_msgs/local/lib/python3.10/dist-packages/turtlebot4_msgs/_turtlebot4_msgs_s.ep.rosidl_typesupport_c.c
[1.397s] -- Up-to-date: /home/turtlebot4/training_code/install/turtlebot4_msgs/local/lib/python3.10/dist-packages/turtlebot4_msgs/turtlebot4_msgs_s__rosidl_typesupport_fastrtps_c.cpython-310-aarch64-linux-gnu.so
[1.397s] -- Up-to-date: /home/turtlebot4/training_code/install/turtlebot4_msgs/local/lib/python3.10/dist-packages/turtlebot4_msgs/__init__.py
[1.397s] -- Up-to-date: /home/turtlebot4/training_code/install/turtlebot4_msgs/local/lib/python3.10/dist-packages/turtlebot4_msgs/turtlebot4_msgs_s__rosidl_typesupport_introspection_c.cpython-310-aarch64-linux-gnu.so
[1.398s] -- Up-to-date: /home/turtlebot4/training_code/install/turtlebot4_msgs/local/lib/python3.10/dist-packages/turtlebot4_msgs/msg
[1.398s] -- Up-to-date: /home/turtlebot4/training_code/install/turtlebot4_msgs/local/lib/python3.10/dist-packages/turtlebot4_msgs/msg/_user_button.py
[1.401s] -- Up-to-date: /home/turtlebot4/training_code/install/turtlebot4_msgs/local/lib/python3.10/dist-packages/turtlebot4_msgs/msg/_user_led.py
[1.401s] -- Up-to-date: /home/turtlebot4/training_code/install/turtlebot4_msgs/local/lib/python3.10/dist-packages/turtlebot4_msgs/msg/_user_button_s.c
[1.401s] -- Up-to-date: /home/turtlebot4/training_code/install/turtlebot4_msgs/local/lib/python3.10/dist-packages/turtlebot4_msgs/msg/_user_display_s.c
[1.401s] -- Up-to-date: /home/turtlebot4/training_code/install/turtlebot4_msgs/local/lib/python3.10/dist-packages/turtlebot4_msgs/msg/__init__.py
[1.401s] -- Up-to-date: /home/turtlebot4/training_code/install/turtlebot4_msgs/local/lib/python3.10/dist-packages/turtlebot4_msgs/msg/_user_display.py
[1.402s] -- Up-to-date: /home/turtlebot4/training_code/install/turtlebot4_msgs/local/lib/python3.10/dist-packages/turtlebot4_msgs/msg/_user_led_s.c
[1.402s] -- Up-to-date: /home/turtlebot4/training_code/install/turtlebot4_msgs/local/lib/python3.10/dist-packages/turtlebot4_msgs/_turtlebot4_msgs_s.ep.rosidl_typesupport_fastrtps_c.c
[1.465s] Listing '/home/turtlebot4/training_code/install/turtlebot4_msgs/local/lib/python3.10/dist-packages/turtlebot4_msgs'...
[1.466s] Listing '/home/turtlebot4/training_code/install/turtlebot4_msgs/local/lib/python3.10/dist-packages/turtlebot4_msgs/msg'...
[1.479s] -- Up-to-date: /home/turtlebot4/training_code/install/turtlebot4_msgs/local/lib/python3.10/dist-packages/turtlebot4_msgs/turtlebot4_msgs_s__rosidl_typesupport_fastrtps_c.cpython-310-aarch64-linux-gnu.so
[1.480s] -- Up-to-date: /home/turtlebot4/training_code/install/turtlebot4_msgs/local/lib/python3.10/dist-packages/turtlebot4_msgs/turtlebot4_msgs_s__rosidl_typesupport_introspection_c.cpython-310-aarch64-linux-gnu.so
[1.480s] -- Up-to-date: /home/turtlebot4/training_code/install/turtlebot4_msgs/local/lib/python3.10/dist-packages/turtlebot4_msgs/turtlebot4_msgs_s__rosidl_typesupport_c.cpython-310-aarch64-linux-gnu.so
[1.481s] -- Up-to-date: /home/turtlebot4/training_code/install/turtlebot4_msgs/lib/libturtlebot4_msgs__rosidl_generator_py.so
[1.482s] -- Up-to-date: /home/turtlebot4/training_code/install/turtlebot4_msgs/share/ament_index/resource_index/rust_packages/turtlebot4_msgs
[1.482s] -- Up-to-date: /home/turtlebot4/training_code/install/turtlebot4_msgs/share/turtlebot4_msgs/rust
[1.482s] -- Up-to-date: /home/turtlebot4/training_code/install/turtlebot4_msgs/share/turtlebot4_msgs/rust/Cargo.toml
[1.483s] -- Up-to-date: /home/turtlebot4/training_code/install/turtlebot4_msgs/share/turtlebot4_msgs/rust/build.rs
[1.483s] -- Up-to-date: /home/turtlebot4/training_code/install/turtlebot4_msgs/share/turtlebot4_msgs/rust/src
[1.483s] -- Up-to-date: /home/turtlebot4/training_code/install/turtlebot4_msgs/share/turtlebot4_msgs/rust/src/lib.rs
[1.483s] -- Up-to-date: /home/turtlebot4/training_code/install/turtlebot4_msgs/share/turtlebot4_msgs/rust/src/msg.rs
[1.484s] -- Up-to-date: /home/turtlebot4/training_code/install/turtlebot4_msgs/share/turtlebot4_msgs/rust/src/msg
[1.484s] -- Up-to-date: /home/turtlebot4/training_code/install/turtlebot4_msgs/share/turtlebot4_msgs/rust/src/msg/rmw.rs
[1.484s] -- Up-to-date: /home/turtlebot4/training_code/install/turtlebot4_msgs/share/turtlebot4_msgs/msg/UserLed.idl
[1.484s] -- Up-to-date: /home/turtlebot4/training_code/install/turtlebot4_msgs/share/turtlebot4_msgs/msg/UserButton.idl
[1.484s] -- Up-to-date: /home/turtlebot4/training_code/install/turtlebot4_msgs/share/turtlebot4_msgs/msg/UserDisplay.idl
[1.484s] -- Up-to-date: /home/turtlebot4/training_code/install/turtlebot4_msgs/share/turtlebot4_msgs/msg/UserLed.msg
[1.486s] -- Up-to-date: /home/turtlebot4/training_code/install/turtlebot4_msgs/share/turtlebot4_msgs/msg/UserButton.msg
[1.486s] -- Up-to-date: /home/turtlebot4/training_code/install/turtlebot4_msgs/share/turtlebot4_msgs/msg/UserDisplay.msg
[1.486s] -- Up-to-date: /home/turtlebot4/training_code/install/turtlebot4_msgs/share/ament_index/resource_index/package_run_dependencies/turtlebot4_msgs
[1.486s] -- Up-to-date: /home/turtlebot4/training_code/install/turtlebot4_msgs/share/ament_index/resource_index/parent_prefix_path/turtlebot4_msgs
[1.486s] -- Up-to-date: /home/turtlebot4/training_code/install/turtlebot4_msgs/share/turtlebot4_msgs/environment/ament_prefix_path.sh
[1.486s] -- Up-to-date: /home/turtlebot4/training_code/install/turtlebot4_msgs/share/turtlebot4_msgs/environment/ament_prefix_path.dsv
[1.487s] -- Up-to-date: /home/turtlebot4/training_code/install/turtlebot4_msgs/share/turtlebot4_msgs/environment/path.sh
[1.487s] -- Up-to-date: /home/turtlebot4/training_code/install/turtlebot4_msgs/share/turtlebot4_msgs/environment/path.dsv
[1.487s] -- Up-to-date: /home/turtlebot4/training_code/install/turtlebot4_msgs/share/turtlebot4_msgs/local_setup.bash
[1.487s] -- Up-to-date: /home/turtlebot4/training_code/install/turtlebot4_msgs/share/turtlebot4_msgs/local_setup.sh
[1.487s] -- Up-to-date: /home/turtlebot4/training_code/install/turtlebot4_msgs/share/turtlebot4_msgs/local_setup.zsh
[1.487s] -- Up-to-date: /home/turtlebot4/training_code/install/turtlebot4_msgs/share/turtlebot4_msgs/local_setup.dsv
[1.488s] -- Installing: /home/turtlebot4/training_code/install/turtlebot4_msgs/share/turtlebot4_msgs/package.dsv
[1.488s] -- Up-to-date: /home/turtlebot4/training_code/install/turtlebot4_msgs/share/ament_index/resource_index/packages/turtlebot4_msgs
[1.488s] -- Up-to-date: /home/turtlebot4/training_code/install/turtlebot4_msgs/share/turtlebot4_msgs/cmake/export_turtlebot4_msgs__rosidl_generator_cExport.cmake
[1.488s] -- Up-to-date: /home/turtlebot4/training_code/install/turtlebot4_msgs/share/turtlebot4_msgs/cmake/export_turtlebot4_msgs__rosidl_generator_cExport-noconfig.cmake
[1.488s] -- Up-to-date: /home/turtlebot4/training_code/install/turtlebot4_msgs/share/turtlebot4_msgs/cmake/export_turtlebot4_msgs__rosidl_typesupport_fastrtps_cExport.cmake
[1.489s] -- Up-to-date: /home/turtlebot4/training_code/install/turtlebot4_msgs/share/turtlebot4_msgs/cmake/export_turtlebot4_msgs__rosidl_typesupport_fastrtps_cExport-noconfig.cmake
[1.489s] -- Up-to-date: /home/turtlebot4/training_code/install/turtlebot4_msgs/share/turtlebot4_msgs/cmake/turtlebot4_msgs__rosidl_typesupport_introspection_cExport.cmake
[1.489s] -- Up-to-date: /home/turtlebot4/training_code/install/turtlebot4_msgs/share/turtlebot4_msgs/cmake/turtlebot4_msgs__rosidl_typesupport_introspection_cExport-noconfig.cmake
[1.489s] -- Up-to-date: /home/turtlebot4/training_code/install/turtlebot4_msgs/share/turtlebot4_msgs/cmake/turtlebot4_msgs__rosidl_typesupport_cExport.cmake
[1.489s] -- Up-to-date: /home/turtlebot4/training_code/install/turtlebot4_msgs/share/turtlebot4_msgs/cmake/turtlebot4_msgs__rosidl_typesupport_cExport-noconfig.cmake
[1.489s] -- Up-to-date: /home/turtlebot4/training_code/install/turtlebot4_msgs/share/turtlebot4_msgs/cmake/export_turtlebot4_msgs__rosidl_generator_cppExport.cmake
[1.490s] -- Up-to-date: /home/turtlebot4/training_code/install/turtlebot4_msgs/share/turtlebot4_msgs/cmake/export_turtlebot4_msgs__rosidl_typesupport_fastrtps_cppExport.cmake
[1.490s] -- Up-to-date: /home/turtlebot4/training_code/install/turtlebot4_msgs/share/turtlebot4_msgs/cmake/export_turtlebot4_msgs__rosidl_typesupport_fastrtps_cppExport-noconfig.cmake
[1.490s] -- Up-to-date: /home/turtlebot4/training_code/install/turtlebot4_msgs/share/turtlebot4_msgs/cmake/turtlebot4_msgs__rosidl_typesupport_introspection_cppExport.cmake
[1.491s] -- Up-to-date: /home/turtlebot4/training_code/install/turtlebot4_msgs/share/turtlebot4_msgs/cmake/turtlebot4_msgs__rosidl_typesupport_introspection_cppExport-noconfig.cmake
[1.503s] -- Up-to-date: /home/turtlebot4/training_code/install/turtlebot4_msgs/share/turtlebot4_msgs/cmake/turtlebot4_msgs__rosidl_typesupport_cppExport.cmake
[1.513s] -- Up-to-date: /home/turtlebot4/training_code/install/turtlebot4_msgs/share/turtlebot4_msgs/cmake/turtlebot4_msgs__rosidl_typesupport_cppExport-noconfig.cmake
[1.518s] -- Up-to-date: /home/turtlebot4/training_code/install/turtlebot4_msgs/share/turtlebot4_msgs/cmake/export_turtlebot4_msgs__rosidl_generator_pyExport.cmake
[1.519s] -- Up-to-date: /home/turtlebot4/training_code/install/turtlebot4_msgs/share/turtlebot4_msgs/cmake/export_turtlebot4_msgs__rosidl_generator_pyExport-noconfig.cmake
[1.520s] -- Up-to-date: /home/turtlebot4/training_code/install/turtlebot4_msgs/share/turtlebot4_msgs/cmake/rosidl_cmake-extras.cmake
[1.522s] -- Up-to-date: /home/turtlebot4/training_code/install/turtlebot4_msgs/share/turtlebot4_msgs/cmake/ament_cmake_export_include_directories-extras.cmake
[1.523s] -- Up-to-date: /home/turtlebot4/training_code/install/turtlebot4_msgs/share/turtlebot4_msgs/cmake/ament_cmake_export_libraries-extras.cmake
[1.523s] -- Up-to-date: /home/turtlebot4/training_code/install/turtlebot4_msgs/share/turtlebot4_msgs/cmake/ament_cmake_export_targets-extras.cmake
[1.525s] -- Up-to-date: /home/turtlebot4/training_code/install/turtlebot4_msgs/share/turtlebot4_msgs/cmake/rosidl_cmake_export_typesupport_targets-extras.cmake
[1.526s] -- Up-to-date: /home/turtlebot4/training_code/install/turtlebot4_msgs/share/turtlebot4_msgs/cmake/ament_cmake_export_dependencies-extras.cmake
[1.527s] -- Up-to-date: /home/turtlebot4/training_code/install/turtlebot4_msgs/share/turtlebot4_msgs/cmake/rosidl_cmake_export_typesupport_libraries-extras.cmake
[1.527s] -- Up-to-date: /home/turtlebot4/training_code/install/turtlebot4_msgs/share/turtlebot4_msgs/cmake/turtlebot4_msgsConfig.cmake
[1.527s] -- Up-to-date: /home/turtlebot4/training_code/install/turtlebot4_msgs/share/turtlebot4_msgs/cmake/turtlebot4_msgsConfig-version.cmake
[1.527s] -- Up-to-date: /home/turtlebot4/training_code/install/turtlebot4_msgs/share/turtlebot4_msgs/package.xml
[1.528s] Invoked command in '/home/turtlebot4/training_code/build/turtlebot4_msgs' returned '0': CMAKE_PREFIX_PATH=/home/turtlebot4/ros3_ws/install/qr_track_alvar:/opt/ros/humble /usr/bin/cmake --install /home/turtlebot4/training_code/build/turtlebot4_msgs
