-- Found ament_cmake: 1.3.11 (/opt/ros/humble/share/ament_cmake/cmake)
-- Found ament_lint_auto: 0.12.11 (/opt/ros/humble/share/ament_lint_auto/cmake)
-- Added test 'copyright' to check source files copyright and LICENSE
-- Added test 'flake8' to check Python code syntax and style conventions
-- Added test 'lint_cmake' to check CMake code style
-- Added test 'pep257' to check Python code against some of the docstring style conventions in PEP 257
-- Added test 'xmllint' to check XML markup files
-- Configuring done
-- Generating done
-- Build files have been written to: /home/turtlebot4/training_code/build/turtlebot4_navigation
Built target ament_cmake_python_copy_turtlebot4_navigation
running egg_info
writing turtlebot4_navigation.egg-info/PKG-INFO
writing dependency_links to turtlebot4_navigation.egg-info/dependency_links.txt
writing top-level names to turtlebot4_navigation.egg-info/top_level.txt
reading manifest file 'turtlebot4_navigation.egg-info/SOURCES.txt'
writing manifest file 'turtlebot4_navigation.egg-info/SOURCES.txt'
Built target ament_cmake_python_build_turtlebot4_navigation_egg
-- Install configuration: ""
-- Up-to-date: /home/turtlebot4/training_code/install/turtlebot4_navigation/share/turtlebot4_navigation/config
-- Up-to-date: /home/turtlebot4/training_code/install/turtlebot4_navigation/share/turtlebot4_navigation/config/slam.yaml
-- Up-to-date: /home/turtlebot4/training_code/install/turtlebot4_navigation/share/turtlebot4_navigation/config/localization.yaml
-- Up-to-date: /home/turtlebot4/training_code/install/turtlebot4_navigation/share/turtlebot4_navigation/config/nav2.yaml
-- Up-to-date: /home/turtlebot4/training_code/install/turtlebot4_navigation/share/turtlebot4_navigation/launch
-- Up-to-date: /home/turtlebot4/training_code/install/turtlebot4_navigation/share/turtlebot4_navigation/launch/nav2.launch.py
-- Up-to-date: /home/turtlebot4/training_code/install/turtlebot4_navigation/share/turtlebot4_navigation/launch/localization.launch.py
-- Up-to-date: /home/turtlebot4/training_code/install/turtlebot4_navigation/share/turtlebot4_navigation/launch/slam.launch.py
-- Up-to-date: /home/turtlebot4/training_code/install/turtlebot4_navigation/share/turtlebot4_navigation/maps
-- Installing: /home/turtlebot4/training_code/install/turtlebot4_navigation/share/turtlebot4_navigation/maps/map.pgm
-- Installing: /home/turtlebot4/training_code/install/turtlebot4_navigation/share/turtlebot4_navigation/maps/map.yaml
-- Up-to-date: /home/turtlebot4/training_code/install/turtlebot4_navigation/share/turtlebot4_navigation/environment/pythonpath.sh
-- Installing: /home/turtlebot4/training_code/install/turtlebot4_navigation/share/turtlebot4_navigation/environment/pythonpath.dsv
-- Up-to-date: /home/turtlebot4/training_code/install/turtlebot4_navigation/local/lib/python3.10/dist-packages/turtlebot4_navigation-1.0.5-py3.10.egg-info
-- Installing: /home/turtlebot4/training_code/install/turtlebot4_navigation/local/lib/python3.10/dist-packages/turtlebot4_navigation-1.0.5-py3.10.egg-info/SOURCES.txt
-- Installing: /home/turtlebot4/training_code/install/turtlebot4_navigation/local/lib/python3.10/dist-packages/turtlebot4_navigation-1.0.5-py3.10.egg-info/PKG-INFO
-- Installing: /home/turtlebot4/training_code/install/turtlebot4_navigation/local/lib/python3.10/dist-packages/turtlebot4_navigation-1.0.5-py3.10.egg-info/dependency_links.txt
-- Installing: /home/turtlebot4/training_code/install/turtlebot4_navigation/local/lib/python3.10/dist-packages/turtlebot4_navigation-1.0.5-py3.10.egg-info/top_level.txt
-- Up-to-date: /home/turtlebot4/training_code/install/turtlebot4_navigation/local/lib/python3.10/dist-packages/turtlebot4_navigation
-- Up-to-date: /home/turtlebot4/training_code/install/turtlebot4_navigation/local/lib/python3.10/dist-packages/turtlebot4_navigation/turtlebot4_navigator.py
-- Up-to-date: /home/turtlebot4/training_code/install/turtlebot4_navigation/local/lib/python3.10/dist-packages/turtlebot4_navigation/__init__.py
Listing '/home/turtlebot4/training_code/install/turtlebot4_navigation/local/lib/python3.10/dist-packages/turtlebot4_navigation'...
-- Up-to-date: /home/turtlebot4/training_code/install/turtlebot4_navigation/local/lib/python3.10/dist-packages/turtlebot4_navigator.py
-- Up-to-date: /home/turtlebot4/training_code/install/turtlebot4_navigation/share/ament_index/resource_index/package_run_dependencies/turtlebot4_navigation
-- Up-to-date: /home/turtlebot4/training_code/install/turtlebot4_navigation/share/ament_index/resource_index/parent_prefix_path/turtlebot4_navigation
-- Up-to-date: /home/turtlebot4/training_code/install/turtlebot4_navigation/share/turtlebot4_navigation/environment/ament_prefix_path.sh
-- Installing: /home/turtlebot4/training_code/install/turtlebot4_navigation/share/turtlebot4_navigation/environment/ament_prefix_path.dsv
-- Up-to-date: /home/turtlebot4/training_code/install/turtlebot4_navigation/share/turtlebot4_navigation/environment/path.sh
-- Installing: /home/turtlebot4/training_code/install/turtlebot4_navigation/share/turtlebot4_navigation/environment/path.dsv
-- Up-to-date: /home/turtlebot4/training_code/install/turtlebot4_navigation/share/turtlebot4_navigation/local_setup.bash
-- Up-to-date: /home/turtlebot4/training_code/install/turtlebot4_navigation/share/turtlebot4_navigation/local_setup.sh
-- Up-to-date: /home/turtlebot4/training_code/install/turtlebot4_navigation/share/turtlebot4_navigation/local_setup.zsh
-- Installing: /home/turtlebot4/training_code/install/turtlebot4_navigation/share/turtlebot4_navigation/local_setup.dsv
-- Installing: /home/turtlebot4/training_code/install/turtlebot4_navigation/share/turtlebot4_navigation/package.dsv
-- Up-to-date: /home/turtlebot4/training_code/install/turtlebot4_navigation/share/ament_index/resource_index/packages/turtlebot4_navigation
-- Up-to-date: /home/turtlebot4/training_code/install/turtlebot4_navigation/share/turtlebot4_navigation/cmake/turtlebot4_navigationConfig.cmake
-- Up-to-date: /home/turtlebot4/training_code/install/turtlebot4_navigation/share/turtlebot4_navigation/cmake/turtlebot4_navigationConfig-version.cmake
-- Up-to-date: /home/turtlebot4/training_code/install/turtlebot4_navigation/share/turtlebot4_navigation/package.xml
