[0.612s] Invoking command in '/home/turtlebot4/training_code/build/turtlebot4_navigation': CMAKE_PREFIX_PATH=/home/turtlebot4/ros3_ws/install/qr_track_alvar:/opt/ros/humble /usr/bin/cmake --build /home/turtlebot4/training_code/build/turtlebot4_navigation -- -j8 -l8
[0.651s] -- Found ament_cmake: 1.3.11 (/opt/ros/humble/share/ament_cmake/cmake)
[1.061s] -- Found ament_lint_auto: 0.12.11 (/opt/ros/humble/share/ament_lint_auto/cmake)
[1.211s] -- Added test 'copyright' to check source files copyright and LICENSE
[1.216s] -- Added test 'flake8' to check Python code syntax and style conventions
[1.217s] -- Added test 'lint_cmake' to check CMake code style
[1.217s] -- Added test 'pep257' to check Python code against some of the docstring style conventions in PEP 257
[1.220s] -- Added test 'xmllint' to check XML markup files
[1.221s] -- Configuring done
[1.231s] -- Generating done
[1.235s] -- Build files have been written to: /home/turtlebot4/training_code/build/turtlebot4_navigation
[1.319s] Built target ament_cmake_python_copy_turtlebot4_navigation
[1.869s] running egg_info
[1.870s] writing turtlebot4_navigation.egg-info/PKG-INFO
[1.871s] writing dependency_links to turtlebot4_navigation.egg-info/dependency_links.txt
[1.871s] writing top-level names to turtlebot4_navigation.egg-info/top_level.txt
[1.877s] reading manifest file 'turtlebot4_navigation.egg-info/SOURCES.txt'
[1.878s] writing manifest file 'turtlebot4_navigation.egg-info/SOURCES.txt'
[1.949s] Built target ament_cmake_python_build_turtlebot4_navigation_egg
[1.973s] Invoked command in '/home/turtlebot4/training_code/build/turtlebot4_navigation' returned '0': CMAKE_PREFIX_PATH=/home/turtlebot4/ros3_ws/install/qr_track_alvar:/opt/ros/humble /usr/bin/cmake --build /home/turtlebot4/training_code/build/turtlebot4_navigation -- -j8 -l8
[1.975s] Invoking command in '/home/turtlebot4/training_code/build/turtlebot4_navigation': CMAKE_PREFIX_PATH=/home/turtlebot4/ros3_ws/install/qr_track_alvar:/opt/ros/humble /usr/bin/cmake --install /home/turtlebot4/training_code/build/turtlebot4_navigation
[1.988s] -- Install configuration: ""
[1.988s] -- Installing: /home/turtlebot4/training_code/install/turtlebot4_navigation/share/turtlebot4_navigation/config
[1.988s] -- Installing: /home/turtlebot4/training_code/install/turtlebot4_navigation/share/turtlebot4_navigation/config/slam.yaml
[1.989s] -- Installing: /home/turtlebot4/training_code/install/turtlebot4_navigation/share/turtlebot4_navigation/config/localization.yaml
[1.989s] -- Installing: /home/turtlebot4/training_code/install/turtlebot4_navigation/share/turtlebot4_navigation/config/nav2.yaml
[1.989s] -- Installing: /home/turtlebot4/training_code/install/turtlebot4_navigation/share/turtlebot4_navigation/launch
[1.989s] -- Installing: /home/turtlebot4/training_code/install/turtlebot4_navigation/share/turtlebot4_navigation/launch/nav2.launch.py
[1.990s] -- Installing: /home/turtlebot4/training_code/install/turtlebot4_navigation/share/turtlebot4_navigation/launch/localization.launch.py
[1.990s] -- Installing: /home/turtlebot4/training_code/install/turtlebot4_navigation/share/turtlebot4_navigation/launch/slam.launch.py
[1.990s] -- Installing: /home/turtlebot4/training_code/install/turtlebot4_navigation/share/turtlebot4_navigation/maps
[1.990s] -- Installing: /home/turtlebot4/training_code/install/turtlebot4_navigation/share/turtlebot4_navigation/maps/map.pgm
[1.990s] -- Installing: /home/turtlebot4/training_code/install/turtlebot4_navigation/share/turtlebot4_navigation/maps/warehouse.pgm
[1.993s] -- Installing: /home/turtlebot4/training_code/install/turtlebot4_navigation/share/turtlebot4_navigation/maps/maze.yaml
[1.994s] -- Installing: /home/turtlebot4/training_code/install/turtlebot4_navigation/share/turtlebot4_navigation/maps/map.yaml
[1.994s] -- Installing: /home/turtlebot4/training_code/install/turtlebot4_navigation/share/turtlebot4_navigation/maps/test.yaml
[1.994s] -- Installing: /home/turtlebot4/training_code/install/turtlebot4_navigation/share/turtlebot4_navigation/maps/test.pgm
[1.994s] -- Installing: /home/turtlebot4/training_code/install/turtlebot4_navigation/share/turtlebot4_navigation/maps/depot.pgm
[1.996s] -- Installing: /home/turtlebot4/training_code/install/turtlebot4_navigation/share/turtlebot4_navigation/maps/maze.pgm
[1.997s] -- Installing: /home/turtlebot4/training_code/install/turtlebot4_navigation/share/turtlebot4_navigation/maps/depot.yaml
[1.997s] -- Installing: /home/turtlebot4/training_code/install/turtlebot4_navigation/share/turtlebot4_navigation/maps/warehouse.yaml
[1.997s] -- Installing: /home/turtlebot4/training_code/install/turtlebot4_navigation/share/turtlebot4_navigation/environment/pythonpath.sh
[1.998s] -- Installing: /home/turtlebot4/training_code/install/turtlebot4_navigation/share/turtlebot4_navigation/environment/pythonpath.dsv
[1.998s] -- Installing: /home/turtlebot4/training_code/install/turtlebot4_navigation/local/lib/python3.10/dist-packages/turtlebot4_navigation-1.0.5-py3.10.egg-info
[1.999s] -- Installing: /home/turtlebot4/training_code/install/turtlebot4_navigation/local/lib/python3.10/dist-packages/turtlebot4_navigation-1.0.5-py3.10.egg-info/SOURCES.txt
[2.000s] -- Installing: /home/turtlebot4/training_code/install/turtlebot4_navigation/local/lib/python3.10/dist-packages/turtlebot4_navigation-1.0.5-py3.10.egg-info/PKG-INFO
[2.000s] -- Installing: /home/turtlebot4/training_code/install/turtlebot4_navigation/local/lib/python3.10/dist-packages/turtlebot4_navigation-1.0.5-py3.10.egg-info/dependency_links.txt
[2.000s] -- Installing: /home/turtlebot4/training_code/install/turtlebot4_navigation/local/lib/python3.10/dist-packages/turtlebot4_navigation-1.0.5-py3.10.egg-info/top_level.txt
[2.000s] -- Installing: /home/turtlebot4/training_code/install/turtlebot4_navigation/local/lib/python3.10/dist-packages/turtlebot4_navigation
[2.001s] -- Installing: /home/turtlebot4/training_code/install/turtlebot4_navigation/local/lib/python3.10/dist-packages/turtlebot4_navigation/turtlebot4_navigator.py
[2.001s] -- Installing: /home/turtlebot4/training_code/install/turtlebot4_navigation/local/lib/python3.10/dist-packages/turtlebot4_navigation/__init__.py
[2.071s] Listing '/home/turtlebot4/training_code/install/turtlebot4_navigation/local/lib/python3.10/dist-packages/turtlebot4_navigation'...
[2.072s] Compiling '/home/turtlebot4/training_code/install/turtlebot4_navigation/local/lib/python3.10/dist-packages/turtlebot4_navigation/__init__.py'...
[2.072s] Compiling '/home/turtlebot4/training_code/install/turtlebot4_navigation/local/lib/python3.10/dist-packages/turtlebot4_navigation/turtlebot4_navigator.py'...
[2.084s] -- Installing: /home/turtlebot4/training_code/install/turtlebot4_navigation/local/lib/python3.10/dist-packages/turtlebot4_navigator.py
[2.164s] Compiling '/home/turtlebot4/training_code/install/turtlebot4_navigation/local/lib/python3.10/dist-packages/turtlebot4_navigator.py'...
[2.176s] -- Installing: /home/turtlebot4/training_code/install/turtlebot4_navigation/share/ament_index/resource_index/package_run_dependencies/turtlebot4_navigation
[2.177s] -- Installing: /home/turtlebot4/training_code/install/turtlebot4_navigation/share/ament_index/resource_index/parent_prefix_path/turtlebot4_navigation
[2.177s] -- Installing: /home/turtlebot4/training_code/install/turtlebot4_navigation/share/turtlebot4_navigation/environment/ament_prefix_path.sh
[2.178s] -- Installing: /home/turtlebot4/training_code/install/turtlebot4_navigation/share/turtlebot4_navigation/environment/ament_prefix_path.dsv
[2.178s] -- Installing: /home/turtlebot4/training_code/install/turtlebot4_navigation/share/turtlebot4_navigation/environment/path.sh
[2.178s] -- Installing: /home/turtlebot4/training_code/install/turtlebot4_navigation/share/turtlebot4_navigation/environment/path.dsv
[2.178s] -- Installing: /home/turtlebot4/training_code/install/turtlebot4_navigation/share/turtlebot4_navigation/local_setup.bash
[2.178s] -- Installing: /home/turtlebot4/training_code/install/turtlebot4_navigation/share/turtlebot4_navigation/local_setup.sh
[2.178s] -- Installing: /home/turtlebot4/training_code/install/turtlebot4_navigation/share/turtlebot4_navigation/local_setup.zsh
[2.179s] -- Installing: /home/turtlebot4/training_code/install/turtlebot4_navigation/share/turtlebot4_navigation/local_setup.dsv
[2.179s] -- Installing: /home/turtlebot4/training_code/install/turtlebot4_navigation/share/turtlebot4_navigation/package.dsv
[2.179s] -- Installing: /home/turtlebot4/training_code/install/turtlebot4_navigation/share/ament_index/resource_index/packages/turtlebot4_navigation
[2.179s] -- Installing: /home/turtlebot4/training_code/install/turtlebot4_navigation/share/turtlebot4_navigation/cmake/turtlebot4_navigationConfig.cmake
[2.179s] -- Installing: /home/turtlebot4/training_code/install/turtlebot4_navigation/share/turtlebot4_navigation/cmake/turtlebot4_navigationConfig-version.cmake
[2.179s] -- Installing: /home/turtlebot4/training_code/install/turtlebot4_navigation/share/turtlebot4_navigation/package.xml
[2.186s] Invoked command in '/home/turtlebot4/training_code/build/turtlebot4_navigation' returned '0': CMAKE_PREFIX_PATH=/home/turtlebot4/ros3_ws/install/qr_track_alvar:/opt/ros/humble /usr/bin/cmake --install /home/turtlebot4/training_code/build/turtlebot4_navigation
