[1.278s] Invoking command in '/home/turtlebot4/training_code/build/turtlebot4_navigation': CMAKE_PREFIX_PATH=/home/turtlebot4/ros3_ws/install/qr_track_alvar:/opt/ros/humble /usr/bin/cmake --build /home/turtlebot4/training_code/build/turtlebot4_navigation -- -j8 -l8
[1.390s] Built target ament_cmake_python_copy_turtlebot4_navigation
[1.964s] running egg_info
[1.966s] writing turtlebot4_navigation.egg-info/PKG-INFO
[1.966s] writing dependency_links to turtlebot4_navigation.egg-info/dependency_links.txt
[1.967s] writing top-level names to turtlebot4_navigation.egg-info/top_level.txt
[1.972s] reading manifest file 'turtlebot4_navigation.egg-info/SOURCES.txt'
[1.973s] writing manifest file 'turtlebot4_navigation.egg-info/SOURCES.txt'
[2.044s] Built target ament_cmake_python_build_turtlebot4_navigation_egg
[2.063s] Invoked command in '/home/turtlebot4/training_code/build/turtlebot4_navigation' returned '0': CMAKE_PREFIX_PATH=/home/turtlebot4/ros3_ws/install/qr_track_alvar:/opt/ros/humble /usr/bin/cmake --build /home/turtlebot4/training_code/build/turtlebot4_navigation -- -j8 -l8
[2.067s] Invoking command in '/home/turtlebot4/training_code/build/turtlebot4_navigation': CMAKE_PREFIX_PATH=/home/turtlebot4/ros3_ws/install/qr_track_alvar:/opt/ros/humble /usr/bin/cmake --install /home/turtlebot4/training_code/build/turtlebot4_navigation
[2.082s] -- Install configuration: ""
[2.083s] -- Up-to-date: /home/turtlebot4/training_code/install/turtlebot4_navigation/share/turtlebot4_navigation/config
[2.083s] -- Up-to-date: /home/turtlebot4/training_code/install/turtlebot4_navigation/share/turtlebot4_navigation/config/slam.yaml
[2.083s] -- Up-to-date: /home/turtlebot4/training_code/install/turtlebot4_navigation/share/turtlebot4_navigation/config/localization.yaml
[2.083s] -- Up-to-date: /home/turtlebot4/training_code/install/turtlebot4_navigation/share/turtlebot4_navigation/config/nav2.yaml
[2.083s] -- Up-to-date: /home/turtlebot4/training_code/install/turtlebot4_navigation/share/turtlebot4_navigation/launch
[2.083s] -- Up-to-date: /home/turtlebot4/training_code/install/turtlebot4_navigation/share/turtlebot4_navigation/launch/nav2.launch.py
[2.084s] -- Up-to-date: /home/turtlebot4/training_code/install/turtlebot4_navigation/share/turtlebot4_navigation/launch/localization.launch.py
[2.084s] -- Up-to-date: /home/turtlebot4/training_code/install/turtlebot4_navigation/share/turtlebot4_navigation/launch/slam.launch.py
[2.084s] -- Up-to-date: /home/turtlebot4/training_code/install/turtlebot4_navigation/share/turtlebot4_navigation/maps
[2.084s] -- Installing: /home/turtlebot4/training_code/install/turtlebot4_navigation/share/turtlebot4_navigation/maps/map.pgm
[2.084s] -- Up-to-date: /home/turtlebot4/training_code/install/turtlebot4_navigation/share/turtlebot4_navigation/maps/warehouse.pgm
[2.085s] -- Up-to-date: /home/turtlebot4/training_code/install/turtlebot4_navigation/share/turtlebot4_navigation/maps/maze.yaml
[2.085s] -- Installing: /home/turtlebot4/training_code/install/turtlebot4_navigation/share/turtlebot4_navigation/maps/map.yaml
[2.085s] -- Up-to-date: /home/turtlebot4/training_code/install/turtlebot4_navigation/share/turtlebot4_navigation/maps/test.yaml
[2.085s] -- Up-to-date: /home/turtlebot4/training_code/install/turtlebot4_navigation/share/turtlebot4_navigation/maps/test.pgm
[2.085s] -- Up-to-date: /home/turtlebot4/training_code/install/turtlebot4_navigation/share/turtlebot4_navigation/maps/depot.pgm
[2.085s] -- Up-to-date: /home/turtlebot4/training_code/install/turtlebot4_navigation/share/turtlebot4_navigation/maps/maze.pgm
[2.085s] -- Up-to-date: /home/turtlebot4/training_code/install/turtlebot4_navigation/share/turtlebot4_navigation/maps/depot.yaml
[2.086s] -- Up-to-date: /home/turtlebot4/training_code/install/turtlebot4_navigation/share/turtlebot4_navigation/maps/warehouse.yaml
[2.086s] -- Up-to-date: /home/turtlebot4/training_code/install/turtlebot4_navigation/share/turtlebot4_navigation/environment/pythonpath.sh
[2.086s] -- Up-to-date: /home/turtlebot4/training_code/install/turtlebot4_navigation/share/turtlebot4_navigation/environment/pythonpath.dsv
[2.086s] -- Up-to-date: /home/turtlebot4/training_code/install/turtlebot4_navigation/local/lib/python3.10/dist-packages/turtlebot4_navigation-1.0.5-py3.10.egg-info
[2.086s] -- Installing: /home/turtlebot4/training_code/install/turtlebot4_navigation/local/lib/python3.10/dist-packages/turtlebot4_navigation-1.0.5-py3.10.egg-info/SOURCES.txt
[2.086s] -- Installing: /home/turtlebot4/training_code/install/turtlebot4_navigation/local/lib/python3.10/dist-packages/turtlebot4_navigation-1.0.5-py3.10.egg-info/PKG-INFO
[2.086s] -- Installing: /home/turtlebot4/training_code/install/turtlebot4_navigation/local/lib/python3.10/dist-packages/turtlebot4_navigation-1.0.5-py3.10.egg-info/dependency_links.txt
[2.087s] -- Installing: /home/turtlebot4/training_code/install/turtlebot4_navigation/local/lib/python3.10/dist-packages/turtlebot4_navigation-1.0.5-py3.10.egg-info/top_level.txt
[2.087s] -- Up-to-date: /home/turtlebot4/training_code/install/turtlebot4_navigation/local/lib/python3.10/dist-packages/turtlebot4_navigation
[2.087s] -- Up-to-date: /home/turtlebot4/training_code/install/turtlebot4_navigation/local/lib/python3.10/dist-packages/turtlebot4_navigation/turtlebot4_navigator.py
[2.087s] -- Up-to-date: /home/turtlebot4/training_code/install/turtlebot4_navigation/local/lib/python3.10/dist-packages/turtlebot4_navigation/__init__.py
[2.159s] Listing '/home/turtlebot4/training_code/install/turtlebot4_navigation/local/lib/python3.10/dist-packages/turtlebot4_navigation'...
[2.170s] -- Up-to-date: /home/turtlebot4/training_code/install/turtlebot4_navigation/local/lib/python3.10/dist-packages/turtlebot4_navigator.py
[2.256s] -- Up-to-date: /home/turtlebot4/training_code/install/turtlebot4_navigation/share/ament_index/resource_index/package_run_dependencies/turtlebot4_navigation
[2.257s] -- Up-to-date: /home/turtlebot4/training_code/install/turtlebot4_navigation/share/ament_index/resource_index/parent_prefix_path/turtlebot4_navigation
[2.257s] -- Up-to-date: /home/turtlebot4/training_code/install/turtlebot4_navigation/share/turtlebot4_navigation/environment/ament_prefix_path.sh
[2.257s] -- Up-to-date: /home/turtlebot4/training_code/install/turtlebot4_navigation/share/turtlebot4_navigation/environment/ament_prefix_path.dsv
[2.257s] -- Up-to-date: /home/turtlebot4/training_code/install/turtlebot4_navigation/share/turtlebot4_navigation/environment/path.sh
[2.257s] -- Up-to-date: /home/turtlebot4/training_code/install/turtlebot4_navigation/share/turtlebot4_navigation/environment/path.dsv
[2.257s] -- Up-to-date: /home/turtlebot4/training_code/install/turtlebot4_navigation/share/turtlebot4_navigation/local_setup.bash
[2.258s] -- Up-to-date: /home/turtlebot4/training_code/install/turtlebot4_navigation/share/turtlebot4_navigation/local_setup.sh
[2.258s] -- Up-to-date: /home/turtlebot4/training_code/install/turtlebot4_navigation/share/turtlebot4_navigation/local_setup.zsh
[2.258s] -- Up-to-date: /home/turtlebot4/training_code/install/turtlebot4_navigation/share/turtlebot4_navigation/local_setup.dsv
[2.258s] -- Installing: /home/turtlebot4/training_code/install/turtlebot4_navigation/share/turtlebot4_navigation/package.dsv
[2.258s] -- Up-to-date: /home/turtlebot4/training_code/install/turtlebot4_navigation/share/ament_index/resource_index/packages/turtlebot4_navigation
[2.258s] -- Up-to-date: /home/turtlebot4/training_code/install/turtlebot4_navigation/share/turtlebot4_navigation/cmake/turtlebot4_navigationConfig.cmake
[2.259s] -- Up-to-date: /home/turtlebot4/training_code/install/turtlebot4_navigation/share/turtlebot4_navigation/cmake/turtlebot4_navigationConfig-version.cmake
[2.259s] -- Up-to-date: /home/turtlebot4/training_code/install/turtlebot4_navigation/share/turtlebot4_navigation/package.xml
[2.263s] Invoked command in '/home/turtlebot4/training_code/build/turtlebot4_navigation' returned '0': CMAKE_PREFIX_PATH=/home/turtlebot4/ros3_ws/install/qr_track_alvar:/opt/ros/humble /usr/bin/cmake --install /home/turtlebot4/training_code/build/turtlebot4_navigation
