[0.058s] Invoking command in '/home/turtlebot4/training_code/build/turtlebot4_msgs': CMAKE_PREFIX_PATH=/home/turtlebot4/ros3_ws/install/qr_track_alvar:/opt/ros/humble /usr/bin/cmake /home/turtlebot4/training_code/src/turtlebot4_msgs -DCMAKE_INSTALL_PREFIX=/home/turtlebot4/training_code/install/turtlebot4_msgs
[0.631s] -- The C compiler identification is GNU 11.4.0
[0.632s] -- The CXX compiler identification is GNU 11.4.0
[0.632s] -- Detecting C compiler ABI info
[0.632s] -- Detecting C compiler ABI info - done
[0.633s] -- Check for working C compiler: /usr/bin/cc - skipped
[0.633s] -- Detecting C compile features
[0.633s] -- Detecting C compile features - done
[0.633s] -- Detecting CXX compiler ABI info
[0.633s] -- Detecting CXX compiler ABI info - done
[0.633s] -- Check for working CXX compiler: /usr/bin/c++ - skipped
[0.633s] -- Detecting CXX compile features
[0.633s] -- Detecting CXX compile features - done
[0.633s] -- Found ament_cmake: 1.3.11 (/opt/ros/humble/share/ament_cmake/cmake)
[0.892s] -- Found Python3: /usr/bin/python3 (found version "3.10.12") found components: Interpreter 
[1.097s] -- Found ament_lint_auto: 0.12.11 (/opt/ros/humble/share/ament_lint_auto/cmake)
[1.271s] -- Found rosidl_default_generators: 1.2.0 (/opt/ros/humble/share/rosidl_default_generators/cmake)
[1.277s] -- Using all available rosidl_typesupport_c: rosidl_typesupport_fastrtps_c;rosidl_typesupport_introspection_c
[1.289s] -- Found rosidl_adapter: 3.1.6 (/opt/ros/humble/share/rosidl_adapter/cmake)
[1.370s] -- Using all available rosidl_typesupport_cpp: rosidl_typesupport_fastrtps_cpp;rosidl_typesupport_introspection_cpp
[1.439s] -- Found std_msgs: 4.2.4 (/opt/ros/humble/share/std_msgs/cmake)
[1.903s] -- Found ament_cmake_ros: 0.10.0 (/opt/ros/humble/share/ament_cmake_ros/cmake)
[2.287s] -- Using all available rosidl_typesupport_c: rosidl_typesupport_fastrtps_c;rosidl_typesupport_introspection_c
[2.756s] -- Using all available rosidl_typesupport_cpp: rosidl_typesupport_fastrtps_cpp;rosidl_typesupport_introspection_cpp
[2.801s] -- Found PythonInterp: /usr/bin/python3 (found suitable version "3.10.12", minimum required is "3.6") 
[2.804s] -- Found python_cmake_module: 0.10.0 (/opt/ros/humble/share/python_cmake_module/cmake)
[2.855s] -- Found PythonLibs: /usr/lib/aarch64-linux-gnu/libpython3.10.so (found suitable version "3.10.12", minimum required is "3.5") 
[2.855s] -- Using PYTHON_EXECUTABLE: /usr/bin/python3
[2.856s] -- Using PYTHON_INCLUDE_DIRS: /usr/include/python3.10
[2.856s] -- Using PYTHON_LIBRARIES: /usr/lib/aarch64-linux-gnu/libpython3.10.so
[2.897s] -- Found PythonExtra: .so  
[2.963s] -- Added test 'copyright' to check source files copyright and LICENSE
[2.966s] -- Added test 'lint_cmake' to check CMake code style
[2.968s] -- Added test 'xmllint' to check XML markup files
[2.978s] -- Configuring done
[3.042s] -- Generating done
[3.063s] -- Build files have been written to: /home/turtlebot4/training_code/build/turtlebot4_msgs
