-- Install configuration: ""
-- Up-to-date: /home/turtlebot4/training_code/install/turtlebot4_description/share/turtlebot4_description/launch
-- Up-to-date: /home/turtlebot4/training_code/install/turtlebot4_description/share/turtlebot4_description/launch/robot_description.launch.py
-- Up-to-date: /home/turtlebot4/training_code/install/turtlebot4_description/share/turtlebot4_description/meshes
-- Up-to-date: /home/turtlebot4/training_code/install/turtlebot4_description/share/turtlebot4_description/meshes/camera_bracket.dae
-- Up-to-date: /home/turtlebot4/training_code/install/turtlebot4_description/share/turtlebot4_description/meshes/tower_sensor_plate.dae
-- Up-to-date: /home/turtlebot4/training_code/install/turtlebot4_description/share/turtlebot4_description/meshes/weight_block.dae
-- Up-to-date: /home/turtlebot4/training_code/install/turtlebot4_description/share/turtlebot4_description/meshes/rplidar.dae
-- Up-to-date: /home/turtlebot4/training_code/install/turtlebot4_description/share/turtlebot4_description/meshes/shell.dae
-- Up-to-date: /home/turtlebot4/training_code/install/turtlebot4_description/share/turtlebot4_description/meshes/oakd_pro.dae
-- Up-to-date: /home/turtlebot4/training_code/install/turtlebot4_description/share/turtlebot4_description/meshes/shell_collision.dae
-- Up-to-date: /home/turtlebot4/training_code/install/turtlebot4_description/share/turtlebot4_description/meshes/tower.dae
-- Up-to-date: /home/turtlebot4/training_code/install/turtlebot4_description/share/turtlebot4_description/meshes/tower_standoff.dae
-- Up-to-date: /home/turtlebot4/training_code/install/turtlebot4_description/share/turtlebot4_description/meshes/oakd_lite.dae
-- Up-to-date: /home/turtlebot4/training_code/install/turtlebot4_description/share/turtlebot4_description/urdf
-- Up-to-date: /home/turtlebot4/training_code/install/turtlebot4_description/share/turtlebot4_description/urdf/lite
-- Up-to-date: /home/turtlebot4/training_code/install/turtlebot4_description/share/turtlebot4_description/urdf/lite/turtlebot4.urdf.xacro
-- Up-to-date: /home/turtlebot4/training_code/install/turtlebot4_description/share/turtlebot4_description/urdf/sensors
-- Up-to-date: /home/turtlebot4/training_code/install/turtlebot4_description/share/turtlebot4_description/urdf/sensors/oakd.urdf.xacro
-- Up-to-date: /home/turtlebot4/training_code/install/turtlebot4_description/share/turtlebot4_description/urdf/sensors/rplidar.urdf.xacro
-- Up-to-date: /home/turtlebot4/training_code/install/turtlebot4_description/share/turtlebot4_description/urdf/sensors/camera_bracket.urdf.xacro
-- Up-to-date: /home/turtlebot4/training_code/install/turtlebot4_description/share/turtlebot4_description/urdf/standard
-- Up-to-date: /home/turtlebot4/training_code/install/turtlebot4_description/share/turtlebot4_description/urdf/standard/turtlebot4.urdf.xacro
-- Up-to-date: /home/turtlebot4/training_code/install/turtlebot4_description/share/turtlebot4_description/urdf/standard/tower_standoff.urdf.xacro
-- Up-to-date: /home/turtlebot4/training_code/install/turtlebot4_description/share/turtlebot4_description/urdf/standard/tower_sensor_plate.urdf.xacro
-- Up-to-date: /home/turtlebot4/training_code/install/turtlebot4_description/share/turtlebot4_description/urdf/standard/weight_block.urdf.xacro
-- Up-to-date: /home/turtlebot4/training_code/install/turtlebot4_description/share/ament_index/resource_index/package_run_dependencies/turtlebot4_description
-- Up-to-date: /home/turtlebot4/training_code/install/turtlebot4_description/share/ament_index/resource_index/parent_prefix_path/turtlebot4_description
-- Up-to-date: /home/turtlebot4/training_code/install/turtlebot4_description/share/turtlebot4_description/environment/ament_prefix_path.sh
-- Up-to-date: /home/turtlebot4/training_code/install/turtlebot4_description/share/turtlebot4_description/environment/ament_prefix_path.dsv
-- Up-to-date: /home/turtlebot4/training_code/install/turtlebot4_description/share/turtlebot4_description/environment/path.sh
-- Up-to-date: /home/turtlebot4/training_code/install/turtlebot4_description/share/turtlebot4_description/environment/path.dsv
-- Up-to-date: /home/turtlebot4/training_code/install/turtlebot4_description/share/turtlebot4_description/local_setup.bash
-- Up-to-date: /home/turtlebot4/training_code/install/turtlebot4_description/share/turtlebot4_description/local_setup.sh
-- Up-to-date: /home/turtlebot4/training_code/install/turtlebot4_description/share/turtlebot4_description/local_setup.zsh
-- Up-to-date: /home/turtlebot4/training_code/install/turtlebot4_description/share/turtlebot4_description/local_setup.dsv
-- Installing: /home/turtlebot4/training_code/install/turtlebot4_description/share/turtlebot4_description/package.dsv
-- Up-to-date: /home/turtlebot4/training_code/install/turtlebot4_description/share/ament_index/resource_index/packages/turtlebot4_description
-- Up-to-date: /home/turtlebot4/training_code/install/turtlebot4_description/share/turtlebot4_description/cmake/turtlebot4_descriptionConfig.cmake
-- Up-to-date: /home/turtlebot4/training_code/install/turtlebot4_description/share/turtlebot4_description/cmake/turtlebot4_descriptionConfig-version.cmake
-- Up-to-date: /home/turtlebot4/training_code/install/turtlebot4_description/share/turtlebot4_description/package.xml
