[1.184s] Invoking command in '/home/turtlebot4/training_code/build/turtlebot4_description': CMAKE_PREFIX_PATH=/home/turtlebot4/ros3_ws/install/qr_track_alvar:/opt/ros/humble /usr/bin/cmake --build /home/turtlebot4/training_code/build/turtlebot4_description -- -j8 -l8
[1.249s] Invoked command in '/home/turtlebot4/training_code/build/turtlebot4_description' returned '0': CMAKE_PREFIX_PATH=/home/turtlebot4/ros3_ws/install/qr_track_alvar:/opt/ros/humble /usr/bin/cmake --build /home/turtlebot4/training_code/build/turtlebot4_description -- -j8 -l8
[1.268s] Invoking command in '/home/turtlebot4/training_code/build/turtlebot4_description': CMAKE_PREFIX_PATH=/home/turtlebot4/ros3_ws/install/qr_track_alvar:/opt/ros/humble /usr/bin/cmake --install /home/turtlebot4/training_code/build/turtlebot4_description
[1.283s] -- Install configuration: ""
[1.284s] -- Up-to-date: /home/turtlebot4/training_code/install/turtlebot4_description/share/turtlebot4_description/launch
[1.284s] -- Up-to-date: /home/turtlebot4/training_code/install/turtlebot4_description/share/turtlebot4_description/launch/robot_description.launch.py
[1.284s] -- Up-to-date: /home/turtlebot4/training_code/install/turtlebot4_description/share/turtlebot4_description/meshes
[1.284s] -- Up-to-date: /home/turtlebot4/training_code/install/turtlebot4_description/share/turtlebot4_description/meshes/camera_bracket.dae
[1.284s] -- Up-to-date: /home/turtlebot4/training_code/install/turtlebot4_description/share/turtlebot4_description/meshes/tower_sensor_plate.dae
[1.285s] -- Up-to-date: /home/turtlebot4/training_code/install/turtlebot4_description/share/turtlebot4_description/meshes/weight_block.dae
[1.285s] -- Up-to-date: /home/turtlebot4/training_code/install/turtlebot4_description/share/turtlebot4_description/meshes/rplidar.dae
[1.285s] -- Up-to-date: /home/turtlebot4/training_code/install/turtlebot4_description/share/turtlebot4_description/meshes/shell.dae
[1.285s] -- Up-to-date: /home/turtlebot4/training_code/install/turtlebot4_description/share/turtlebot4_description/meshes/oakd_pro.dae
[1.285s] -- Up-to-date: /home/turtlebot4/training_code/install/turtlebot4_description/share/turtlebot4_description/meshes/shell_collision.dae
[1.285s] -- Up-to-date: /home/turtlebot4/training_code/install/turtlebot4_description/share/turtlebot4_description/meshes/tower.dae
[1.285s] -- Up-to-date: /home/turtlebot4/training_code/install/turtlebot4_description/share/turtlebot4_description/meshes/tower_standoff.dae
[1.286s] -- Up-to-date: /home/turtlebot4/training_code/install/turtlebot4_description/share/turtlebot4_description/meshes/oakd_lite.dae
[1.286s] -- Up-to-date: /home/turtlebot4/training_code/install/turtlebot4_description/share/turtlebot4_description/urdf
[1.286s] -- Up-to-date: /home/turtlebot4/training_code/install/turtlebot4_description/share/turtlebot4_description/urdf/lite
[1.286s] -- Up-to-date: /home/turtlebot4/training_code/install/turtlebot4_description/share/turtlebot4_description/urdf/lite/turtlebot4.urdf.xacro
[1.286s] -- Up-to-date: /home/turtlebot4/training_code/install/turtlebot4_description/share/turtlebot4_description/urdf/sensors
[1.286s] -- Up-to-date: /home/turtlebot4/training_code/install/turtlebot4_description/share/turtlebot4_description/urdf/sensors/oakd.urdf.xacro
[1.286s] -- Up-to-date: /home/turtlebot4/training_code/install/turtlebot4_description/share/turtlebot4_description/urdf/sensors/rplidar.urdf.xacro
[1.287s] -- Up-to-date: /home/turtlebot4/training_code/install/turtlebot4_description/share/turtlebot4_description/urdf/sensors/camera_bracket.urdf.xacro
[1.287s] -- Up-to-date: /home/turtlebot4/training_code/install/turtlebot4_description/share/turtlebot4_description/urdf/standard
[1.287s] -- Up-to-date: /home/turtlebot4/training_code/install/turtlebot4_description/share/turtlebot4_description/urdf/standard/turtlebot4.urdf.xacro
[1.287s] -- Up-to-date: /home/turtlebot4/training_code/install/turtlebot4_description/share/turtlebot4_description/urdf/standard/tower_standoff.urdf.xacro
[1.287s] -- Up-to-date: /home/turtlebot4/training_code/install/turtlebot4_description/share/turtlebot4_description/urdf/standard/tower_sensor_plate.urdf.xacro
[1.287s] -- Up-to-date: /home/turtlebot4/training_code/install/turtlebot4_description/share/turtlebot4_description/urdf/standard/weight_block.urdf.xacro
[1.288s] -- Up-to-date: /home/turtlebot4/training_code/install/turtlebot4_description/share/ament_index/resource_index/package_run_dependencies/turtlebot4_description
[1.289s] -- Up-to-date: /home/turtlebot4/training_code/install/turtlebot4_description/share/ament_index/resource_index/parent_prefix_path/turtlebot4_description
[1.290s] -- Installing: /home/turtlebot4/training_code/install/turtlebot4_description/share/turtlebot4_description/environment/ament_prefix_path.sh
[1.290s] -- Up-to-date: /home/turtlebot4/training_code/install/turtlebot4_description/share/turtlebot4_description/environment/ament_prefix_path.dsv
[1.291s] -- Installing: /home/turtlebot4/training_code/install/turtlebot4_description/share/turtlebot4_description/environment/path.sh
[1.292s] -- Up-to-date: /home/turtlebot4/training_code/install/turtlebot4_description/share/turtlebot4_description/environment/path.dsv
[1.292s] -- Up-to-date: /home/turtlebot4/training_code/install/turtlebot4_description/share/turtlebot4_description/local_setup.bash
[1.292s] -- Up-to-date: /home/turtlebot4/training_code/install/turtlebot4_description/share/turtlebot4_description/local_setup.sh
[1.292s] -- Up-to-date: /home/turtlebot4/training_code/install/turtlebot4_description/share/turtlebot4_description/local_setup.zsh
[1.292s] -- Up-to-date: /home/turtlebot4/training_code/install/turtlebot4_description/share/turtlebot4_description/local_setup.dsv
[1.293s] -- Up-to-date: /home/turtlebot4/training_code/install/turtlebot4_description/share/turtlebot4_description/package.dsv
[1.293s] -- Up-to-date: /home/turtlebot4/training_code/install/turtlebot4_description/share/ament_index/resource_index/packages/turtlebot4_description
[1.293s] -- Up-to-date: /home/turtlebot4/training_code/install/turtlebot4_description/share/turtlebot4_description/cmake/turtlebot4_descriptionConfig.cmake
[1.293s] -- Up-to-date: /home/turtlebot4/training_code/install/turtlebot4_description/share/turtlebot4_description/cmake/turtlebot4_descriptionConfig-version.cmake
[1.295s] -- Up-to-date: /home/turtlebot4/training_code/install/turtlebot4_description/share/turtlebot4_description/package.xml
[1.297s] Invoked command in '/home/turtlebot4/training_code/build/turtlebot4_description' returned '0': CMAKE_PREFIX_PATH=/home/turtlebot4/ros3_ws/install/qr_track_alvar:/opt/ros/humble /usr/bin/cmake --install /home/turtlebot4/training_code/build/turtlebot4_description
