[1.378s] Invoking command in '/home/turtlebot4/training_code/build/turtlebot4_description': CMAKE_PREFIX_PATH=/home/turtlebot4/ros3_ws/install/qr_track_alvar:/opt/ros/humble /usr/bin/cmake --build /home/turtlebot4/training_code/build/turtlebot4_description -- -j8 -l8
[1.429s] -- Found ament_cmake: 1.3.11 (/opt/ros/humble/share/ament_cmake/cmake)
[1.728s] -- Found urdf: 2.6.1 (/opt/ros/humble/share/urdf/cmake)
[1.823s] -- Found irobot_create_description: 2.1.0 (/opt/ros/humble/share/irobot_create_description/cmake)
[1.824s] -- Found ament_lint_auto: 0.12.11 (/opt/ros/humble/share/ament_lint_auto/cmake)
[1.991s] -- Added test 'copyright' to check source files copyright and LICENSE
[1.997s] -- Added test 'flake8' to check Python code syntax and style conventions
[1.999s] -- Added test 'lint_cmake' to check CMake code style
[2.000s] -- Added test 'pep257' to check Python code against some of the docstring style conventions in PEP 257
[2.004s] -- Added test 'xmllint' to check XML markup files
[2.007s] -- Configuring done
[2.019s] -- Generating done
[2.023s] -- Build files have been written to: /home/turtlebot4/training_code/build/turtlebot4_description
[2.069s] Invoked command in '/home/turtlebot4/training_code/build/turtlebot4_description' returned '0': CMAKE_PREFIX_PATH=/home/turtlebot4/ros3_ws/install/qr_track_alvar:/opt/ros/humble /usr/bin/cmake --build /home/turtlebot4/training_code/build/turtlebot4_description -- -j8 -l8
[2.095s] Invoking command in '/home/turtlebot4/training_code/build/turtlebot4_description': CMAKE_PREFIX_PATH=/home/turtlebot4/ros3_ws/install/qr_track_alvar:/opt/ros/humble /usr/bin/cmake --install /home/turtlebot4/training_code/build/turtlebot4_description
[2.113s] -- Install configuration: ""
[2.113s] -- Up-to-date: /home/turtlebot4/training_code/install/turtlebot4_description/share/turtlebot4_description/launch
[2.113s] -- Up-to-date: /home/turtlebot4/training_code/install/turtlebot4_description/share/turtlebot4_description/launch/robot_description.launch.py
[2.113s] -- Up-to-date: /home/turtlebot4/training_code/install/turtlebot4_description/share/turtlebot4_description/meshes
[2.113s] -- Up-to-date: /home/turtlebot4/training_code/install/turtlebot4_description/share/turtlebot4_description/meshes/camera_bracket.dae
[2.114s] -- Up-to-date: /home/turtlebot4/training_code/install/turtlebot4_description/share/turtlebot4_description/meshes/tower_sensor_plate.dae
[2.114s] -- Up-to-date: /home/turtlebot4/training_code/install/turtlebot4_description/share/turtlebot4_description/meshes/weight_block.dae
[2.114s] -- Up-to-date: /home/turtlebot4/training_code/install/turtlebot4_description/share/turtlebot4_description/meshes/rplidar.dae
[2.114s] -- Up-to-date: /home/turtlebot4/training_code/install/turtlebot4_description/share/turtlebot4_description/meshes/shell.dae
[2.115s] -- Up-to-date: /home/turtlebot4/training_code/install/turtlebot4_description/share/turtlebot4_description/meshes/oakd_pro.dae
[2.115s] -- Up-to-date: /home/turtlebot4/training_code/install/turtlebot4_description/share/turtlebot4_description/meshes/shell_collision.dae
[2.116s] -- Up-to-date: /home/turtlebot4/training_code/install/turtlebot4_description/share/turtlebot4_description/meshes/tower.dae
[2.116s] -- Up-to-date: /home/turtlebot4/training_code/install/turtlebot4_description/share/turtlebot4_description/meshes/tower_standoff.dae
[2.116s] -- Up-to-date: /home/turtlebot4/training_code/install/turtlebot4_description/share/turtlebot4_description/meshes/oakd_lite.dae
[2.117s] -- Up-to-date: /home/turtlebot4/training_code/install/turtlebot4_description/share/turtlebot4_description/urdf
[2.117s] -- Up-to-date: /home/turtlebot4/training_code/install/turtlebot4_description/share/turtlebot4_description/urdf/lite
[2.117s] -- Up-to-date: /home/turtlebot4/training_code/install/turtlebot4_description/share/turtlebot4_description/urdf/lite/turtlebot4.urdf.xacro
[2.117s] -- Up-to-date: /home/turtlebot4/training_code/install/turtlebot4_description/share/turtlebot4_description/urdf/sensors
[2.117s] -- Up-to-date: /home/turtlebot4/training_code/install/turtlebot4_description/share/turtlebot4_description/urdf/sensors/oakd.urdf.xacro
[2.117s] -- Up-to-date: /home/turtlebot4/training_code/install/turtlebot4_description/share/turtlebot4_description/urdf/sensors/rplidar.urdf.xacro
[2.118s] -- Up-to-date: /home/turtlebot4/training_code/install/turtlebot4_description/share/turtlebot4_description/urdf/sensors/camera_bracket.urdf.xacro
[2.118s] -- Up-to-date: /home/turtlebot4/training_code/install/turtlebot4_description/share/turtlebot4_description/urdf/standard
[2.118s] -- Up-to-date: /home/turtlebot4/training_code/install/turtlebot4_description/share/turtlebot4_description/urdf/standard/turtlebot4.urdf.xacro
[2.119s] -- Up-to-date: /home/turtlebot4/training_code/install/turtlebot4_description/share/turtlebot4_description/urdf/standard/tower_standoff.urdf.xacro
[2.120s] -- Up-to-date: /home/turtlebot4/training_code/install/turtlebot4_description/share/turtlebot4_description/urdf/standard/tower_sensor_plate.urdf.xacro
[2.120s] -- Up-to-date: /home/turtlebot4/training_code/install/turtlebot4_description/share/turtlebot4_description/urdf/standard/weight_block.urdf.xacro
[2.121s] -- Up-to-date: /home/turtlebot4/training_code/install/turtlebot4_description/share/ament_index/resource_index/package_run_dependencies/turtlebot4_description
[2.121s] -- Up-to-date: /home/turtlebot4/training_code/install/turtlebot4_description/share/ament_index/resource_index/parent_prefix_path/turtlebot4_description
[2.121s] -- Up-to-date: /home/turtlebot4/training_code/install/turtlebot4_description/share/turtlebot4_description/environment/ament_prefix_path.sh
[2.121s] -- Installing: /home/turtlebot4/training_code/install/turtlebot4_description/share/turtlebot4_description/environment/ament_prefix_path.dsv
[2.122s] -- Up-to-date: /home/turtlebot4/training_code/install/turtlebot4_description/share/turtlebot4_description/environment/path.sh
[2.122s] -- Installing: /home/turtlebot4/training_code/install/turtlebot4_description/share/turtlebot4_description/environment/path.dsv
[2.122s] -- Up-to-date: /home/turtlebot4/training_code/install/turtlebot4_description/share/turtlebot4_description/local_setup.bash
[2.122s] -- Up-to-date: /home/turtlebot4/training_code/install/turtlebot4_description/share/turtlebot4_description/local_setup.sh
[2.123s] -- Up-to-date: /home/turtlebot4/training_code/install/turtlebot4_description/share/turtlebot4_description/local_setup.zsh
[2.123s] -- Installing: /home/turtlebot4/training_code/install/turtlebot4_description/share/turtlebot4_description/local_setup.dsv
[2.123s] -- Installing: /home/turtlebot4/training_code/install/turtlebot4_description/share/turtlebot4_description/package.dsv
[2.123s] -- Up-to-date: /home/turtlebot4/training_code/install/turtlebot4_description/share/ament_index/resource_index/packages/turtlebot4_description
[2.124s] -- Up-to-date: /home/turtlebot4/training_code/install/turtlebot4_description/share/turtlebot4_description/cmake/turtlebot4_descriptionConfig.cmake
[2.124s] -- Up-to-date: /home/turtlebot4/training_code/install/turtlebot4_description/share/turtlebot4_description/cmake/turtlebot4_descriptionConfig-version.cmake
[2.124s] -- Up-to-date: /home/turtlebot4/training_code/install/turtlebot4_description/share/turtlebot4_description/package.xml
[2.125s] Invoked command in '/home/turtlebot4/training_code/build/turtlebot4_description' returned '0': CMAKE_PREFIX_PATH=/home/turtlebot4/ros3_ws/install/qr_track_alvar:/opt/ros/humble /usr/bin/cmake --install /home/turtlebot4/training_code/build/turtlebot4_description
