[ 75%] Built target turtlebot4_node_lib
[100%] Built target turtlebot4_node
-- Install configuration: ""
-- Up-to-date: /home/turtlebot4/training_code/install/turtlebot4_node/lib/turtlebot4_node/turtlebot4_node
-- Up-to-date: /home/turtlebot4/training_code/install/turtlebot4_node/include
-- Up-to-date: /home/turtlebot4/training_code/install/turtlebot4_node/include/turtlebot4_node
-- Up-to-date: /home/turtlebot4/training_code/install/turtlebot4_node/include/turtlebot4_node/utils.hpp
-- Up-to-date: /home/turtlebot4/training_code/install/turtlebot4_node/include/turtlebot4_node/action.hpp
-- Up-to-date: /home/turtlebot4/training_code/install/turtlebot4_node/include/turtlebot4_node/leds.hpp
-- Up-to-date: /home/turtlebot4/training_code/install/turtlebot4_node/include/turtlebot4_node/buttons.hpp
-- Up-to-date: /home/turtlebot4/training_code/install/turtlebot4_node/include/turtlebot4_node/turtlebot4.hpp
-- Up-to-date: /home/turtlebot4/training_code/install/turtlebot4_node/include/turtlebot4_node/display.hpp
-- Up-to-date: /home/turtlebot4/training_code/install/turtlebot4_node/include/turtlebot4_node/service.hpp
-- Up-to-date: /home/turtlebot4/training_code/install/turtlebot4_node/share/ament_index/resource_index/package_run_dependencies/turtlebot4_node
-- Up-to-date: /home/turtlebot4/training_code/install/turtlebot4_node/share/ament_index/resource_index/parent_prefix_path/turtlebot4_node
-- Up-to-date: /home/turtlebot4/training_code/install/turtlebot4_node/share/turtlebot4_node/environment/ament_prefix_path.sh
-- Up-to-date: /home/turtlebot4/training_code/install/turtlebot4_node/share/turtlebot4_node/environment/ament_prefix_path.dsv
-- Up-to-date: /home/turtlebot4/training_code/install/turtlebot4_node/share/turtlebot4_node/environment/path.sh
-- Up-to-date: /home/turtlebot4/training_code/install/turtlebot4_node/share/turtlebot4_node/environment/path.dsv
-- Up-to-date: /home/turtlebot4/training_code/install/turtlebot4_node/share/turtlebot4_node/local_setup.bash
-- Up-to-date: /home/turtlebot4/training_code/install/turtlebot4_node/share/turtlebot4_node/local_setup.sh
-- Up-to-date: /home/turtlebot4/training_code/install/turtlebot4_node/share/turtlebot4_node/local_setup.zsh
-- Up-to-date: /home/turtlebot4/training_code/install/turtlebot4_node/share/turtlebot4_node/local_setup.dsv
-- Installing: /home/turtlebot4/training_code/install/turtlebot4_node/share/turtlebot4_node/package.dsv
-- Up-to-date: /home/turtlebot4/training_code/install/turtlebot4_node/share/ament_index/resource_index/packages/turtlebot4_node
-- Up-to-date: /home/turtlebot4/training_code/install/turtlebot4_node/share/turtlebot4_node/cmake/ament_cmake_export_include_directories-extras.cmake
-- Up-to-date: /home/turtlebot4/training_code/install/turtlebot4_node/share/turtlebot4_node/cmake/turtlebot4_nodeConfig.cmake
-- Up-to-date: /home/turtlebot4/training_code/install/turtlebot4_node/share/turtlebot4_node/cmake/turtlebot4_nodeConfig-version.cmake
-- Up-to-date: /home/turtlebot4/training_code/install/turtlebot4_node/share/turtlebot4_node/package.xml
