[2.452s] Invoking command in '/home/turtlebot4/training_code/src/path_node': PYTHONPATH=/home/turtlebot4/training_code/build/path_node/prefix_override:/usr/lib/python3/dist-packages/colcon_core/task/python/colcon_distutils_commands:/home/turtlebot4/training_code/install/path_node/lib/python3.10/site-packages:${PYTHONPATH} /usr/bin/python3 -W ignore:setup.py install is deprecated -W ignore:easy_install command is deprecated setup.py egg_info --egg-base ../../build/path_node build --build-base /home/turtlebot4/training_code/build/path_node/build install --record /home/turtlebot4/training_code/build/path_node/install.log --single-version-externally-managed install_data
[3.041s] running egg_info
[3.043s] writing ../../build/path_node/path_node.egg-info/PKG-INFO
[3.043s] writing dependency_links to ../../build/path_node/path_node.egg-info/dependency_links.txt
[3.044s] writing entry points to ../../build/path_node/path_node.egg-info/entry_points.txt
[3.045s] writing requirements to ../../build/path_node/path_node.egg-info/requires.txt
[3.045s] writing top-level names to ../../build/path_node/path_node.egg-info/top_level.txt
[3.048s] reading manifest file '../../build/path_node/path_node.egg-info/SOURCES.txt'
[3.050s] writing manifest file '../../build/path_node/path_node.egg-info/SOURCES.txt'
[3.050s] running build
[3.050s] running build_py
[3.051s] copying path_node/path_node.py -> /home/turtlebot4/training_code/build/path_node/build/lib/path_node
[3.053s] running install
[3.054s] running install_lib
[3.056s] copying /home/turtlebot4/training_code/build/path_node/build/lib/path_node/path_node.py -> /home/turtlebot4/training_code/install/path_node/lib/python3.10/site-packages/path_node
[3.057s] byte-compiling /home/turtlebot4/training_code/install/path_node/lib/python3.10/site-packages/path_node/path_node.py to path_node.cpython-310.pyc
[3.060s] running install_data
[3.060s] running install_egg_info
[3.064s] removing '/home/turtlebot4/training_code/install/path_node/lib/python3.10/site-packages/path_node-0.0.0-py3.10.egg-info' (and everything under it)
[3.066s] Copying ../../build/path_node/path_node.egg-info to /home/turtlebot4/training_code/install/path_node/lib/python3.10/site-packages/path_node-0.0.0-py3.10.egg-info
[3.068s] running install_scripts
[3.123s] Installing path_node script to /home/turtlebot4/training_code/install/path_node/lib/path_node
[3.124s] writing list of installed files to '/home/turtlebot4/training_code/build/path_node/install.log'
[3.228s] Invoked command in '/home/turtlebot4/training_code/src/path_node' returned '0': PYTHONPATH=/home/turtlebot4/training_code/build/path_node/prefix_override:/usr/lib/python3/dist-packages/colcon_core/task/python/colcon_distutils_commands:/home/turtlebot4/training_code/install/path_node/lib/python3.10/site-packages:${PYTHONPATH} /usr/bin/python3 -W ignore:setup.py install is deprecated -W ignore:easy_install command is deprecated setup.py egg_info --egg-base ../../build/path_node build --build-base /home/turtlebot4/training_code/build/path_node/build install --record /home/turtlebot4/training_code/build/path_node/install.log --single-version-externally-managed install_data
