[0.604s] Invoking command in '/home/turtlebot4/training_code/build/turtlebot4_navigation': CMAKE_PREFIX_PATH=/home/turtlebot4/ros3_ws/install/qr_track_alvar:/opt/ros/humble /usr/bin/cmake /home/turtlebot4/training_code/src/turtlebot4_navigation -DCMAKE_INSTALL_PREFIX=/home/turtlebot4/training_code/install/turtlebot4_navigation
[0.704s] -- The C compiler identification is GNU 11.4.0
[0.804s] -- The CXX compiler identification is GNU 11.4.0
[0.818s] -- Detecting C compiler ABI info
[0.945s] -- Detecting C compiler ABI info - done
[0.958s] -- Check for working C compiler: /usr/bin/cc - skipped
[0.958s] -- Detecting C compile features
[0.959s] -- Detecting C compile features - done
[0.965s] -- Detecting CXX compiler ABI info
[1.116s] -- Detecting CXX compiler ABI info - done
[1.132s] -- Check for working CXX compiler: /usr/bin/c++ - skipped
[1.132s] -- Detecting CXX compile features
[1.133s] -- Detecting CXX compile features - done
[1.137s] -- Found ament_cmake: 1.3.11 (/opt/ros/humble/share/ament_cmake/cmake)
[1.451s] -- Found Python3: /usr/bin/python3 (found version "3.10.12") found components: Interpreter 
[1.821s] -- Configuring incomplete, errors occurred!
[1.821s] See also "/home/turtlebot4/training_code/build/turtlebot4_navigation/CMakeFiles/CMakeOutput.log".
[1.822s] [31mCMake Error at /opt/ros/humble/share/ament_cmake_python/cmake/ament_python_install_package.cmake:66 (message):
[1.822s]   ament_python_install_package() the Python package folder
[1.822s]   '/home/turtlebot4/training_code/src/turtlebot4_navigation/turtlebot4_navigation'
[1.822s]   doesn't contain an '__init__.py' file
[1.822s] Call Stack (most recent call first):
[1.822s]   /opt/ros/humble/share/ament_cmake_python/cmake/ament_python_install_package.cmake:39 (_ament_cmake_python_install_package)
[1.822s]   CMakeLists.txt:27 (ament_python_install_package)
[1.823s] 
[1.823s] [0m
[1.831s] Invoked command in '/home/turtlebot4/training_code/build/turtlebot4_navigation' returned '1': CMAKE_PREFIX_PATH=/home/turtlebot4/ros3_ws/install/qr_track_alvar:/opt/ros/humble /usr/bin/cmake /home/turtlebot4/training_code/src/turtlebot4_navigation -DCMAKE_INSTALL_PREFIX=/home/turtlebot4/training_code/install/turtlebot4_navigation
