running egg_info
creating ../../build/path_node/path_node.egg-info
writing ../../build/path_node/path_node.egg-info/PKG-INFO
writing dependency_links to ../../build/path_node/path_node.egg-info/dependency_links.txt
writing entry points to ../../build/path_node/path_node.egg-info/entry_points.txt
writing requirements to ../../build/path_node/path_node.egg-info/requires.txt
writing top-level names to ../../build/path_node/path_node.egg-info/top_level.txt
writing manifest file '../../build/path_node/path_node.egg-info/SOURCES.txt'
reading manifest file '../../build/path_node/path_node.egg-info/SOURCES.txt'
writing manifest file '../../build/path_node/path_node.egg-info/SOURCES.txt'
running build
running build_py
creating /home/turtlebot4/training_code/build/path_node/build
creating /home/turtlebot4/training_code/build/path_node/build/lib
creating /home/turtlebot4/training_code/build/path_node/build/lib/path_node
copying path_node/__init__.py -> /home/turtlebot4/training_code/build/path_node/build/lib/path_node
copying path_node/path_node.py -> /home/turtlebot4/training_code/build/path_node/build/lib/path_node
running install
running install_lib
creating /home/turtlebot4/training_code/install/path_node/lib/python3.10/site-packages/path_node
copying /home/turtlebot4/training_code/build/path_node/build/lib/path_node/__init__.py -> /home/turtlebot4/training_code/install/path_node/lib/python3.10/site-packages/path_node
copying /home/turtlebot4/training_code/build/path_node/build/lib/path_node/path_node.py -> /home/turtlebot4/training_code/install/path_node/lib/python3.10/site-packages/path_node
byte-compiling /home/turtlebot4/training_code/install/path_node/lib/python3.10/site-packages/path_node/__init__.py to __init__.cpython-310.pyc
byte-compiling /home/turtlebot4/training_code/install/path_node/lib/python3.10/site-packages/path_node/path_node.py to path_node.cpython-310.pyc
running install_data
creating /home/turtlebot4/training_code/install/path_node/share/ament_index
creating /home/turtlebot4/training_code/install/path_node/share/ament_index/resource_index
creating /home/turtlebot4/training_code/install/path_node/share/ament_index/resource_index/packages
copying resource/path_node -> /home/turtlebot4/training_code/install/path_node/share/ament_index/resource_index/packages
copying package.xml -> /home/turtlebot4/training_code/install/path_node/share/path_node
running install_egg_info
Copying ../../build/path_node/path_node.egg-info to /home/turtlebot4/training_code/install/path_node/lib/python3.10/site-packages/path_node-0.0.0-py3.10.egg-info
running install_scripts
Installing path_node script to /home/turtlebot4/training_code/install/path_node/lib/path_node
writing list of installed files to '/home/turtlebot4/training_code/build/path_node/install.log'
