[0.602s] Invoking command in '/home/turtlebot4/training_code/build/turtlebot4_description': CMAKE_PREFIX_PATH=/home/turtlebot4/ros3_ws/install/qr_track_alvar:/opt/ros/humble /usr/bin/cmake /home/turtlebot4/training_code/src/turtlebot4_description -DCMAKE_INSTALL_PREFIX=/home/turtlebot4/training_code/install/turtlebot4_description
[0.699s] -- The C compiler identification is GNU 11.4.0
[0.800s] -- The CXX compiler identification is GNU 11.4.0
[0.822s] -- Detecting C compiler ABI info
[0.956s] -- Detecting C compiler ABI info - done
[0.970s] -- Check for working C compiler: /usr/bin/cc - skipped
[0.972s] -- Detecting C compile features
[0.972s] -- Detecting C compile features - done
[0.979s] -- Detecting CXX compiler ABI info
[1.135s] -- Detecting CXX compiler ABI info - done
[1.149s] -- Check for working CXX compiler: /usr/bin/c++ - skipped
[1.150s] -- Detecting CXX compile features
[1.153s] -- Detecting CXX compile features - done
[1.159s] -- Found ament_cmake: 1.3.11 (/opt/ros/humble/share/ament_cmake/cmake)
[1.480s] -- Found Python3: /usr/bin/python3 (found version "3.10.12") found components: Interpreter 
[1.686s] -- Found urdf: 2.6.1 (/opt/ros/humble/share/urdf/cmake)
[1.788s] -- Found irobot_create_description: 2.1.0 (/opt/ros/humble/share/irobot_create_description/cmake)
[1.791s] -- Found ament_lint_auto: 0.12.11 (/opt/ros/humble/share/ament_lint_auto/cmake)
[1.979s] -- Added test 'copyright' to check source files copyright and LICENSE
[1.985s] -- Added test 'flake8' to check Python code syntax and style conventions
[1.987s] -- Added test 'lint_cmake' to check CMake code style
[1.989s] -- Added test 'pep257' to check Python code against some of the docstring style conventions in PEP 257
[1.991s] -- Added test 'xmllint' to check XML markup files
[1.994s] -- Configuring done
[2.002s] -- Generating done
[2.007s] -- Build files have been written to: /home/turtlebot4/training_code/build/turtlebot4_description
