[0.597s] Invoking command in '/home/turtlebot4/training_code/build/turtlebot4_navigation': CMAKE_PREFIX_PATH=/home/turtlebot4/ros3_ws/install/qr_track_alvar:/opt/ros/humble /usr/bin/cmake /home/turtlebot4/training_code/src/turtlebot4_navigation -DCMAKE_INSTALL_PREFIX=/home/turtlebot4/training_code/install/turtlebot4_navigation
[0.620s] -- Found ament_cmake: 1.3.11 (/opt/ros/humble/share/ament_cmake/cmake)
[1.027s] -- Found ament_lint_auto: 0.12.11 (/opt/ros/humble/share/ament_lint_auto/cmake)
[1.199s] -- Added test 'copyright' to check source files copyright and LICENSE
[1.205s] -- Added test 'flake8' to check Python code syntax and style conventions
[1.207s] -- Added test 'lint_cmake' to check CMake code style
[1.207s] -- Added test 'pep257' to check Python code against some of the docstring style conventions in PEP 257
[1.210s] -- Added test 'xmllint' to check XML markup files
[1.212s] -- Configuring done
[1.222s] -- Generating done
[1.226s] -- Build files have been written to: /home/turtlebot4/training_code/build/turtlebot4_navigation
[1.232s] Invoked command in '/home/turtlebot4/training_code/build/turtlebot4_navigation' returned '0': CMAKE_PREFIX_PATH=/home/turtlebot4/ros3_ws/install/qr_track_alvar:/opt/ros/humble /usr/bin/cmake /home/turtlebot4/training_code/src/turtlebot4_navigation -DCMAKE_INSTALL_PREFIX=/home/turtlebot4/training_code/install/turtlebot4_navigation
[1.235s] Invoking command in '/home/turtlebot4/training_code/build/turtlebot4_navigation': CMAKE_PREFIX_PATH=/home/turtlebot4/ros3_ws/install/qr_track_alvar:/opt/ros/humble /usr/bin/cmake --build /home/turtlebot4/training_code/build/turtlebot4_navigation -- -j8 -l8
[1.277s] -- Found ament_cmake: 1.3.11 (/opt/ros/humble/share/ament_cmake/cmake)
[1.696s] -- Found ament_lint_auto: 0.12.11 (/opt/ros/humble/share/ament_lint_auto/cmake)
[1.847s] -- Added test 'copyright' to check source files copyright and LICENSE
[1.852s] -- Added test 'flake8' to check Python code syntax and style conventions
[1.853s] -- Added test 'lint_cmake' to check CMake code style
[1.854s] -- Added test 'pep257' to check Python code against some of the docstring style conventions in PEP 257
[1.856s] -- Added test 'xmllint' to check XML markup files
[1.858s] -- Configuring done
[1.866s] -- Generating done
[1.871s] -- Build files have been written to: /home/turtlebot4/training_code/build/turtlebot4_navigation
[1.940s] Built target ament_cmake_python_copy_turtlebot4_navigation
[2.474s] running egg_info
[2.475s] creating turtlebot4_navigation.egg-info
[2.475s] writing turtlebot4_navigation.egg-info/PKG-INFO
[2.476s] writing dependency_links to turtlebot4_navigation.egg-info/dependency_links.txt
[2.476s] writing top-level names to turtlebot4_navigation.egg-info/top_level.txt
[2.477s] writing manifest file 'turtlebot4_navigation.egg-info/SOURCES.txt'
[2.481s] reading manifest file 'turtlebot4_navigation.egg-info/SOURCES.txt'
[2.482s] writing manifest file 'turtlebot4_navigation.egg-info/SOURCES.txt'
[2.548s] Built target ament_cmake_python_build_turtlebot4_navigation_egg
