running egg_info
creating ../../build/qr_track_alvar/qr_track_alvar.egg-info
writing ../../build/qr_track_alvar/qr_track_alvar.egg-info/PKG-INFO
writing dependency_links to ../../build/qr_track_alvar/qr_track_alvar.egg-info/dependency_links.txt
writing entry points to ../../build/qr_track_alvar/qr_track_alvar.egg-info/entry_points.txt
writing requirements to ../../build/qr_track_alvar/qr_track_alvar.egg-info/requires.txt
writing top-level names to ../../build/qr_track_alvar/qr_track_alvar.egg-info/top_level.txt
writing manifest file '../../build/qr_track_alvar/qr_track_alvar.egg-info/SOURCES.txt'
reading manifest file '../../build/qr_track_alvar/qr_track_alvar.egg-info/SOURCES.txt'
writing manifest file '../../build/qr_track_alvar/qr_track_alvar.egg-info/SOURCES.txt'
running build
running build_py
creating /home/turtlebot4/training_code/build/qr_track_alvar/build
creating /home/turtlebot4/training_code/build/qr_track_alvar/build/lib
creating /home/turtlebot4/training_code/build/qr_track_alvar/build/lib/qr_track_alvar
copying qr_track_alvar/decodeimg.py -> /home/turtlebot4/training_code/build/qr_track_alvar/build/lib/qr_track_alvar
copying qr_track_alvar/qr_track_alvar.py -> /home/turtlebot4/training_code/build/qr_track_alvar/build/lib/qr_track_alvar
running install
running install_lib
creating /home/turtlebot4/training_code/install/qr_track_alvar/lib/python3.10/site-packages/qr_track_alvar
copying /home/turtlebot4/training_code/build/qr_track_alvar/build/lib/qr_track_alvar/decodeimg.py -> /home/turtlebot4/training_code/install/qr_track_alvar/lib/python3.10/site-packages/qr_track_alvar
copying /home/turtlebot4/training_code/build/qr_track_alvar/build/lib/qr_track_alvar/qr_track_alvar.py -> /home/turtlebot4/training_code/install/qr_track_alvar/lib/python3.10/site-packages/qr_track_alvar
byte-compiling /home/turtlebot4/training_code/install/qr_track_alvar/lib/python3.10/site-packages/qr_track_alvar/decodeimg.py to decodeimg.cpython-310.pyc
byte-compiling /home/turtlebot4/training_code/install/qr_track_alvar/lib/python3.10/site-packages/qr_track_alvar/qr_track_alvar.py to qr_track_alvar.cpython-310.pyc
running install_data
creating /home/turtlebot4/training_code/install/qr_track_alvar/share/ament_index
creating /home/turtlebot4/training_code/install/qr_track_alvar/share/ament_index/resource_index
creating /home/turtlebot4/training_code/install/qr_track_alvar/share/ament_index/resource_index/packages
