[0.019s] Invoking command in '/home/turtlebot4/training_code/build/turtlebot4_node': AMENT_PREFIX_PATH=/home/turtlebot4/training_code/install/turtlebot4_msgs:${AMENT_PREFIX_PATH} CMAKE_PREFIX_PATH=/home/turtlebot4/training_code/install/turtlebot4_msgs:/home/turtlebot4/ros3_ws/install/qr_track_alvar:/opt/ros/humble LD_LIBRARY_PATH=/home/turtlebot4/training_code/install/turtlebot4_msgs/lib:${LD_LIBRARY_PATH} PYTHONPATH=/home/turtlebot4/training_code/install/turtlebot4_msgs/local/lib/python3.10/dist-packages:${PYTHONPATH} /usr/bin/cmake --build /home/turtlebot4/training_code/build/turtlebot4_node -- -j8 -l8
[0.078s] -- Found ament_cmake: 1.3.11 (/opt/ros/humble/share/ament_cmake/cmake)
[0.336s] -- Found rclcpp: 16.0.11 (/opt/ros/humble/share/rclcpp/cmake)
[0.394s] -- Found rosidl_generator_c: 3.1.6 (/opt/ros/humble/share/rosidl_generator_c/cmake)
[0.398s] -- Found rosidl_adapter: 3.1.6 (/opt/ros/humble/share/rosidl_adapter/cmake)
[0.409s] -- Found rosidl_generator_cpp: 3.1.6 (/opt/ros/humble/share/rosidl_generator_cpp/cmake)
[0.427s] -- Using all available rosidl_typesupport_c: rosidl_typesupport_fastrtps_c;rosidl_typesupport_introspection_c
[0.451s] -- Using all available rosidl_typesupport_cpp: rosidl_typesupport_fastrtps_cpp;rosidl_typesupport_introspection_cpp
[0.522s] -- Found rmw_implementation_cmake: 6.1.2 (/opt/ros/humble/share/rmw_implementation_cmake/cmake)
[0.526s] -- Found rmw_fastrtps_cpp: 6.2.7 (/opt/ros/humble/share/rmw_fastrtps_cpp/cmake)
[0.756s] -- Using RMW implementation 'rmw_fastrtps_cpp' as default
[0.881s] -- Found rclcpp_action: 16.0.11 (/opt/ros/humble/share/rclcpp_action/cmake)
[0.960s] -- Found std_srvs: 4.2.4 (/opt/ros/humble/share/std_srvs/cmake)
[0.981s] -- Found sensor_msgs: 4.2.4 (/opt/ros/humble/share/sensor_msgs/cmake)
[1.047s] -- Found irobot_create_msgs: 2.1.0 (/opt/ros/humble/share/irobot_create_msgs/cmake)
[1.089s] -- Found turtlebot4_msgs: 1.0.5 (/home/turtlebot4/training_code/install/turtlebot4_msgs/share/turtlebot4_msgs/cmake)
[1.117s] -- Found ament_lint_auto: 0.12.11 (/opt/ros/humble/share/ament_lint_auto/cmake)
[1.268s] -- Added test 'cppcheck' to perform static code analysis on C / C++ code
[1.268s] -- Configured cppcheck include dirs: /home/turtlebot4/training_code/src/turtlebot4_node/include
[1.269s] -- Configured cppcheck exclude dirs and/or files: 
[1.271s] -- Added test 'cpplint' to check C / C++ code against the Google style
[1.271s] -- Configured cpplint exclude dirs and/or files: 
[1.272s] -- Added test 'lint_cmake' to check CMake code style
[1.275s] -- Added test 'uncrustify' to check C / C++ code style
[1.275s] -- Configured uncrustify additional arguments: 
[1.276s] -- Added test 'xmllint' to check XML markup files
[1.280s] -- Configuring done
[1.319s] -- Generating done
[1.331s] -- Build files have been written to: /home/turtlebot4/training_code/build/turtlebot4_node
[1.396s] [35m[1mConsolidate compiler generated dependencies of target turtlebot4_node_lib[0m
[1.470s] [ 12%] [32mBuilding CXX object CMakeFiles/turtlebot4_node_lib.dir/src/main.cpp.o[0m
[1.470s] [ 25%] [32mBuilding CXX object CMakeFiles/turtlebot4_node_lib.dir/src/turtlebot4.cpp.o[0m
[1.473s] [ 50%] [32mBuilding CXX object CMakeFiles/turtlebot4_node_lib.dir/src/display.cpp.o[0m
[1.473s] [ 50%] [32mBuilding CXX object CMakeFiles/turtlebot4_node_lib.dir/src/buttons.cpp.o[0m
[1.473s] [ 62%] [32mBuilding CXX object CMakeFiles/turtlebot4_node_lib.dir/src/leds.cpp.o[0m
[54.441s] [ 75%] [32m[1mLinking CXX static library libturtlebot4_node_lib.a[0m
[56.026s] [ 75%] Built target turtlebot4_node_lib
[56.082s] [35m[1mConsolidate compiler generated dependencies of target turtlebot4_node[0m
[56.120s] [ 87%] [32mBuilding CXX object CMakeFiles/turtlebot4_node.dir/src/main.cpp.o[0m
[67.618s] [100%] [32m[1mLinking CXX executable turtlebot4_node[0m
[72.941s] [100%] Built target turtlebot4_node
[72.963s] Invoked command in '/home/turtlebot4/training_code/build/turtlebot4_node' returned '0': AMENT_PREFIX_PATH=/home/turtlebot4/training_code/install/turtlebot4_msgs:${AMENT_PREFIX_PATH} CMAKE_PREFIX_PATH=/home/turtlebot4/training_code/install/turtlebot4_msgs:/home/turtlebot4/ros3_ws/install/qr_track_alvar:/opt/ros/humble LD_LIBRARY_PATH=/home/turtlebot4/training_code/install/turtlebot4_msgs/lib:${LD_LIBRARY_PATH} PYTHONPATH=/home/turtlebot4/training_code/install/turtlebot4_msgs/local/lib/python3.10/dist-packages:${PYTHONPATH} /usr/bin/cmake --build /home/turtlebot4/training_code/build/turtlebot4_node -- -j8 -l8
[72.968s] Invoking command in '/home/turtlebot4/training_code/build/turtlebot4_node': AMENT_PREFIX_PATH=/home/turtlebot4/training_code/install/turtlebot4_msgs:${AMENT_PREFIX_PATH} CMAKE_PREFIX_PATH=/home/turtlebot4/training_code/install/turtlebot4_msgs:/home/turtlebot4/ros3_ws/install/qr_track_alvar:/opt/ros/humble LD_LIBRARY_PATH=/home/turtlebot4/training_code/install/turtlebot4_msgs/lib:${LD_LIBRARY_PATH} PYTHONPATH=/home/turtlebot4/training_code/install/turtlebot4_msgs/local/lib/python3.10/dist-packages:${PYTHONPATH} /usr/bin/cmake --install /home/turtlebot4/training_code/build/turtlebot4_node
[72.981s] -- Install configuration: ""
[72.981s] -- Installing: /home/turtlebot4/training_code/install/turtlebot4_node/lib/turtlebot4_node/turtlebot4_node
[73.027s] -- Set runtime path of "/home/turtlebot4/training_code/install/turtlebot4_node/lib/turtlebot4_node/turtlebot4_node" to ""
[73.027s] -- Up-to-date: /home/turtlebot4/training_code/install/turtlebot4_node/include
[73.027s] -- Up-to-date: /home/turtlebot4/training_code/install/turtlebot4_node/include/turtlebot4_node
[73.027s] -- Up-to-date: /home/turtlebot4/training_code/install/turtlebot4_node/include/turtlebot4_node/utils.hpp
[73.028s] -- Up-to-date: /home/turtlebot4/training_code/install/turtlebot4_node/include/turtlebot4_node/action.hpp
[73.028s] -- Up-to-date: /home/turtlebot4/training_code/install/turtlebot4_node/include/turtlebot4_node/leds.hpp
[73.028s] -- Up-to-date: /home/turtlebot4/training_code/install/turtlebot4_node/include/turtlebot4_node/buttons.hpp
[73.028s] -- Up-to-date: /home/turtlebot4/training_code/install/turtlebot4_node/include/turtlebot4_node/turtlebot4.hpp
[73.028s] -- Up-to-date: /home/turtlebot4/training_code/install/turtlebot4_node/include/turtlebot4_node/display.hpp
[73.028s] -- Up-to-date: /home/turtlebot4/training_code/install/turtlebot4_node/include/turtlebot4_node/service.hpp
[73.028s] -- Up-to-date: /home/turtlebot4/training_code/install/turtlebot4_node/share/ament_index/resource_index/package_run_dependencies/turtlebot4_node
[73.029s] -- Up-to-date: /home/turtlebot4/training_code/install/turtlebot4_node/share/ament_index/resource_index/parent_prefix_path/turtlebot4_node
[73.029s] -- Up-to-date: /home/turtlebot4/training_code/install/turtlebot4_node/share/turtlebot4_node/environment/ament_prefix_path.sh
[73.029s] -- Installing: /home/turtlebot4/training_code/install/turtlebot4_node/share/turtlebot4_node/environment/ament_prefix_path.dsv
[73.029s] -- Up-to-date: /home/turtlebot4/training_code/install/turtlebot4_node/share/turtlebot4_node/environment/path.sh
[73.029s] -- Installing: /home/turtlebot4/training_code/install/turtlebot4_node/share/turtlebot4_node/environment/path.dsv
[73.029s] -- Up-to-date: /home/turtlebot4/training_code/install/turtlebot4_node/share/turtlebot4_node/local_setup.bash
[73.030s] -- Up-to-date: /home/turtlebot4/training_code/install/turtlebot4_node/share/turtlebot4_node/local_setup.sh
[73.030s] -- Up-to-date: /home/turtlebot4/training_code/install/turtlebot4_node/share/turtlebot4_node/local_setup.zsh
[73.030s] -- Installing: /home/turtlebot4/training_code/install/turtlebot4_node/share/turtlebot4_node/local_setup.dsv
[73.030s] -- Installing: /home/turtlebot4/training_code/install/turtlebot4_node/share/turtlebot4_node/package.dsv
[73.030s] -- Up-to-date: /home/turtlebot4/training_code/install/turtlebot4_node/share/ament_index/resource_index/packages/turtlebot4_node
[73.030s] -- Up-to-date: /home/turtlebot4/training_code/install/turtlebot4_node/share/turtlebot4_node/cmake/ament_cmake_export_include_directories-extras.cmake
[73.030s] -- Up-to-date: /home/turtlebot4/training_code/install/turtlebot4_node/share/turtlebot4_node/cmake/turtlebot4_nodeConfig.cmake
[73.030s] -- Up-to-date: /home/turtlebot4/training_code/install/turtlebot4_node/share/turtlebot4_node/cmake/turtlebot4_nodeConfig-version.cmake
[73.031s] -- Up-to-date: /home/turtlebot4/training_code/install/turtlebot4_node/share/turtlebot4_node/package.xml
[73.034s] Invoked command in '/home/turtlebot4/training_code/build/turtlebot4_node' returned '0': AMENT_PREFIX_PATH=/home/turtlebot4/training_code/install/turtlebot4_msgs:${AMENT_PREFIX_PATH} CMAKE_PREFIX_PATH=/home/turtlebot4/training_code/install/turtlebot4_msgs:/home/turtlebot4/ros3_ws/install/qr_track_alvar:/opt/ros/humble LD_LIBRARY_PATH=/home/turtlebot4/training_code/install/turtlebot4_msgs/lib:${LD_LIBRARY_PATH} PYTHONPATH=/home/turtlebot4/training_code/install/turtlebot4_msgs/local/lib/python3.10/dist-packages:${PYTHONPATH} /usr/bin/cmake --install /home/turtlebot4/training_code/build/turtlebot4_node
